[0.021s] Invoking command in '/u/97/habibip1/unix/ros2_ws/src/regnonrep/build/regnonrep': CMAKE_PREFIX_PATH=/u/97/habibip1/unix/ros2_ws/install/regnonrep:/u/97/habibip1/unix/turtlebot3_ws/install/turtlebot3_navigation2:/u/97/habibip1/unix/turtlebot3_ws/install/turtlebot3_msgs:/u/97/habibip1/unix/turtlebot3_ws/install/turtlebot3_manipulation_gazebo:/u/97/habibip1/unix/turtlebot3_ws/install/turtlebot3_gazebo:/u/97/habibip1/unix/turtlebot3_ws/install/turtlebot3_description:/u/97/habibip1/unix/turtlebot3_ws/install/turtlebot3_cartographer:/u/97/habibip1/unix/turtlebot3_ws/install/sam_bot_description:/u/97/habibip1/unix/turtlebot3_ws/install/nav2_straightline_planner:/u/97/habibip1/unix/turtlebot3_ws/install/nav2_pure_pursuit_controller:/u/97/habibip1/unix/turtlebot3_ws/install/nav2_minimal_tb4_sim:/u/97/habibip1/unix/turtlebot3_ws/install/nav2_minimal_tb4_description:/u/97/habibip1/unix/turtlebot3_ws/install/nav2_gradient_costmap_plugin:/u/97/habibip1/unix/turtlebot3_ws/install/nav2_costmap_filters_demo:/u/97/habibip1/unix/turtlebot3_ws/install/mapviz_interfaces:/u/97/habibip1/unix/turtlebot3_ws/install/fast_lio:/u/97/habibip1/unix/turtlebot3_ws/install/lio_sam:/u/97/habibip1/unix/turtlebot3_ws/install/kinematic_icp:/u/97/habibip1/unix/turtlebot3_ws/install/dynamixel_sdk_custom_interfaces:/u/97/habibip1/unix/turtlebot3_ws/install/dynamixel_sdk:/u/97/habibip1/unix/turtlebot3_ws/install/direct_lidar_inertial_odometry:/u/97/habibip1/unix/turtlebot3_ws/install/turtlebot3_teleop:/u/97/habibip1/unix/turtlebot3_ws/install/turtlebot3_example:/u/97/habibip1/unix/turtlebot3_ws/install/nav2_minimal_tb3_sim:/u/97/habibip1/unix/smeak_ws/install/rovesugv_navsim:/opt/ros/humble:/u/97/habibip1/unix/smeak_ws/install/road_nav_interfaces:/u/97/habibip1/unix/turtlebot3_ws/src/ws_livox/install/livox_ros_driver2 /u/97/habibip1/unix/.local/bin/cmake --build /u/97/habibip1/unix/ros2_ws/src/regnonrep/build/regnonrep -- -j12 -l12
[0.179s] CMake Deprecation Warning at CMakeLists.txt:1 (cmake_minimum_required):
[0.179s]   Compatibility with CMake < 3.10 will be removed from a future version of
[0.179s]   CMake.
[0.179s] 
[0.179s]   Update the VERSION argument <min> value.  Or, use the <min>...<max> syntax
[0.180s]   to tell CMake that the project requires at least <min> but has been updated
[0.180s]   to work with policies introduced by <max> or earlier.
[0.180s] 
[0.180s] 
[0.200s] -- Found ament_cmake: 1.3.13 (/opt/ros/humble/share/ament_cmake/cmake)
[0.724s] -- Found rclpy: 3.3.20 (/opt/ros/humble/share/rclpy/cmake)
[0.724s] -- Found sensor_msgs: 4.9.1 (/opt/ros/humble/share/sensor_msgs/cmake)
[0.804s] -- Found rosidl_generator_c: 3.1.8 (/opt/ros/humble/share/rosidl_generator_c/cmake)
[0.811s] -- Found rosidl_adapter: 3.1.8 (/opt/ros/humble/share/rosidl_adapter/cmake)
[0.828s] -- Found rosidl_generator_cpp: 3.1.8 (/opt/ros/humble/share/rosidl_generator_cpp/cmake)
[0.854s] -- Using all available rosidl_typesupport_c: rosidl_typesupport_fastrtps_c;rosidl_typesupport_introspection_c
[0.888s] -- Using all available rosidl_typesupport_cpp: rosidl_typesupport_fastrtps_cpp;rosidl_typesupport_introspection_cpp
[1.149s] -- Configuring done (1.0s)
[1.164s] -- Generating done (0.0s)
[1.186s] -- Build files have been written to: /u/97/habibip1/unix/ros2_ws/src/regnonrep/build/regnonrep
[1.210s] Invoked command in '/u/97/habibip1/unix/ros2_ws/src/regnonrep/build/regnonrep' returned '0': CMAKE_PREFIX_PATH=/u/97/habibip1/unix/ros2_ws/install/regnonrep:/u/97/habibip1/unix/turtlebot3_ws/install/turtlebot3_navigation2:/u/97/habibip1/unix/turtlebot3_ws/install/turtlebot3_msgs:/u/97/habibip1/unix/turtlebot3_ws/install/turtlebot3_manipulation_gazebo:/u/97/habibip1/unix/turtlebot3_ws/install/turtlebot3_gazebo:/u/97/habibip1/unix/turtlebot3_ws/install/turtlebot3_description:/u/97/habibip1/unix/turtlebot3_ws/install/turtlebot3_cartographer:/u/97/habibip1/unix/turtlebot3_ws/install/sam_bot_description:/u/97/habibip1/unix/turtlebot3_ws/install/nav2_straightline_planner:/u/97/habibip1/unix/turtlebot3_ws/install/nav2_pure_pursuit_controller:/u/97/habibip1/unix/turtlebot3_ws/install/nav2_minimal_tb4_sim:/u/97/habibip1/unix/turtlebot3_ws/install/nav2_minimal_tb4_description:/u/97/habibip1/unix/turtlebot3_ws/install/nav2_gradient_costmap_plugin:/u/97/habibip1/unix/turtlebot3_ws/install/nav2_costmap_filters_demo:/u/97/habibip1/unix/turtlebot3_ws/install/mapviz_interfaces:/u/97/habibip1/unix/turtlebot3_ws/install/fast_lio:/u/97/habibip1/unix/turtlebot3_ws/install/lio_sam:/u/97/habibip1/unix/turtlebot3_ws/install/kinematic_icp:/u/97/habibip1/unix/turtlebot3_ws/install/dynamixel_sdk_custom_interfaces:/u/97/habibip1/unix/turtlebot3_ws/install/dynamixel_sdk:/u/97/habibip1/unix/turtlebot3_ws/install/direct_lidar_inertial_odometry:/u/97/habibip1/unix/turtlebot3_ws/install/turtlebot3_teleop:/u/97/habibip1/unix/turtlebot3_ws/install/turtlebot3_example:/u/97/habibip1/unix/turtlebot3_ws/install/nav2_minimal_tb3_sim:/u/97/habibip1/unix/smeak_ws/install/rovesugv_navsim:/opt/ros/humble:/u/97/habibip1/unix/smeak_ws/install/road_nav_interfaces:/u/97/habibip1/unix/turtlebot3_ws/src/ws_livox/install/livox_ros_driver2 /u/97/habibip1/unix/.local/bin/cmake --build /u/97/habibip1/unix/ros2_ws/src/regnonrep/build/regnonrep -- -j12 -l12
[1.389s] Invoking command in '/u/97/habibip1/unix/ros2_ws/src/regnonrep/build/regnonrep': CMAKE_PREFIX_PATH=/u/97/habibip1/unix/ros2_ws/install/regnonrep:/u/97/habibip1/unix/turtlebot3_ws/install/turtlebot3_navigation2:/u/97/habibip1/unix/turtlebot3_ws/install/turtlebot3_msgs:/u/97/habibip1/unix/turtlebot3_ws/install/turtlebot3_manipulation_gazebo:/u/97/habibip1/unix/turtlebot3_ws/install/turtlebot3_gazebo:/u/97/habibip1/unix/turtlebot3_ws/install/turtlebot3_description:/u/97/habibip1/unix/turtlebot3_ws/install/turtlebot3_cartographer:/u/97/habibip1/unix/turtlebot3_ws/install/sam_bot_description:/u/97/habibip1/unix/turtlebot3_ws/install/nav2_straightline_planner:/u/97/habibip1/unix/turtlebot3_ws/install/nav2_pure_pursuit_controller:/u/97/habibip1/unix/turtlebot3_ws/install/nav2_minimal_tb4_sim:/u/97/habibip1/unix/turtlebot3_ws/install/nav2_minimal_tb4_description:/u/97/habibip1/unix/turtlebot3_ws/install/nav2_gradient_costmap_plugin:/u/97/habibip1/unix/turtlebot3_ws/install/nav2_costmap_filters_demo:/u/97/habibip1/unix/turtlebot3_ws/install/mapviz_interfaces:/u/97/habibip1/unix/turtlebot3_ws/install/fast_lio:/u/97/habibip1/unix/turtlebot3_ws/install/lio_sam:/u/97/habibip1/unix/turtlebot3_ws/install/kinematic_icp:/u/97/habibip1/unix/turtlebot3_ws/install/dynamixel_sdk_custom_interfaces:/u/97/habibip1/unix/turtlebot3_ws/install/dynamixel_sdk:/u/97/habibip1/unix/turtlebot3_ws/install/direct_lidar_inertial_odometry:/u/97/habibip1/unix/turtlebot3_ws/install/turtlebot3_teleop:/u/97/habibip1/unix/turtlebot3_ws/install/turtlebot3_example:/u/97/habibip1/unix/turtlebot3_ws/install/nav2_minimal_tb3_sim:/u/97/habibip1/unix/smeak_ws/install/rovesugv_navsim:/opt/ros/humble:/u/97/habibip1/unix/smeak_ws/install/road_nav_interfaces:/u/97/habibip1/unix/turtlebot3_ws/src/ws_livox/install/livox_ros_driver2 /u/97/habibip1/unix/.local/bin/cmake --install /u/97/habibip1/unix/ros2_ws/src/regnonrep/build/regnonrep
[1.551s] -- Install configuration: ""
[1.552s] -- Up-to-date: /u/97/habibip1/unix/ros2_ws/src/regnonrep/install/regnonrep/lib/regnonrep/ros_non_rep.py
[1.552s] -- Up-to-date: /u/97/habibip1/unix/ros2_ws/src/regnonrep/install/regnonrep/lib/regnonrep/ros_lio.py
[1.552s] -- Up-to-date: /u/97/habibip1/unix/ros2_ws/src/regnonrep/install/regnonrep/lib/regnonrep/Pctools.py
[1.552s] -- Up-to-date: /u/97/habibip1/unix/ros2_ws/src/regnonrep/install/regnonrep/lib/regnonrep/odom_to_tum.py
[1.553s] -- Installing: /u/97/habibip1/unix/ros2_ws/src/regnonrep/install/regnonrep/lib/regnonrep/csv_to_tum.py
[1.553s] -- Up-to-date: /u/97/habibip1/unix/ros2_ws/src/regnonrep/install/regnonrep/share/regnonrep/config
[1.553s] -- Up-to-date: /u/97/habibip1/unix/ros2_ws/src/regnonrep/install/regnonrep/share/regnonrep/config/lio.yaml
[1.554s] -- Up-to-date: /u/97/habibip1/unix/ros2_ws/src/regnonrep/install/regnonrep/share/regnonrep/config/non_rep_lidar.yaml
[1.554s] -- Up-to-date: /u/97/habibip1/unix/ros2_ws/src/regnonrep/install/regnonrep/share/regnonrep/config/lio_tier_avia.yaml
[1.554s] -- Up-to-date: /u/97/habibip1/unix/ros2_ws/src/regnonrep/install/regnonrep/share/regnonrep/launch
[1.554s] -- Up-to-date: /u/97/habibip1/unix/ros2_ws/src/regnonrep/install/regnonrep/share/regnonrep/launch/non_rep_lidar.launch.py
[1.554s] -- Up-to-date: /u/97/habibip1/unix/ros2_ws/src/regnonrep/install/regnonrep/share/regnonrep/launch/lio_tier.launch.py
[1.554s] -- Up-to-date: /u/97/habibip1/unix/ros2_ws/src/regnonrep/install/regnonrep/share/regnonrep/launch/lio.launch.py
[1.555s] -- Up-to-date: /u/97/habibip1/unix/ros2_ws/src/regnonrep/install/regnonrep/share/ament_index/resource_index/package_run_dependencies/regnonrep
[1.555s] -- Up-to-date: /u/97/habibip1/unix/ros2_ws/src/regnonrep/install/regnonrep/share/ament_index/resource_index/parent_prefix_path/regnonrep
[1.555s] -- Up-to-date: /u/97/habibip1/unix/ros2_ws/src/regnonrep/install/regnonrep/share/regnonrep/environment/ament_prefix_path.sh
[1.555s] -- Installing: /u/97/habibip1/unix/ros2_ws/src/regnonrep/install/regnonrep/share/regnonrep/environment/ament_prefix_path.dsv
[1.555s] -- Up-to-date: /u/97/habibip1/unix/ros2_ws/src/regnonrep/install/regnonrep/share/regnonrep/environment/path.sh
[1.556s] -- Installing: /u/97/habibip1/unix/ros2_ws/src/regnonrep/install/regnonrep/share/regnonrep/environment/path.dsv
[1.556s] -- Up-to-date: /u/97/habibip1/unix/ros2_ws/src/regnonrep/install/regnonrep/share/regnonrep/local_setup.bash
[1.556s] -- Up-to-date: /u/97/habibip1/unix/ros2_ws/src/regnonrep/install/regnonrep/share/regnonrep/local_setup.sh
[1.559s] -- Up-to-date: /u/97/habibip1/unix/ros2_ws/src/regnonrep/install/regnonrep/share/regnonrep/local_setup.zsh
[1.559s] -- Installing: /u/97/habibip1/unix/ros2_ws/src/regnonrep/install/regnonrep/share/regnonrep/local_setup.dsv
[1.559s] -- Installing: /u/97/habibip1/unix/ros2_ws/src/regnonrep/install/regnonrep/share/regnonrep/package.dsv
[1.559s] -- Up-to-date: /u/97/habibip1/unix/ros2_ws/src/regnonrep/install/regnonrep/share/ament_index/resource_index/packages/regnonrep
[1.560s] -- Up-to-date: /u/97/habibip1/unix/ros2_ws/src/regnonrep/install/regnonrep/share/regnonrep/cmake/regnonrepConfig.cmake
[1.560s] -- Up-to-date: /u/97/habibip1/unix/ros2_ws/src/regnonrep/install/regnonrep/share/regnonrep/cmake/regnonrepConfig-version.cmake
[1.560s] -- Up-to-date: /u/97/habibip1/unix/ros2_ws/src/regnonrep/install/regnonrep/share/regnonrep/package.xml
[1.561s] Invoked command in '/u/97/habibip1/unix/ros2_ws/src/regnonrep/build/regnonrep' returned '0': CMAKE_PREFIX_PATH=/u/97/habibip1/unix/ros2_ws/install/regnonrep:/u/97/habibip1/unix/turtlebot3_ws/install/turtlebot3_navigation2:/u/97/habibip1/unix/turtlebot3_ws/install/turtlebot3_msgs:/u/97/habibip1/unix/turtlebot3_ws/install/turtlebot3_manipulation_gazebo:/u/97/habibip1/unix/turtlebot3_ws/install/turtlebot3_gazebo:/u/97/habibip1/unix/turtlebot3_ws/install/turtlebot3_description:/u/97/habibip1/unix/turtlebot3_ws/install/turtlebot3_cartographer:/u/97/habibip1/unix/turtlebot3_ws/install/sam_bot_description:/u/97/habibip1/unix/turtlebot3_ws/install/nav2_straightline_planner:/u/97/habibip1/unix/turtlebot3_ws/install/nav2_pure_pursuit_controller:/u/97/habibip1/unix/turtlebot3_ws/install/nav2_minimal_tb4_sim:/u/97/habibip1/unix/turtlebot3_ws/install/nav2_minimal_tb4_description:/u/97/habibip1/unix/turtlebot3_ws/install/nav2_gradient_costmap_plugin:/u/97/habibip1/unix/turtlebot3_ws/install/nav2_costmap_filters_demo:/u/97/habibip1/unix/turtlebot3_ws/install/mapviz_interfaces:/u/97/habibip1/unix/turtlebot3_ws/install/fast_lio:/u/97/habibip1/unix/turtlebot3_ws/install/lio_sam:/u/97/habibip1/unix/turtlebot3_ws/install/kinematic_icp:/u/97/habibip1/unix/turtlebot3_ws/install/dynamixel_sdk_custom_interfaces:/u/97/habibip1/unix/turtlebot3_ws/install/dynamixel_sdk:/u/97/habibip1/unix/turtlebot3_ws/install/direct_lidar_inertial_odometry:/u/97/habibip1/unix/turtlebot3_ws/install/turtlebot3_teleop:/u/97/habibip1/unix/turtlebot3_ws/install/turtlebot3_example:/u/97/habibip1/unix/turtlebot3_ws/install/nav2_minimal_tb3_sim:/u/97/habibip1/unix/smeak_ws/install/rovesugv_navsim:/opt/ros/humble:/u/97/habibip1/unix/smeak_ws/install/road_nav_interfaces:/u/97/habibip1/unix/turtlebot3_ws/src/ws_livox/install/livox_ros_driver2 /u/97/habibip1/unix/.local/bin/cmake --install /u/97/habibip1/unix/ros2_ws/src/regnonrep/build/regnonrep
