[INFO] [1781525397.999312415] [lio_node_v2]: [debug] Writing per-scan CSV → /u/97/habibip1/unix/ros2_ws/src/regnonrep/tum/run3/v2.csv
/u/97/habibip1/unix/.local/lib/python3.10/site-packages/matplotlib/projections/__init__.py:63: UserWarning: Unable to import Axes3D. This may be due to multiple versions of Matplotlib being installed (e.g. as a system package and as a pip package). As a result, the 3D projection is not available.
  warnings.warn("Unable to import Axes3D. This may be due to multiple versions of "
[INFO] [1781525398.176087469] [lio_node_v2]: Using Pctools.apply_gicp_with_init_full (H matrix)
[INFO] [1781525398.180091114] [lio_node_v2]: === LIO Node (Non-Rep + iESKF Point-LIO style) ===
[INFO] [1781525398.180262758] [lio_node_v2]: lidar=/avia/livox/points  use_imu=True
[INFO] [1781525398.180413909] [lio_node_v2]: imu=/avia/livox/imu  accel_scale=9.81  σ_gyro=0.001  σ_accel=0.01  σ_bg=0.0001  σ_ba=0.001
[INFO] [1781525398.180559727] [lio_node_v2]: IIR filter: 2nd-order Butterworth LP, cutoff=25 Hz, approx group_delay=20 ms (was 100 ms with 41-tap FIR), propagation at full 200 Hz
[INFO] [1781525398.181554336] [lio_node_v2]: === LIO Node V2 (18-DOF IESKF18, Super-LIO ports) ===
[INFO] [1781525398.181722365] [lio_node_v2]:   Gravity in state:           online estimation, norm-constrained
[INFO] [1781525398.181896933] [lio_node_v2]:   Update form:                information-form (A = P⁻¹ + HᵀV⁻¹H)
[INFO] [1781525398.182049677] [lio_node_v2]:   Propagation:                right-Jacobian J_r, midpoint integration
[INFO] [1781525398.182201363] [lio_node_v2]:   level_init:                 True  (gravity-aligned world frame)
[INFO] [1781525398.182345191] [lio_node_v2]:   imu_auto_scale:             True
[INFO] [1781525398.182493438] [lio_node_v2]:   undistort_translation:      True
[INFO] [1781525398.182634771] [lio_node_v2]:   init_g_cov:                 0.01
[INFO] [1781525398.182779465] [lio_node_v2]:   ieskf_sigma_gyro/accel:     0.001 / 0.01
[INFO] [1781525402.797334166] [lio_node_v2]: Static init complete — g_world=[0.000, 0.000, 9.810] norm=9.810 m/s²  |  gyro_bias=[0.0012, 0.0002, 0.0007] rad/s
[INFO] [1781525402.797620857] [lio_node_v2]: [level_init] World frame leveled (gravity-aligned, yaw removed); accel_scale=1.0058 — map restarted
[WARN] [1781525497.823196067] [lio_node_v2]: Scan 284: low GICP conf (0.18), χ²=0.0
[WARN] [1781525500.479681162] [lio_node_v2]: Scan 292: low GICP conf (0.10), χ²=0.2
[WARN] [1781525530.559990385] [lio_node_v2]: Scan 382: GICP update REJECTED (χ²=165.9 > 50.0) — conf=0.72, IMU holds
[WARN] [1781525530.909632267] [lio_node_v2]: Scan 383: GICP update REJECTED (χ²=82.4 > 50.0) — conf=0.10, IMU holds
[WARN] [1781525531.236548823] [lio_node_v2]: Scan 384: GICP update REJECTED (χ²=181.1 > 50.0) — conf=0.80, IMU holds
[WARN] [1781525531.556654145] [lio_node_v2]: Scan 385: GICP update REJECTED (χ²=66.9 > 50.0) — conf=0.34, IMU holds
[WARN] [1781525531.960167731] [lio_node_v2]: Scan 386: low GICP conf (0.10), χ²=30.8
[WARN] [1781525532.302402248] [lio_node_v2]: Scan 387: GICP update REJECTED (χ²=53.7 > 50.0) — conf=0.10, IMU holds
[WARN] [1781525534.618887077] [lio_node_v2]: Scan 394: low GICP conf (0.10), χ²=32.6
[WARN] [1781525535.213682726] [lio_node_v2]: Scan 396: low GICP conf (0.10), χ²=3.6
[WARN] [1781525565.768122569] [lio_node_v2]: Scan 486: low GICP conf (0.10), χ²=0.5
[WARN] [1781525567.127415762] [lio_node_v2]: Scan 489: low GICP conf (0.16), χ²=1.2
[WARN] [1781525567.571864710] [lio_node_v2]: Scan 490: low GICP conf (0.10), χ²=4.4
[WARN] [1781525568.139504111] [lio_node_v2]: Scan 491: low GICP conf (0.10), χ²=0.9
[WARN] [1781525569.904017729] [lio_node_v2]: Scan 494: low GICP conf (0.10), χ²=0.8
[WARN] [1781525570.556442169] [lio_node_v2]: Scan 495: low GICP conf (0.17), χ²=2.7
[WARN] [1781525571.470457795] [lio_node_v2]: Scan 496: low GICP conf (0.11), χ²=3.2
[WARN] [1781525572.330566805] [lio_node_v2]: Scan 497: low GICP conf (0.10), χ²=9.1
[WARN] [1781525572.910868073] [lio_node_v2]: Scan 498: low GICP conf (0.10), χ²=3.3
[WARN] [1781525573.853471403] [lio_node_v2]: Scan 499: low GICP conf (0.10), χ²=3.5
[WARN] [1781525574.486675370] [lio_node_v2]: Scan 500: low GICP conf (0.10), χ²=1.9
[WARN] [1781525575.441427966] [lio_node_v2]: Scan 501: GICP update REJECTED (χ²=99.8 > 50.0) — conf=0.15, IMU holds
[WARN] [1781525575.915672977] [lio_node_v2]: Scan 502: low GICP conf (0.10), χ²=37.2
[WARN] [1781525576.770825228] [lio_node_v2]: Scan 504: low GICP conf (0.20), χ²=15.0
[WARN] [1781525577.027961816] [lio_node_v2]: Scan 505: low GICP conf (0.10), χ²=5.9
[WARN] [1781525654.646444196] [lio_node_v2]: Scan 742: GICP update REJECTED (χ²=1269.4 > 50.0) — conf=0.10, IMU holds
[WARN] [1781525654.937210413] [lio_node_v2]: Scan 743: GICP update REJECTED (χ²=230.2 > 50.0) — conf=0.10, IMU holds
[WARN] [1781525655.280890176] [lio_node_v2]: Scan 744: GICP update REJECTED (χ²=80.3 > 50.0) — conf=0.10, IMU holds
[WARN] [1781525655.604754177] [lio_node_v2]: Scan 745: GICP update REJECTED (χ²=60.8 > 50.0) — conf=0.71, IMU holds
[WARN] [1781525655.930381336] [lio_node_v2]: Scan 746: low GICP conf (0.17), χ²=31.4
[WARN] [1781525656.274924268] [lio_node_v2]: Scan 747: GICP update REJECTED (χ²=297.5 > 50.0) — conf=0.10, IMU holds
[WARN] [1781525656.603708907] [lio_node_v2]: Scan 748: GICP update REJECTED (χ²=63.9 > 50.0) — conf=0.31, IMU holds
[WARN] [1781525657.301554773] [lio_node_v2]: Scan 750: GICP update REJECTED (χ²=164.8 > 50.0) — conf=0.63, IMU holds
[WARN] [1781525658.601420928] [lio_node_v2]: Scan 754: GICP update REJECTED (χ²=65.0 > 50.0) — conf=0.68, IMU holds
[WARN] [1781525659.275832230] [lio_node_v2]: Scan 756: GICP update REJECTED (χ²=170.5 > 50.0) — conf=0.53, IMU holds
[WARN] [1781525661.127287584] [lio_node_v2]: Scan 761: GICP update REJECTED (χ²=108.8 > 50.0) — conf=0.65, IMU holds
[WARN] [1781525661.722570842] [lio_node_v2]: Scan 763: GICP update REJECTED (χ²=342.7 > 50.0) — conf=0.71, IMU holds
[WARN] [1781525690.078344266] [lio_node_v2]: Scan 843: GICP update REJECTED (χ²=5328.4 > 50.0) — conf=0.10, IMU holds
[WARN] [1781525690.319313082] [lio_node_v2]: Scan 844: GICP update REJECTED (χ²=4410.4 > 50.0) — conf=0.10, IMU holds
[WARN] [1781525690.883611392] [lio_node_v2]: Scan 846: GICP update REJECTED (χ²=3507.6 > 50.0) — conf=0.10, IMU holds
[WARN] [1781525691.192322875] [lio_node_v2]: Scan 847: GICP update REJECTED (χ²=3998.0 > 50.0) — conf=0.10, IMU holds
[WARN] [1781525691.690032558] [lio_node_v2]: Scan 849: GICP update REJECTED (χ²=1558.1 > 50.0) — conf=0.12, IMU holds
[WARN] [1781525694.213255962] [lio_node_v2]: Scan 858: GICP update REJECTED (χ²=6250.0 > 50.0) — conf=0.10, IMU holds
[WARN] [1781525694.487094765] [lio_node_v2]: Scan 859: GICP update REJECTED (χ²=3338.0 > 50.0) — conf=0.10, IMU holds
[WARN] [1781525708.285828437] [lio_node_v2]: Scan 901: low GICP conf (0.10), χ²=1.6
[WARN] [1781525715.995785753] [lio_node_v2]: Scan 915: low GICP conf (0.10), χ²=1.3
[WARN] [1781525717.000346446] [lio_node_v2]: Scan 916: low GICP conf (0.17), χ²=0.2
[WARN] [1781525720.773848721] [lio_node_v2]: Scan 918: low GICP conf (0.10), χ²=4.5
[WARN] [1781525722.818532778] [lio_node_v2]: Scan 919: low GICP conf (0.10), χ²=8.0
[WARN] [1781525723.973818974] [lio_node_v2]: Scan 920: GICP update REJECTED (χ²=737.9 > 50.0) — conf=0.10, IMU holds
[WARN] [1781525726.596190818] [lio_node_v2]: Scan 924: low GICP conf (0.10), χ²=17.1
[WARN] [1781525727.757323001] [lio_node_v2]: Scan 927: low GICP conf (0.14), χ²=2.8
[WARN] [1781525784.401921989] [lio_node_v2]: Scan 996: low GICP conf (0.10), χ²=0.0
Traceback (most recent call last):
  File "/u/97/habibip1/unix/ros2_ws/install/regnonrep/lib/regnonrep/ros_lio_v2.py", line 783, in <module>
    main()
  File "/u/97/habibip1/unix/ros2_ws/install/regnonrep/lib/regnonrep/ros_lio_v2.py", line 779, in main
    rclpy.shutdown()
  File "/opt/ros/humble/local/lib/python3.10/dist-packages/rclpy/__init__.py", line 130, in shutdown
    _shutdown(context=context)
  File "/opt/ros/humble/local/lib/python3.10/dist-packages/rclpy/utilities.py", line 58, in shutdown
    return context.shutdown()
  File "/opt/ros/humble/local/lib/python3.10/dist-packages/rclpy/context.py", line 102, in shutdown
    self.__context.shutdown()
rclpy._rclpy_pybind11.RCLError: failed to shutdown: rcl_shutdown already called on the given context, at ./src/rcl/init.c:241
