[INFO] [1781681121.316305506] [lio_node_v2]: [debug] Writing per-scan CSV → /u/97/habibip1/unix/ros2_ws/src/regnonrep/tum/fixes_check/indoor1_fixes.csv
/u/97/habibip1/unix/.local/lib/python3.10/site-packages/matplotlib/projections/__init__.py:63: UserWarning: Unable to import Axes3D. This may be due to multiple versions of Matplotlib being installed (e.g. as a system package and as a pip package). As a result, the 3D projection is not available.
  warnings.warn("Unable to import Axes3D. This may be due to multiple versions of "
[INFO] [1781681121.562064439] [lio_node_v2]: Using Pctools.apply_gicp_with_init_full (H matrix)
[INFO] [1781681121.572064652] [lio_node_v2]: === LIO Node (Non-Rep + iESKF Point-LIO style) ===
[INFO] [1781681121.572316732] [lio_node_v2]: lidar=/avia/livox/points  use_imu=True
[INFO] [1781681121.572576467] [lio_node_v2]: imu=/avia/livox/imu  accel_scale=9.81  σ_gyro=0.0015500788382752696  σ_accel=0.05660052468829168  σ_bg=3.9831453045658726e-05  σ_ba=0.000820825137306368
[INFO] [1781681121.572797329] [lio_node_v2]: IIR filter: 2nd-order Butterworth LP, cutoff=25 Hz, approx group_delay=20 ms (was 100 ms with 41-tap FIR), propagation at full 200 Hz
[INFO] [1781681121.574797176] [lio_node_v2]: === LIO Node V2 (18-DOF IESKF18, Super-LIO ports) ===
[INFO] [1781681121.575056623] [lio_node_v2]:   Gravity in state:           online estimation, norm-constrained
[INFO] [1781681121.575285531] [lio_node_v2]:   Update form:                information-form (A = P⁻¹ + HᵀV⁻¹H)
[INFO] [1781681121.575545337] [lio_node_v2]:   Propagation:                right-Jacobian J_r, midpoint integration
[INFO] [1781681121.575786856] [lio_node_v2]:   level_init:                 True  (gravity-aligned world frame)
[INFO] [1781681121.576013647] [lio_node_v2]:   imu_auto_scale:             True
[INFO] [1781681121.576223231] [lio_node_v2]:   undistort_translation:      True
[INFO] [1781681121.576455646] [lio_node_v2]:   init_g_cov:                 0.005614517309131685
[INFO] [1781681121.576708134] [lio_node_v2]:   init_rot_cov / init_v_cov:  0.01 / 0.01
[INFO] [1781681121.576919761] [lio_node_v2]:   static_init_max_omega:      0.1 rad/s
[INFO] [1781681121.577139812] [lio_node_v2]:   level_restart_min_angle:    0.02 rad
[INFO] [1781681121.577359966] [lio_node_v2]:   ieskf_sigma_gyro/accel:     0.0015500788382752696 / 0.05660052468829168
stdin is not a terminal device. Keyboard handling disabled.[INFO] [1781681122.254934946] [rosbag2_storage]: Opened database '/u/97/habibip1/unix/point_cloud_registeration_benchmark/dataset/Tier/Livox_avia/indoor1_avia/indoor1_avia/indoor1_avia.db3' for READ_ONLY.
[INFO] [1781681122.254998240] [rosbag2_player]: Set rate to 0.3
[INFO] [1781681122.261268640] [rosbag2_player]: Adding keyboard callbacks.
[INFO] [1781681122.261319452] [rosbag2_player]: Press SPACE for Pause/Resume
[INFO] [1781681122.261328748] [rosbag2_player]: Press CURSOR_RIGHT for Play Next Message
[INFO] [1781681122.261336047] [rosbag2_player]: Press CURSOR_UP for Increase Rate 10%
[INFO] [1781681122.261341671] [rosbag2_player]: Press CURSOR_DOWN for Decrease Rate 10%
[INFO] [1781681122.261763867] [rosbag2_storage]: Opened database '/u/97/habibip1/unix/point_cloud_registeration_benchmark/dataset/Tier/Livox_avia/indoor1_avia/indoor1_avia/indoor1_avia.db3' for READ_ONLY.
[INFO] [1781681125.276644672] [lio_node_v2]: Static init complete — g_world=[0.000, 0.000, 9.810] norm=9.810 m/s²  |  gyro_bias=[0.0012, 0.0002, 0.0007] rad/s
[INFO] [1781681125.276991640] [lio_node_v2]: [level_init] Leveling negligible (0.0096 rad ≤ 0.02 rad); accel_scale=1.0058 — map kept
[WARN] [1781681222.320838351] [lio_node_v2]: Scan 290: low GICP conf (0.24), χ²=0.2
[WARN] [1781681234.975378108] [lio_node_v2]: Scan 328: GICP update REJECTED (χ²=123.3 > 80.6) — conf=0.81, IMU holds
[WARN] [1781681245.982527529] [lio_node_v2]: Scan 361: low GICP conf (0.26), χ²=0.0
[WARN] [1781681252.987511269] [lio_node_v2]: Scan 382: low GICP conf (0.30), χ²=0.1
[WARN] [1781681255.328249230] [lio_node_v2]: Scan 389: low GICP conf (0.10), χ²=0.0
[WARN] [1781681255.997281862] [lio_node_v2]: Scan 391: low GICP conf (0.11), χ²=0.0
[WARN] [1781681286.545378587] [lio_node_v2]: Scan 481: low GICP conf (0.10), χ²=0.0
[WARN] [1781681290.895496463] [lio_node_v2]: Scan 486: low GICP conf (0.10), χ²=0.1
[WARN] [1781681291.838594890] [lio_node_v2]: Scan 487: low GICP conf (0.10), χ²=1.1
[WARN] [1781681292.349367948] [lio_node_v2]: Scan 488: low GICP conf (0.10), χ²=0.0
[WARN] [1781681294.317715495] [lio_node_v2]: Scan 489: low GICP conf (0.17), χ²=3.4
[WARN] [1781681295.537605703] [lio_node_v2]: Scan 490: low GICP conf (0.10), χ²=0.2
[WARN] [1781681296.995470075] [lio_node_v2]: Scan 491: low GICP conf (0.10), χ²=10.0
[WARN] [1781681298.282995189] [lio_node_v2]: Scan 492: low GICP conf (0.10), χ²=62.5
[WARN] [1781681298.987460567] [lio_node_v2]: Scan 493: GICP update REJECTED (χ²=122.9 > 80.6) — conf=0.10, IMU holds
[WARN] [1781681303.860444376] [lio_node_v2]: Scan 507: low GICP conf (0.11), χ²=0.8
[WARN] [1781681330.356623968] [lio_node_v2]: Scan 589: low GICP conf (0.10), χ²=0.1
[WARN] [1781681334.363877838] [lio_node_v2]: Scan 601: low GICP conf (0.32), χ²=1.8
[WARN] [1781681360.496189781] [lio_node_v2]: Scan 680: low GICP conf (0.10), χ²=0.3
[WARN] [1781681365.519786339] [lio_node_v2]: Scan 695: low GICP conf (0.29), χ²=3.4
[WARN] [1781681402.175553285] [lio_node_v2]: Scan 803: low GICP conf (0.34), χ²=0.0
[WARN] [1781681411.793760432] [lio_node_v2]: Scan 821: low GICP conf (0.10), χ²=41.7
[WARN] [1781681439.182367377] [lio_node_v2]: Scan 887: low GICP conf (0.10), χ²=0.9
[WARN] [1781681441.303655396] [lio_node_v2]: Scan 888: low GICP conf (0.17), χ²=1.0
[WARN] [1781681444.466651887] [lio_node_v2]: Scan 889: low GICP conf (0.10), χ²=0.2
[WARN] [1781681447.132866820] [lio_node_v2]: Scan 890: low GICP conf (0.10), χ²=2.2
[WARN] [1781681448.930651936] [lio_node_v2]: Scan 891: low GICP conf (0.10), χ²=24.9
[WARN] [1781681449.678468948] [lio_node_v2]: Scan 892: low GICP conf (0.10), χ²=64.1
[WARN] [1781681469.900882503] [lio_node_v2]: Scan 936: low GICP conf (0.22), χ²=0.0
[WARN] [1781681475.131224377] [lio_node_v2]: Scan 948: low GICP conf (0.10), χ²=0.2
[WARN] [1781681476.174500456] [lio_node_v2]: Scan 950: low GICP conf (0.15), χ²=0.0
[WARN] [1781681478.317806731] [lio_node_v2]: Scan 955: low GICP conf (0.22), χ²=0.0
[WARN] [1781681483.407821926] [lio_node_v2]: Scan 967: low GICP conf (0.13), χ²=0.0
[WARN] [1781681492.109111343] [lio_node_v2]: Scan 987: low GICP conf (0.10), χ²=0.0
[WARN] [1781681499.832942072] [lio_node_v2]: Scan 1004: low GICP conf (0.10), χ²=0.0
Traceback (most recent call last):
  File "/u/97/habibip1/unix/ros2_ws/install/regnonrep/lib/regnonrep/ros_lio_v2.py", line 837, in <module>
    main()
  File "/u/97/habibip1/unix/ros2_ws/install/regnonrep/lib/regnonrep/ros_lio_v2.py", line 833, in main
    rclpy.shutdown()
  File "/opt/ros/humble/local/lib/python3.10/dist-packages/rclpy/__init__.py", line 130, in shutdown
    _shutdown(context=context)
  File "/opt/ros/humble/local/lib/python3.10/dist-packages/rclpy/utilities.py", line 58, in shutdown
    return context.shutdown()
  File "/opt/ros/humble/local/lib/python3.10/dist-packages/rclpy/context.py", line 102, in shutdown
    self.__context.shutdown()
rclpy._rclpy_pybind11.RCLError: failed to shutdown: rcl_shutdown already called on the given context, at ./src/rcl/init.c:241
