[INFO] [1781527208.114754270] [lio_node_v2]: [debug] Writing per-scan CSV → /u/97/habibip1/unix/ros2_ws/src/regnonrep/tum/optuna_full/baseline.csv
/u/97/habibip1/unix/.local/lib/python3.10/site-packages/matplotlib/projections/__init__.py:63: UserWarning: Unable to import Axes3D. This may be due to multiple versions of Matplotlib being installed (e.g. as a system package and as a pip package). As a result, the 3D projection is not available.
  warnings.warn("Unable to import Axes3D. This may be due to multiple versions of "
[INFO] [1781527208.300600928] [lio_node_v2]: Using Pctools.apply_gicp_with_init_full (H matrix)
[INFO] [1781527208.304805339] [lio_node_v2]: === LIO Node (Non-Rep + iESKF Point-LIO style) ===
[INFO] [1781527208.304984158] [lio_node_v2]: lidar=/avia/livox/points  use_imu=True
[INFO] [1781527208.305137355] [lio_node_v2]: imu=/avia/livox/imu  accel_scale=9.81  σ_gyro=0.001  σ_accel=0.01  σ_bg=0.0001  σ_ba=0.001
[INFO] [1781527208.305283297] [lio_node_v2]: IIR filter: 2nd-order Butterworth LP, cutoff=25 Hz, approx group_delay=20 ms (was 100 ms with 41-tap FIR), propagation at full 200 Hz
[INFO] [1781527208.306241659] [lio_node_v2]: === LIO Node V2 (18-DOF IESKF18, Super-LIO ports) ===
[INFO] [1781527208.306402162] [lio_node_v2]:   Gravity in state:           online estimation, norm-constrained
[INFO] [1781527208.306545377] [lio_node_v2]:   Update form:                information-form (A = P⁻¹ + HᵀV⁻¹H)
[INFO] [1781527208.306687175] [lio_node_v2]:   Propagation:                right-Jacobian J_r, midpoint integration
[INFO] [1781527208.306833660] [lio_node_v2]:   level_init:                 True  (gravity-aligned world frame)
[INFO] [1781527208.306975245] [lio_node_v2]:   imu_auto_scale:             True
[INFO] [1781527208.307117547] [lio_node_v2]:   undistort_translation:      True
[INFO] [1781527208.307256278] [lio_node_v2]:   init_g_cov:                 0.01
[INFO] [1781527208.307393472] [lio_node_v2]:   ieskf_sigma_gyro/accel:     0.001 / 0.01
stdin is not a terminal device. Keyboard handling disabled.[INFO] [1781527209.831921184] [rosbag2_storage]: Opened database '/u/97/habibip1/unix/point_cloud_registeration_benchmark/dataset/Tier/Livox_avia/indoor1_avia/indoor1_avia/indoor1_avia.db3' for READ_ONLY.
[INFO] [1781527209.831968744] [rosbag2_player]: Set rate to 0.3
[INFO] [1781527209.837418918] [rosbag2_player]: Adding keyboard callbacks.
[INFO] [1781527209.837461437] [rosbag2_player]: Press SPACE for Pause/Resume
[INFO] [1781527209.837474042] [rosbag2_player]: Press CURSOR_RIGHT for Play Next Message
[INFO] [1781527209.837484901] [rosbag2_player]: Press CURSOR_UP for Increase Rate 10%
[INFO] [1781527209.837494846] [rosbag2_player]: Press CURSOR_DOWN for Decrease Rate 10%
[INFO] [1781527209.837886725] [rosbag2_storage]: Opened database '/u/97/habibip1/unix/point_cloud_registeration_benchmark/dataset/Tier/Livox_avia/indoor1_avia/indoor1_avia/indoor1_avia.db3' for READ_ONLY.
[INFO] [1781527212.846487171] [lio_node_v2]: Static init complete — g_world=[0.000, 0.000, 9.810] norm=9.810 m/s²  |  gyro_bias=[0.0012, 0.0002, 0.0007] rad/s
[INFO] [1781527212.846760619] [lio_node_v2]: [level_init] World frame leveled (gravity-aligned, yaw removed); accel_scale=1.0058 — map restarted
[WARN] [1781527307.873279442] [lio_node_v2]: Scan 285: low GICP conf (0.23), χ²=0.2
[WARN] [1781527309.887829551] [lio_node_v2]: Scan 291: low GICP conf (0.10), χ²=0.1
[WARN] [1781527341.591337429] [lio_node_v2]: Scan 386: GICP update REJECTED (χ²=248.8 > 50.0) — conf=0.10, IMU holds
[WARN] [1781527341.974605898] [lio_node_v2]: Scan 387: GICP update REJECTED (χ²=86.8 > 50.0) — conf=0.69, IMU holds
[WARN] [1781527342.660262943] [lio_node_v2]: Scan 389: GICP update REJECTED (χ²=735.9 > 50.0) — conf=0.72, IMU holds
[WARN] [1781527342.933003487] [lio_node_v2]: Scan 390: GICP update REJECTED (χ²=404.4 > 50.0) — conf=0.10, IMU holds
[WARN] [1781527343.335264276] [lio_node_v2]: Scan 391: GICP update REJECTED (χ²=64.6 > 50.0) — conf=0.10, IMU holds
[WARN] [1781527343.631201295] [lio_node_v2]: Scan 392: GICP update REJECTED (χ²=88.7 > 50.0) — conf=0.26, IMU holds
[WARN] [1781527344.301107295] [lio_node_v2]: Scan 394: GICP update REJECTED (χ²=222.7 > 50.0) — conf=0.76, IMU holds
[WARN] [1781527345.285093243] [lio_node_v2]: Scan 397: low GICP conf (0.10), χ²=26.2
[WARN] [1781527375.917851630] [lio_node_v2]: Scan 486: low GICP conf (0.22), χ²=15.8
[WARN] [1781527377.612614924] [lio_node_v2]: Scan 489: low GICP conf (0.17), χ²=11.0
[WARN] [1781527379.139975914] [lio_node_v2]: Scan 491: low GICP conf (0.10), χ²=0.5
[WARN] [1781527379.853530772] [lio_node_v2]: Scan 492: low GICP conf (0.22), χ²=3.4
[WARN] [1781527380.820568318] [lio_node_v2]: Scan 493: low GICP conf (0.10), χ²=1.1
[WARN] [1781527381.884365083] [lio_node_v2]: Scan 494: low GICP conf (0.10), χ²=0.2
[WARN] [1781527382.562337472] [lio_node_v2]: Scan 495: low GICP conf (0.10), χ²=15.2
[WARN] [1781527383.639670080] [lio_node_v2]: Scan 496: low GICP conf (0.10), χ²=11.7
[WARN] [1781527384.228010253] [lio_node_v2]: Scan 497: low GICP conf (0.10), χ²=2.7
[WARN] [1781527385.828482873] [lio_node_v2]: Scan 500: low GICP conf (0.10), χ²=2.3
[WARN] [1781527386.316773105] [lio_node_v2]: Scan 501: low GICP conf (0.10), χ²=8.0
[WARN] [1781527386.992983430] [lio_node_v2]: Scan 504: low GICP conf (0.10), χ²=2.2
[WARN] [1781527459.007374273] [lio_node_v2]: Scan 724: GICP update REJECTED (χ²=480.1 > 50.0) — conf=0.10, IMU holds
[WARN] [1781527459.314694502] [lio_node_v2]: Scan 725: GICP update REJECTED (χ²=224.3 > 50.0) — conf=0.47, IMU holds
[WARN] [1781527459.972272180] [lio_node_v2]: Scan 727: GICP update REJECTED (χ²=1763.6 > 50.0) — conf=0.17, IMU holds
[WARN] [1781527505.768237505] [lio_node_v2]: Scan 858: GICP update REJECTED (χ²=80.9 > 50.0) — conf=0.95, IMU holds
[WARN] [1781527518.055927032] [lio_node_v2]: Scan 897: low GICP conf (0.10), χ²=0.9
[WARN] [1781527529.865021306] [lio_node_v2]: Scan 913: low GICP conf (0.10), χ²=0.6
[WARN] [1781527532.020795527] [lio_node_v2]: Scan 914: low GICP conf (0.10), χ²=1.9
[WARN] [1781527533.670870889] [lio_node_v2]: Scan 915: low GICP conf (0.10), χ²=16.4
[WARN] [1781527534.813053277] [lio_node_v2]: Scan 916: low GICP conf (0.10), χ²=23.9
[WARN] [1781527558.247967005] [lio_node_v2]: Scan 974: low GICP conf (0.10), χ²=0.1
[WARN] [1781527587.525222293] [lio_node_v2]: Scan 1058: low GICP conf (0.10), χ²=0.1
Traceback (most recent call last):
  File "/u/97/habibip1/unix/ros2_ws/install/regnonrep/lib/regnonrep/ros_lio_v2.py", line 783, in <module>
    main()
  File "/u/97/habibip1/unix/ros2_ws/install/regnonrep/lib/regnonrep/ros_lio_v2.py", line 779, in main
    rclpy.shutdown()
  File "/opt/ros/humble/local/lib/python3.10/dist-packages/rclpy/__init__.py", line 130, in shutdown
    _shutdown(context=context)
  File "/opt/ros/humble/local/lib/python3.10/dist-packages/rclpy/utilities.py", line 58, in shutdown
    return context.shutdown()
  File "/opt/ros/humble/local/lib/python3.10/dist-packages/rclpy/context.py", line 102, in shutdown
    self.__context.shutdown()
rclpy._rclpy_pybind11.RCLError: failed to shutdown: rcl_shutdown already called on the given context, at ./src/rcl/init.c:241
