[INFO] [1781606811.983682851] [lio_node_v2]: [debug] Writing per-scan CSV → /u/97/habibip1/unix/ros2_ws/src/regnonrep/tum/optuna_full/trial0043.csv
/u/97/habibip1/unix/.local/lib/python3.10/site-packages/matplotlib/projections/__init__.py:63: UserWarning: Unable to import Axes3D. This may be due to multiple versions of Matplotlib being installed (e.g. as a system package and as a pip package). As a result, the 3D projection is not available.
  warnings.warn("Unable to import Axes3D. This may be due to multiple versions of "
[INFO] [1781606812.206426336] [lio_node_v2]: Using Pctools.apply_gicp_with_init_full (H matrix)
[INFO] [1781606812.212675206] [lio_node_v2]: === LIO Node (Non-Rep + iESKF Point-LIO style) ===
[INFO] [1781606812.212890391] [lio_node_v2]: lidar=/avia/livox/points  use_imu=True
[INFO] [1781606812.213084751] [lio_node_v2]: imu=/avia/livox/imu  accel_scale=9.81  σ_gyro=0.00972404772569559  σ_accel=0.03347799101822025  σ_bg=1.3910060479849248e-05  σ_ba=0.0002545383535507043
[INFO] [1781606812.213264486] [lio_node_v2]: IIR filter: 2nd-order Butterworth LP, cutoff=25 Hz, approx group_delay=20 ms (was 100 ms with 41-tap FIR), propagation at full 200 Hz
[INFO] [1781606812.214470489] [lio_node_v2]: === LIO Node V2 (18-DOF IESKF18, Super-LIO ports) ===
[INFO] [1781606812.214687072] [lio_node_v2]:   Gravity in state:           online estimation, norm-constrained
[INFO] [1781606812.214863254] [lio_node_v2]:   Update form:                information-form (A = P⁻¹ + HᵀV⁻¹H)
[INFO] [1781606812.215037695] [lio_node_v2]:   Propagation:                right-Jacobian J_r, midpoint integration
[INFO] [1781606812.215218748] [lio_node_v2]:   level_init:                 True  (gravity-aligned world frame)
[INFO] [1781606812.215396541] [lio_node_v2]:   imu_auto_scale:             True
[INFO] [1781606812.215571336] [lio_node_v2]:   undistort_translation:      True
[INFO] [1781606812.215741881] [lio_node_v2]:   init_g_cov:                 0.0001011579791610711
[INFO] [1781606812.215914067] [lio_node_v2]:   ieskf_sigma_gyro/accel:     0.00972404772569559 / 0.03347799101822025
stdin is not a terminal device. Keyboard handling disabled.[INFO] [1781606813.369306105] [rosbag2_storage]: Opened database '/u/97/habibip1/unix/point_cloud_registeration_benchmark/dataset/Tier/Livox_avia/indoor1_avia/indoor1_avia/indoor1_avia.db3' for READ_ONLY.
[INFO] [1781606813.369346416] [rosbag2_player]: Set rate to 0.3
[INFO] [1781606813.372798249] [rosbag2_player]: Adding keyboard callbacks.
[INFO] [1781606813.372828984] [rosbag2_player]: Press SPACE for Pause/Resume
[INFO] [1781606813.372833551] [rosbag2_player]: Press CURSOR_RIGHT for Play Next Message
[INFO] [1781606813.372837659] [rosbag2_player]: Press CURSOR_UP for Increase Rate 10%
[INFO] [1781606813.372841311] [rosbag2_player]: Press CURSOR_DOWN for Decrease Rate 10%
[INFO] [1781606813.373127875] [rosbag2_storage]: Opened database '/u/97/habibip1/unix/point_cloud_registeration_benchmark/dataset/Tier/Livox_avia/indoor1_avia/indoor1_avia/indoor1_avia.db3' for READ_ONLY.
[INFO] [1781606816.393081881] [lio_node_v2]: Static init complete — g_world=[0.000, 0.000, 9.810] norm=9.810 m/s²  |  gyro_bias=[0.0012, 0.0002, 0.0007] rad/s
[INFO] [1781606816.393784810] [lio_node_v2]: [level_init] World frame leveled (gravity-aligned, yaw removed); accel_scale=1.0058 — map restarted
[WARN] [1781606911.419240353] [lio_node_v2]: Scan 284: low GICP conf (0.10), χ²=0.0
[WARN] [1781606923.559722378] [lio_node_v2]: Scan 320: low GICP conf (0.10), χ²=150.9
[WARN] [1781606924.147193566] [lio_node_v2]: Scan 322: low GICP conf (0.32), χ²=100.2
[WARN] [1781606924.437665253] [lio_node_v2]: Scan 323: GICP update REJECTED (χ²=183.3 > 168.7) — conf=0.64, IMU holds
[WARN] [1781606926.117989731] [lio_node_v2]: Scan 328: GICP update REJECTED (χ²=178.1 > 168.7) — conf=0.63, IMU holds
[WARN] [1781606941.333234888] [lio_node_v2]: Scan 372: low GICP conf (0.28), χ²=0.2
[WARN] [1781606946.431007987] [lio_node_v2]: Scan 387: low GICP conf (0.10), χ²=0.2
[WARN] [1781606947.072070104] [lio_node_v2]: Scan 389: low GICP conf (0.10), χ²=0.1
[WARN] [1781606947.738461137] [lio_node_v2]: Scan 391: low GICP conf (0.10), χ²=0.1
[WARN] [1781606948.810341907] [lio_node_v2]: Scan 394: low GICP conf (0.10), χ²=0.2
[WARN] [1781606949.678793698] [lio_node_v2]: Scan 397: low GICP conf (0.19), χ²=0.1
[WARN] [1781606971.354506793] [lio_node_v2]: Scan 462: low GICP conf (0.10), χ²=0.8
[WARN] [1781606973.697773793] [lio_node_v2]: Scan 469: low GICP conf (0.29), χ²=0.6
[WARN] [1781606981.158924514] [lio_node_v2]: Scan 485: low GICP conf (0.10), χ²=0.3
[WARN] [1781606982.350435491] [lio_node_v2]: Scan 486: low GICP conf (0.23), χ²=0.4
[WARN] [1781606983.046937706] [lio_node_v2]: Scan 487: low GICP conf (0.10), χ²=0.1
[WARN] [1781606983.669178532] [lio_node_v2]: Scan 488: low GICP conf (0.10), χ²=0.2
[WARN] [1781606984.476307753] [lio_node_v2]: Scan 489: low GICP conf (0.10), χ²=0.3
[WARN] [1781606987.520934564] [lio_node_v2]: Scan 491: low GICP conf (0.10), χ²=1.3
[WARN] [1781606988.412099961] [lio_node_v2]: Scan 492: low GICP conf (0.10), χ²=0.4
[WARN] [1781606989.104898362] [lio_node_v2]: Scan 493: low GICP conf (0.10), χ²=7.8
[WARN] [1781606989.834797426] [lio_node_v2]: Scan 494: low GICP conf (0.10), χ²=129.1
[WARN] [1781606990.326966931] [lio_node_v2]: Scan 495: low GICP conf (0.10), χ²=8.8
[WARN] [1781606991.175048428] [lio_node_v2]: Scan 497: low GICP conf (0.29), χ²=0.3
[WARN] [1781606991.462184140] [lio_node_v2]: Scan 498: low GICP conf (0.10), χ²=0.8
[WARN] [1781606993.091376665] [lio_node_v2]: Scan 503: low GICP conf (0.10), χ²=9.6
[WARN] [1781607007.018159591] [lio_node_v2]: Scan 549: low GICP conf (0.10), χ²=2.2
[WARN] [1781607079.175496188] [lio_node_v2]: Scan 763: low GICP conf (0.33), χ²=0.5
[WARN] [1781607102.616136336] [lio_node_v2]: Scan 802: GICP update REJECTED (χ²=336.8 > 168.7) — conf=0.10, IMU holds
[WARN] [1781607103.458264685] [lio_node_v2]: Scan 803: GICP update REJECTED (χ²=200.4 > 168.7) — conf=0.10, IMU holds
[WARN] [1781607104.916512905] [lio_node_v2]: Scan 805: GICP update REJECTED (χ²=379.1 > 168.7) — conf=0.10, IMU holds
[WARN] [1781607106.419574406] [lio_node_v2]: Scan 807: GICP update REJECTED (χ²=685.8 > 168.7) — conf=0.10, IMU holds
[WARN] [1781607107.017006822] [lio_node_v2]: Scan 808: GICP update REJECTED (χ²=316.2 > 168.7) — conf=0.10, IMU holds
[WARN] [1781607107.537417460] [lio_node_v2]: Scan 809: low GICP conf (0.40), χ²=55.2
[WARN] [1781607108.164287957] [lio_node_v2]: Scan 810: GICP update REJECTED (χ²=536.9 > 168.7) — conf=0.10, IMU holds
[WARN] [1781607109.498162798] [lio_node_v2]: Scan 812: GICP update REJECTED (χ²=559.4 > 168.7) — conf=0.10, IMU holds
[WARN] [1781607110.067608074] [lio_node_v2]: Scan 813: GICP update REJECTED (χ²=308.7 > 168.7) — conf=0.10, IMU holds
[WARN] [1781607111.207300730] [lio_node_v2]: Scan 815: low GICP conf (0.10), χ²=116.9
[WARN] [1781607112.206733005] [lio_node_v2]: Scan 816: GICP update REJECTED (χ²=458.0 > 168.7) — conf=0.10, IMU holds
[WARN] [1781607114.469921937] [lio_node_v2]: Scan 819: low GICP conf (0.10), χ²=138.1
[WARN] [1781607115.161487943] [lio_node_v2]: Scan 820: GICP update REJECTED (χ²=871.0 > 168.7) — conf=0.10, IMU holds
[WARN] [1781607116.046719997] [lio_node_v2]: Scan 821: GICP update REJECTED (χ²=248.7 > 168.7) — conf=0.10, IMU holds
[WARN] [1781607116.455505448] [lio_node_v2]: Scan 822: low GICP conf (0.10), χ²=79.2
[WARN] [1781607117.123659111] [lio_node_v2]: Scan 823: GICP update REJECTED (χ²=211.3 > 168.7) — conf=0.10, IMU holds
[WARN] [1781607117.755809306] [lio_node_v2]: Scan 824: low GICP conf (0.10), χ²=92.7
[WARN] [1781607118.298041968] [lio_node_v2]: Scan 825: low GICP conf (0.10), χ²=108.4
[WARN] [1781607118.815132889] [lio_node_v2]: Scan 826: GICP update REJECTED (χ²=739.5 > 168.7) — conf=0.10, IMU holds
[WARN] [1781607119.209429535] [lio_node_v2]: Scan 827: low GICP conf (0.10), χ²=108.8
[WARN] [1781607120.223865969] [lio_node_v2]: Scan 829: GICP update REJECTED (χ²=208.9 > 168.7) — conf=0.10, IMU holds
[WARN] [1781607120.620727756] [lio_node_v2]: Scan 830: low GICP conf (0.10), χ²=69.7
[WARN] [1781607121.035623623] [lio_node_v2]: Scan 831: low GICP conf (0.10), χ²=153.2
[WARN] [1781607121.448155078] [lio_node_v2]: Scan 832: low GICP conf (0.10), χ²=62.1
[WARN] [1781607121.820751451] [lio_node_v2]: Scan 833: low GICP conf (0.10), χ²=56.8
[WARN] [1781607122.201418196] [lio_node_v2]: Scan 834: low GICP conf (0.10), χ²=106.7
[WARN] [1781607122.614833712] [lio_node_v2]: Scan 835: low GICP conf (0.10), χ²=109.3
[WARN] [1781607122.975034161] [lio_node_v2]: Scan 836: GICP update REJECTED (χ²=226.8 > 168.7) — conf=0.24, IMU holds
[WARN] [1781607123.677542104] [lio_node_v2]: Scan 838: low GICP conf (0.15), χ²=61.8
[WARN] [1781607124.094296487] [lio_node_v2]: Scan 839: low GICP conf (0.10), χ²=47.2
[WARN] [1781607124.456299428] [lio_node_v2]: Scan 840: GICP update REJECTED (χ²=204.6 > 168.7) — conf=0.26, IMU holds
[WARN] [1781607125.183942427] [lio_node_v2]: Scan 841: low GICP conf (0.28), χ²=38.1
[WARN] [1781607125.809953260] [lio_node_v2]: Scan 842: low GICP conf (0.42), χ²=23.9
[WARN] [1781607127.748576983] [lio_node_v2]: Scan 844: low GICP conf (0.23), χ²=82.3
[WARN] [1781607129.504382955] [lio_node_v2]: Scan 845: low GICP conf (0.10), χ²=123.7
[WARN] [1781607131.949109187] [lio_node_v2]: Scan 846: low GICP conf (0.10), χ²=40.2
[WARN] [1781607134.152246437] [lio_node_v2]: Scan 847: low GICP conf (0.10), χ²=12.4
[WARN] [1781607137.077419572] [lio_node_v2]: Scan 848: low GICP conf (0.10), χ²=8.0
[WARN] [1781607138.953451519] [lio_node_v2]: Scan 849: GICP update REJECTED (χ²=255.5 > 168.7) — conf=0.10, IMU holds
[WARN] [1781607140.708200910] [lio_node_v2]: Scan 850: low GICP conf (0.10), χ²=168.0
[WARN] [1781607141.980858586] [lio_node_v2]: Scan 851: GICP update REJECTED (χ²=782.1 > 168.7) — conf=0.10, IMU holds
[WARN] [1781607143.307183291] [lio_node_v2]: Scan 852: GICP update REJECTED (χ²=698.1 > 168.7) — conf=0.34, IMU holds
[WARN] [1781607145.099432216] [lio_node_v2]: Scan 854: GICP update REJECTED (χ²=1323.1 > 168.7) — conf=0.10, IMU holds
[WARN] [1781607148.215277893] [lio_node_v2]: Scan 859: GICP update REJECTED (χ²=353.4 > 168.7) — conf=0.10, IMU holds
[WARN] [1781607151.949256347] [lio_node_v2]: Scan 866: GICP update REJECTED (χ²=446.4 > 168.7) — conf=0.10, IMU holds
[WARN] [1781607152.758046428] [lio_node_v2]: Scan 867: low GICP conf (0.36), χ²=0.5
[WARN] [1781607169.901838558] [lio_node_v2]: Scan 907: low GICP conf (0.23), χ²=0.7
[WARN] [1781607184.157293323] [lio_node_v2]: Scan 940: low GICP conf (0.10), χ²=0.5
[WARN] [1781607197.402477063] [lio_node_v2]: Scan 969: low GICP conf (0.40), χ²=4.6
Traceback (most recent call last):
  File "/u/97/habibip1/unix/ros2_ws/install/regnonrep/lib/regnonrep/ros_lio_v2.py", line 783, in <module>
    main()
  File "/u/97/habibip1/unix/ros2_ws/install/regnonrep/lib/regnonrep/ros_lio_v2.py", line 779, in main
    rclpy.shutdown()
  File "/opt/ros/humble/local/lib/python3.10/dist-packages/rclpy/__init__.py", line 130, in shutdown
    _shutdown(context=context)
  File "/opt/ros/humble/local/lib/python3.10/dist-packages/rclpy/utilities.py", line 58, in shutdown
    return context.shutdown()
  File "/opt/ros/humble/local/lib/python3.10/dist-packages/rclpy/context.py", line 102, in shutdown
    self.__context.shutdown()
rclpy._rclpy_pybind11.RCLError: failed to shutdown: rcl_shutdown already called on the given context, at ./src/rcl/init.c:241
