[INFO] [1781617678.219891858] [lio_node_v2]: [debug] Writing per-scan CSV → /u/97/habibip1/unix/ros2_ws/src/regnonrep/tum/optuna_full/trial0059.csv
/u/97/habibip1/unix/.local/lib/python3.10/site-packages/matplotlib/projections/__init__.py:63: UserWarning: Unable to import Axes3D. This may be due to multiple versions of Matplotlib being installed (e.g. as a system package and as a pip package). As a result, the 3D projection is not available.
  warnings.warn("Unable to import Axes3D. This may be due to multiple versions of "
[INFO] [1781617678.447117799] [lio_node_v2]: Using Pctools.apply_gicp_with_init_full (H matrix)
[INFO] [1781617678.452296814] [lio_node_v2]: === LIO Node (Non-Rep + iESKF Point-LIO style) ===
[INFO] [1781617678.452518442] [lio_node_v2]: lidar=/avia/livox/points  use_imu=True
[INFO] [1781617678.452709561] [lio_node_v2]: imu=/avia/livox/imu  accel_scale=9.81  σ_gyro=0.0015500788382752696  σ_accel=0.05660052468829168  σ_bg=3.9831453045658726e-05  σ_ba=0.000820825137306368
[INFO] [1781617678.452890941] [lio_node_v2]: IIR filter: 2nd-order Butterworth LP, cutoff=25 Hz, approx group_delay=20 ms (was 100 ms with 41-tap FIR), propagation at full 200 Hz
[INFO] [1781617678.454147412] [lio_node_v2]: === LIO Node V2 (18-DOF IESKF18, Super-LIO ports) ===
[INFO] [1781617678.454358239] [lio_node_v2]:   Gravity in state:           online estimation, norm-constrained
[INFO] [1781617678.454533619] [lio_node_v2]:   Update form:                information-form (A = P⁻¹ + HᵀV⁻¹H)
[INFO] [1781617678.454704366] [lio_node_v2]:   Propagation:                right-Jacobian J_r, midpoint integration
[INFO] [1781617678.454899271] [lio_node_v2]:   level_init:                 True  (gravity-aligned world frame)
[INFO] [1781617678.455073636] [lio_node_v2]:   imu_auto_scale:             True
[INFO] [1781617678.455244355] [lio_node_v2]:   undistort_translation:      True
[INFO] [1781617678.455414668] [lio_node_v2]:   init_g_cov:                 0.005614517309131685
[INFO] [1781617678.455584106] [lio_node_v2]:   ieskf_sigma_gyro/accel:     0.0015500788382752696 / 0.05660052468829168
stdin is not a terminal device. Keyboard handling disabled.[INFO] [1781617679.588399072] [rosbag2_storage]: Opened database '/u/97/habibip1/unix/point_cloud_registeration_benchmark/dataset/Tier/Livox_avia/indoor1_avia/indoor1_avia/indoor1_avia.db3' for READ_ONLY.
[INFO] [1781617679.588447918] [rosbag2_player]: Set rate to 0.3
[INFO] [1781617679.591256243] [rosbag2_player]: Adding keyboard callbacks.
[INFO] [1781617679.591284686] [rosbag2_player]: Press SPACE for Pause/Resume
[INFO] [1781617679.591289773] [rosbag2_player]: Press CURSOR_RIGHT for Play Next Message
[INFO] [1781617679.591294381] [rosbag2_player]: Press CURSOR_UP for Increase Rate 10%
[INFO] [1781617679.591298009] [rosbag2_player]: Press CURSOR_DOWN for Decrease Rate 10%
[INFO] [1781617679.591549535] [rosbag2_storage]: Opened database '/u/97/habibip1/unix/point_cloud_registeration_benchmark/dataset/Tier/Livox_avia/indoor1_avia/indoor1_avia/indoor1_avia.db3' for READ_ONLY.
[INFO] [1781617682.603947796] [lio_node_v2]: Static init complete — g_world=[0.000, 0.000, 9.810] norm=9.810 m/s²  |  gyro_bias=[0.0012, 0.0002, 0.0007] rad/s
[INFO] [1781617682.604295483] [lio_node_v2]: [level_init] World frame leveled (gravity-aligned, yaw removed); accel_scale=1.0058 — map restarted
[WARN] [1781617777.652775565] [lio_node_v2]: Scan 284: low GICP conf (0.10), χ²=0.1
[WARN] [1781617803.389365086] [lio_node_v2]: Scan 361: low GICP conf (0.25), χ²=0.1
[WARN] [1781617817.816344157] [lio_node_v2]: Scan 404: low GICP conf (0.14), χ²=78.9
[WARN] [1781617818.028787877] [lio_node_v2]: Scan 405: GICP update REJECTED (χ²=170.7 > 80.6) — conf=0.82, IMU holds
[WARN] [1781617843.821599632] [lio_node_v2]: Scan 482: low GICP conf (0.28), χ²=0.0
[WARN] [1781617845.545823417] [lio_node_v2]: Scan 486: low GICP conf (0.22), χ²=0.0
[WARN] [1781617846.837447085] [lio_node_v2]: Scan 488: low GICP conf (0.10), χ²=0.8
[WARN] [1781617847.499296307] [lio_node_v2]: Scan 489: low GICP conf (0.27), χ²=0.9
[WARN] [1781617848.390091619] [lio_node_v2]: Scan 490: low GICP conf (0.10), χ²=1.2
[WARN] [1781617848.769597770] [lio_node_v2]: Scan 491: low GICP conf (0.13), χ²=0.0
[WARN] [1781617849.878993988] [lio_node_v2]: Scan 492: low GICP conf (0.25), χ²=0.1
[WARN] [1781617850.487368745] [lio_node_v2]: Scan 493: low GICP conf (0.10), χ²=0.0
[WARN] [1781617850.961127079] [lio_node_v2]: Scan 494: low GICP conf (0.10), χ²=0.0
[WARN] [1781617852.477531565] [lio_node_v2]: Scan 496: low GICP conf (0.10), χ²=0.2
[WARN] [1781617853.511646309] [lio_node_v2]: Scan 497: low GICP conf (0.17), χ²=1.8
[WARN] [1781617854.506454966] [lio_node_v2]: Scan 498: low GICP conf (0.10), χ²=18.1
[WARN] [1781617856.091430120] [lio_node_v2]: Scan 500: low GICP conf (0.10), χ²=23.1
[WARN] [1781617856.700696661] [lio_node_v2]: Scan 501: low GICP conf (0.32), χ²=4.8
[WARN] [1781617856.910991302] [lio_node_v2]: Scan 502: low GICP conf (0.10), χ²=1.6
[WARN] [1781617962.040662926] [lio_node_v2]: Scan 822: low GICP conf (0.30), χ²=0.0
[WARN] [1781617974.995025364] [lio_node_v2]: Scan 861: GICP update REJECTED (χ²=112.9 > 80.6) — conf=0.59, IMU holds
[WARN] [1781617976.337200625] [lio_node_v2]: Scan 865: GICP update REJECTED (χ²=170.2 > 80.6) — conf=0.67, IMU holds
[WARN] [1781617993.324041281] [lio_node_v2]: Scan 915: low GICP conf (0.10), χ²=0.0
[WARN] [1781617994.020089563] [lio_node_v2]: Scan 917: low GICP conf (0.22), χ²=0.0
[WARN] [1781617995.367105864] [lio_node_v2]: Scan 919: low GICP conf (0.12), χ²=0.0
[WARN] [1781617996.223214603] [lio_node_v2]: Scan 920: low GICP conf (0.10), χ²=0.1
[WARN] [1781617996.753624886] [lio_node_v2]: Scan 921: low GICP conf (0.10), χ²=0.2
[WARN] [1781617997.164498065] [lio_node_v2]: Scan 922: low GICP conf (0.23), χ²=0.0
[WARN] [1781617997.984620298] [lio_node_v2]: Scan 923: low GICP conf (0.15), χ²=0.2
[WARN] [1781617998.739367753] [lio_node_v2]: Scan 924: low GICP conf (0.10), χ²=0.9
[WARN] [1781617999.483559899] [lio_node_v2]: Scan 925: low GICP conf (0.10), χ²=0.2
[WARN] [1781618000.424054848] [lio_node_v2]: Scan 926: low GICP conf (0.10), χ²=2.0
[WARN] [1781618001.495144291] [lio_node_v2]: Scan 927: low GICP conf (0.10), χ²=0.1
[WARN] [1781618001.885109713] [lio_node_v2]: Scan 928: low GICP conf (0.10), χ²=0.3
[WARN] [1781618002.968066944] [lio_node_v2]: Scan 930: low GICP conf (0.10), χ²=2.9
[WARN] [1781618003.209563975] [lio_node_v2]: Scan 931: low GICP conf (0.10), χ²=12.7
[WARN] [1781618052.041761877] [lio_node_v2]: Scan 1082: low GICP conf (0.21), χ²=0.0
[WARN] [1781618055.684658579] [lio_node_v2]: Scan 1093: low GICP conf (0.10), χ²=0.0
Traceback (most recent call last):
  File "/u/97/habibip1/unix/ros2_ws/install/regnonrep/lib/regnonrep/ros_lio_v2.py", line 783, in <module>
    main()
  File "/u/97/habibip1/unix/ros2_ws/install/regnonrep/lib/regnonrep/ros_lio_v2.py", line 779, in main
    rclpy.shutdown()
  File "/opt/ros/humble/local/lib/python3.10/dist-packages/rclpy/__init__.py", line 130, in shutdown
    _shutdown(context=context)
  File "/opt/ros/humble/local/lib/python3.10/dist-packages/rclpy/utilities.py", line 58, in shutdown
    return context.shutdown()
  File "/opt/ros/humble/local/lib/python3.10/dist-packages/rclpy/context.py", line 102, in shutdown
    self.__context.shutdown()
rclpy._rclpy_pybind11.RCLError: failed to shutdown: rcl_shutdown already called on the given context, at ./src/rcl/init.c:241
