stdin is not a terminal device. Keyboard handling disabled.[INFO] [1781615305.078666205] [rosbag2_storage]: Opened database '/u/97/habibip1/unix/point_cloud_registeration_benchmark/dataset/Tier/Livox_avia/indoor1_avia/indoor1_avia/indoor1_avia.db3' for READ_ONLY.
[INFO] [1781615305.078817036] [rosbag2_player]: Set rate to 0.3
[INFO] [1781615305.093795063] [rosbag2_player]: Adding keyboard callbacks.
[INFO] [1781615305.093917722] [rosbag2_player]: Press SPACE for Pause/Resume
[INFO] [1781615305.093952280] [rosbag2_player]: Press CURSOR_RIGHT for Play Next Message
[INFO] [1781615305.093980049] [rosbag2_player]: Press CURSOR_UP for Increase Rate 10%
[INFO] [1781615305.094006019] [rosbag2_player]: Press CURSOR_DOWN for Decrease Rate 10%
[INFO] [1781615305.095104829] [rosbag2_storage]: Opened database '/u/97/habibip1/unix/point_cloud_registeration_benchmark/dataset/Tier/Livox_avia/indoor1_avia/indoor1_avia/indoor1_avia.db3' for READ_ONLY.
[INFO] [1781615305.553827442] [lio_node_v2]: [debug] Writing per-scan CSV → /u/97/habibip1/unix/ros2_ws/src/regnonrep/tum/optuna_full/trial0053.csv
/u/97/habibip1/unix/.local/lib/python3.10/site-packages/matplotlib/projections/__init__.py:63: UserWarning: Unable to import Axes3D. This may be due to multiple versions of Matplotlib being installed (e.g. as a system package and as a pip package). As a result, the 3D projection is not available.
  warnings.warn("Unable to import Axes3D. This may be due to multiple versions of "
[INFO] [1781615306.081236442] [lio_node_v2]: Using Pctools.apply_gicp_with_init_full (H matrix)
[INFO] [1781615306.094871979] [lio_node_v2]: === LIO Node (Non-Rep + iESKF Point-LIO style) ===
[INFO] [1781615306.095446442] [lio_node_v2]: lidar=/avia/livox/points  use_imu=True
[INFO] [1781615306.095948275] [lio_node_v2]: imu=/avia/livox/imu  accel_scale=9.81  σ_gyro=0.002918295874868646  σ_accel=0.025309404112781972  σ_bg=2.1167026598851006e-05  σ_ba=0.001787374809940258
[INFO] [1781615306.096466614] [lio_node_v2]: IIR filter: 2nd-order Butterworth LP, cutoff=25 Hz, approx group_delay=20 ms (was 100 ms with 41-tap FIR), propagation at full 200 Hz
[INFO] [1781615306.100157195] [lio_node_v2]: === LIO Node V2 (18-DOF IESKF18, Super-LIO ports) ===
[INFO] [1781615306.100763543] [lio_node_v2]:   Gravity in state:           online estimation, norm-constrained
[INFO] [1781615306.101267612] [lio_node_v2]:   Update form:                information-form (A = P⁻¹ + HᵀV⁻¹H)
[INFO] [1781615306.101739756] [lio_node_v2]:   Propagation:                right-Jacobian J_r, midpoint integration
[INFO] [1781615306.102239458] [lio_node_v2]:   level_init:                 True  (gravity-aligned world frame)
[INFO] [1781615306.102720333] [lio_node_v2]:   imu_auto_scale:             True
[INFO] [1781615306.103192004] [lio_node_v2]:   undistort_translation:      True
[INFO] [1781615306.103646547] [lio_node_v2]:   init_g_cov:                 0.00041843252779838203
[INFO] [1781615306.104080019] [lio_node_v2]:   ieskf_sigma_gyro/accel:     0.002918295874868646 / 0.025309404112781972
[INFO] [1781615309.441145716] [lio_node_v2]: Static init complete — g_world=[0.000, 0.000, 9.810] norm=9.810 m/s²  |  gyro_bias=[0.0012, 0.0001, 0.0006] rad/s
[INFO] [1781615309.441872320] [lio_node_v2]: [level_init] World frame leveled (gravity-aligned, yaw removed); accel_scale=1.0055 — map restarted
[WARN] [1781615405.176222693] [lio_node_v2]: Scan 286: low GICP conf (0.10), χ²=0.2
[WARN] [1781615407.502594669] [lio_node_v2]: Scan 293: GICP update REJECTED (χ²=169.8 > 136.5) — conf=0.41, IMU holds
[WARN] [1781615408.229398621] [lio_node_v2]: Scan 295: low GICP conf (0.10), χ²=7.6
[WARN] [1781615469.794305548] [lio_node_v2]: Scan 469: low GICP conf (0.10), χ²=0.0
[WARN] [1781615473.839862687] [lio_node_v2]: Scan 474: low GICP conf (0.10), χ²=1.2
[WARN] [1781615475.070745129] [lio_node_v2]: Scan 475: low GICP conf (0.10), χ²=1.0
[WARN] [1781615476.490872386] [lio_node_v2]: Scan 476: low GICP conf (0.10), χ²=0.2
[WARN] [1781615477.471827782] [lio_node_v2]: Scan 477: low GICP conf (0.10), χ²=0.1
[WARN] [1781615478.250888783] [lio_node_v2]: Scan 478: low GICP conf (0.10), χ²=0.3
[WARN] [1781615479.909651733] [lio_node_v2]: Scan 479: low GICP conf (0.10), χ²=11.3
[WARN] [1781615481.782488290] [lio_node_v2]: Scan 480: GICP update REJECTED (χ²=181.9 > 136.5) — conf=0.10, IMU holds
[WARN] [1781615482.950043436] [lio_node_v2]: Scan 481: GICP update REJECTED (χ²=409.9 > 136.5) — conf=0.10, IMU holds
[WARN] [1781615483.439869898] [lio_node_v2]: Scan 482: low GICP conf (0.10), χ²=2.8
[WARN] [1781615484.089864180] [lio_node_v2]: Scan 483: GICP update REJECTED (χ²=842.3 > 136.5) — conf=0.20, IMU holds
[WARN] [1781615553.342134979] [lio_node_v2]: Scan 674: GICP update REJECTED (χ²=159.3 > 136.5) — conf=0.73, IMU holds
[WARN] [1781615553.662246981] [lio_node_v2]: Scan 675: GICP update REJECTED (χ²=177.7 > 136.5) — conf=0.70, IMU holds
[WARN] [1781615553.993001705] [lio_node_v2]: Scan 676: GICP update REJECTED (χ²=193.2 > 136.5) — conf=0.70, IMU holds
[WARN] [1781615627.111677421] [lio_node_v2]: Scan 794: low GICP conf (0.10), χ²=0.4
[WARN] [1781615629.416606099] [lio_node_v2]: Scan 795: low GICP conf (0.10), χ²=0.1
[WARN] [1781615630.444953085] [lio_node_v2]: Scan 796: low GICP conf (0.10), χ²=3.1
[WARN] [1781615632.254731492] [lio_node_v2]: Scan 797: low GICP conf (0.11), χ²=4.2
[WARN] [1781615633.141818527] [lio_node_v2]: Scan 798: low GICP conf (0.18), χ²=5.7
[WARN] [1781615644.145171500] [lio_node_v2]: Scan 818: low GICP conf (0.17), χ²=0.2
[WARN] [1781615683.279148324] [lio_node_v2]: Scan 853: low GICP conf (0.10), χ²=0.6
Traceback (most recent call last):
  File "/u/97/habibip1/unix/ros2_ws/install/regnonrep/lib/regnonrep/ros_lio_v2.py", line 783, in <module>
    main()
  File "/u/97/habibip1/unix/ros2_ws/install/regnonrep/lib/regnonrep/ros_lio_v2.py", line 779, in main
    rclpy.shutdown()
  File "/opt/ros/humble/local/lib/python3.10/dist-packages/rclpy/__init__.py", line 130, in shutdown
    _shutdown(context=context)
  File "/opt/ros/humble/local/lib/python3.10/dist-packages/rclpy/utilities.py", line 58, in shutdown
    return context.shutdown()
  File "/opt/ros/humble/local/lib/python3.10/dist-packages/rclpy/context.py", line 102, in shutdown
    self.__context.shutdown()
rclpy._rclpy_pybind11.RCLError: failed to shutdown: rcl_shutdown already called on the given context, at ./src/rcl/init.c:241
