[INFO] [1781594058.172947483] [lio_node_v2]: [debug] Writing per-scan CSV → /u/97/habibip1/unix/ros2_ws/src/regnonrep/tum/optuna_full/trial0013.csv
stdin is not a terminal device. Keyboard handling disabled.[INFO] [1781594058.404007283] [rosbag2_storage]: Opened database '/u/97/habibip1/unix/point_cloud_registeration_benchmark/dataset/Tier/Livox_avia/indoor1_avia/indoor1_avia/indoor1_avia.db3' for READ_ONLY.
[INFO] [1781594058.404085944] [rosbag2_player]: Set rate to 0.3
[INFO] [1781594058.413782464] [rosbag2_player]: Adding keyboard callbacks.
[INFO] [1781594058.413811087] [rosbag2_player]: Press SPACE for Pause/Resume
[INFO] [1781594058.413816613] [rosbag2_player]: Press CURSOR_RIGHT for Play Next Message
[INFO] [1781594058.413822157] [rosbag2_player]: Press CURSOR_UP for Increase Rate 10%
[INFO] [1781594058.413825897] [rosbag2_player]: Press CURSOR_DOWN for Decrease Rate 10%
[INFO] [1781594058.414128931] [rosbag2_storage]: Opened database '/u/97/habibip1/unix/point_cloud_registeration_benchmark/dataset/Tier/Livox_avia/indoor1_avia/indoor1_avia/indoor1_avia.db3' for READ_ONLY.
/u/97/habibip1/unix/.local/lib/python3.10/site-packages/matplotlib/projections/__init__.py:63: UserWarning: Unable to import Axes3D. This may be due to multiple versions of Matplotlib being installed (e.g. as a system package and as a pip package). As a result, the 3D projection is not available.
  warnings.warn("Unable to import Axes3D. This may be due to multiple versions of "
[INFO] [1781594058.457083215] [lio_node_v2]: Using Pctools.apply_gicp_with_init_full (H matrix)
[INFO] [1781594058.478286017] [lio_node_v2]: === LIO Node (Non-Rep + iESKF Point-LIO style) ===
[INFO] [1781594058.478732513] [lio_node_v2]: lidar=/avia/livox/points  use_imu=True
[INFO] [1781594058.479120918] [lio_node_v2]: imu=/avia/livox/imu  accel_scale=9.81  σ_gyro=0.0017924420042481344  σ_accel=0.02755748478366536  σ_bg=6.104877155576248e-05  σ_ba=0.00046050571989597746
[INFO] [1781594058.479500943] [lio_node_v2]: IIR filter: 2nd-order Butterworth LP, cutoff=25 Hz, approx group_delay=20 ms (was 100 ms with 41-tap FIR), propagation at full 200 Hz
[INFO] [1781594058.482044613] [lio_node_v2]: === LIO Node V2 (18-DOF IESKF18, Super-LIO ports) ===
[INFO] [1781594058.482433341] [lio_node_v2]:   Gravity in state:           online estimation, norm-constrained
[INFO] [1781594058.482777374] [lio_node_v2]:   Update form:                information-form (A = P⁻¹ + HᵀV⁻¹H)
[INFO] [1781594058.483089918] [lio_node_v2]:   Propagation:                right-Jacobian J_r, midpoint integration
[INFO] [1781594058.483404922] [lio_node_v2]:   level_init:                 True  (gravity-aligned world frame)
[INFO] [1781594058.483721287] [lio_node_v2]:   imu_auto_scale:             True
[INFO] [1781594058.484005160] [lio_node_v2]:   undistort_translation:      True
[INFO] [1781594058.484287719] [lio_node_v2]:   init_g_cov:                 0.0015898650549271791
[INFO] [1781594058.484556731] [lio_node_v2]:   ieskf_sigma_gyro/accel:     0.0017924420042481344 / 0.02755748478366536
[INFO] [1781594061.440394443] [lio_node_v2]: Static init complete — g_world=[0.000, 0.000, 9.810] norm=9.810 m/s²  |  gyro_bias=[0.0012, 0.0002, 0.0007] rad/s
[INFO] [1781594061.441061564] [lio_node_v2]: [level_init] World frame leveled (gravity-aligned, yaw removed); accel_scale=1.0058 — map restarted
Traceback (most recent call last):
  File "/u/97/habibip1/unix/ros2_ws/install/regnonrep/lib/regnonrep/ros_lio_v2.py", line 783, in <module>
    main()
  File "/u/97/habibip1/unix/ros2_ws/install/regnonrep/lib/regnonrep/ros_lio_v2.py", line 779, in main
    rclpy.shutdown()
  File "/opt/ros/humble/local/lib/python3.10/dist-packages/rclpy/__init__.py", line 130, in shutdown
    _shutdown(context=context)
  File "/opt/ros/humble/local/lib/python3.10/dist-packages/rclpy/utilities.py", line 58, in shutdown
    return context.shutdown()
  File "/opt/ros/humble/local/lib/python3.10/dist-packages/rclpy/context.py", line 102, in shutdown
    self.__context.shutdown()
rclpy._rclpy_pybind11.RCLError: failed to shutdown: rcl_shutdown already called on the given context, at ./src/rcl/init.c:241
