[INFO] [1781616099.934405099] [lio_node_v2]: [debug] Writing per-scan CSV → /u/97/habibip1/unix/ros2_ws/src/regnonrep/tum/optuna_full/trial0055.csv
/u/97/habibip1/unix/.local/lib/python3.10/site-packages/matplotlib/projections/__init__.py:63: UserWarning: Unable to import Axes3D. This may be due to multiple versions of Matplotlib being installed (e.g. as a system package and as a pip package). As a result, the 3D projection is not available.
  warnings.warn("Unable to import Axes3D. This may be due to multiple versions of "
[INFO] [1781616100.200396206] [lio_node_v2]: Using Pctools.apply_gicp_with_init_full (H matrix)
[INFO] [1781616100.206713668] [lio_node_v2]: === LIO Node (Non-Rep + iESKF Point-LIO style) ===
[INFO] [1781616100.206932130] [lio_node_v2]: lidar=/avia/livox/points  use_imu=True
[INFO] [1781616100.207129641] [lio_node_v2]: imu=/avia/livox/imu  accel_scale=9.81  σ_gyro=0.0019534342227972845  σ_accel=0.019150896926181014  σ_bg=1.2493028452884778e-05  σ_ba=0.002154546506924448
[INFO] [1781616100.207321819] [lio_node_v2]: IIR filter: 2nd-order Butterworth LP, cutoff=25 Hz, approx group_delay=20 ms (was 100 ms with 41-tap FIR), propagation at full 200 Hz
[INFO] [1781616100.208648988] [lio_node_v2]: === LIO Node V2 (18-DOF IESKF18, Super-LIO ports) ===
[INFO] [1781616100.208855509] [lio_node_v2]:   Gravity in state:           online estimation, norm-constrained
[INFO] [1781616100.209027850] [lio_node_v2]:   Update form:                information-form (A = P⁻¹ + HᵀV⁻¹H)
[INFO] [1781616100.209237926] [lio_node_v2]:   Propagation:                right-Jacobian J_r, midpoint integration
[INFO] [1781616100.209418908] [lio_node_v2]:   level_init:                 True  (gravity-aligned world frame)
[INFO] [1781616100.209587717] [lio_node_v2]:   imu_auto_scale:             True
[INFO] [1781616100.209757886] [lio_node_v2]:   undistort_translation:      True
[INFO] [1781616100.209932522] [lio_node_v2]:   init_g_cov:                 0.0003635185447026262
[INFO] [1781616100.210102583] [lio_node_v2]:   ieskf_sigma_gyro/accel:     0.0019534342227972845 / 0.019150896926181014
stdin is not a terminal device. Keyboard handling disabled.[INFO] [1781616101.230325997] [rosbag2_storage]: Opened database '/u/97/habibip1/unix/point_cloud_registeration_benchmark/dataset/Tier/Livox_avia/indoor1_avia/indoor1_avia/indoor1_avia.db3' for READ_ONLY.
[INFO] [1781616101.230368267] [rosbag2_player]: Set rate to 0.3
[INFO] [1781616101.233536884] [rosbag2_player]: Adding keyboard callbacks.
[INFO] [1781616101.233575059] [rosbag2_player]: Press SPACE for Pause/Resume
[INFO] [1781616101.233582381] [rosbag2_player]: Press CURSOR_RIGHT for Play Next Message
[INFO] [1781616101.233586531] [rosbag2_player]: Press CURSOR_UP for Increase Rate 10%
[INFO] [1781616101.233589974] [rosbag2_player]: Press CURSOR_DOWN for Decrease Rate 10%
[INFO] [1781616101.233872133] [rosbag2_storage]: Opened database '/u/97/habibip1/unix/point_cloud_registeration_benchmark/dataset/Tier/Livox_avia/indoor1_avia/indoor1_avia/indoor1_avia.db3' for READ_ONLY.
[INFO] [1781616104.244426330] [lio_node_v2]: Static init complete — g_world=[0.000, 0.000, 9.810] norm=9.810 m/s²  |  gyro_bias=[0.0012, 0.0002, 0.0007] rad/s
[INFO] [1781616104.244740228] [lio_node_v2]: [level_init] World frame leveled (gravity-aligned, yaw removed); accel_scale=1.0058 — map restarted
[WARN] [1781616183.932057671] [lio_node_v2]: Scan 238: low GICP conf (0.10), χ²=0.0
[WARN] [1781616199.276765881] [lio_node_v2]: Scan 284: low GICP conf (0.10), χ²=0.2
[WARN] [1781616204.278254624] [lio_node_v2]: Scan 299: low GICP conf (0.10), χ²=0.0
[WARN] [1781616232.002103188] [lio_node_v2]: Scan 382: low GICP conf (0.10), χ²=0.1
[WARN] [1781616263.661508029] [lio_node_v2]: Scan 477: low GICP conf (0.10), χ²=0.5
[WARN] [1781616264.340361494] [lio_node_v2]: Scan 479: low GICP conf (0.16), χ²=0.8
[WARN] [1781616267.426341489] [lio_node_v2]: Scan 488: low GICP conf (0.10), χ²=0.5
[WARN] [1781616268.372359818] [lio_node_v2]: Scan 491: low GICP conf (0.10), χ²=1.0
[WARN] [1781616269.408954931] [lio_node_v2]: Scan 494: low GICP conf (0.10), χ²=1.2
[WARN] [1781616270.061084438] [lio_node_v2]: Scan 496: low GICP conf (0.18), χ²=1.3
[WARN] [1781616270.339778621] [lio_node_v2]: Scan 497: low GICP conf (0.11), χ²=0.1
[WARN] [1781616271.338296298] [lio_node_v2]: Scan 500: low GICP conf (0.10), χ²=0.8
[WARN] [1781616271.680334299] [lio_node_v2]: Scan 501: low GICP conf (0.11), χ²=1.7
[WARN] [1781616272.322077316] [lio_node_v2]: Scan 503: low GICP conf (0.10), χ²=0.3
[WARN] [1781616272.710447614] [lio_node_v2]: Scan 504: low GICP conf (0.10), χ²=1.9
[WARN] [1781616273.017546007] [lio_node_v2]: Scan 505: low GICP conf (0.10), χ²=1.1
[WARN] [1781616273.710593222] [lio_node_v2]: Scan 507: low GICP conf (0.10), χ²=0.2
[WARN] [1781616274.005273693] [lio_node_v2]: Scan 508: low GICP conf (0.11), χ²=1.3
[WARN] [1781616275.316489884] [lio_node_v2]: Scan 512: low GICP conf (0.15), χ²=0.2
[WARN] [1781616306.666379862] [lio_node_v2]: Scan 606: low GICP conf (0.10), χ²=0.6
[WARN] [1781616344.048139908] [lio_node_v2]: Scan 718: low GICP conf (0.10), χ²=0.3
[WARN] [1781616350.970427740] [lio_node_v2]: Scan 739: low GICP conf (0.10), χ²=0.5
[WARN] [1781616363.320720977] [lio_node_v2]: Scan 776: low GICP conf (0.10), χ²=0.4
[WARN] [1781616384.715714758] [lio_node_v2]: Scan 840: low GICP conf (0.17), χ²=0.3
[WARN] [1781616415.354116149] [lio_node_v2]: Scan 931: low GICP conf (0.19), χ²=0.1
[WARN] [1781616416.473377844] [lio_node_v2]: Scan 933: low GICP conf (0.18), χ²=0.0
[WARN] [1781616417.887488849] [lio_node_v2]: Scan 935: low GICP conf (0.10), χ²=0.2
[WARN] [1781616418.547503323] [lio_node_v2]: Scan 936: low GICP conf (0.11), χ²=0.6
[WARN] [1781616419.505702984] [lio_node_v2]: Scan 937: low GICP conf (0.10), χ²=1.1
[WARN] [1781616420.454487734] [lio_node_v2]: Scan 938: low GICP conf (0.10), χ²=0.7
[WARN] [1781616421.365890707] [lio_node_v2]: Scan 939: low GICP conf (0.17), χ²=2.4
[WARN] [1781616423.298594332] [lio_node_v2]: Scan 941: low GICP conf (0.10), χ²=1.4
[WARN] [1781616424.013600100] [lio_node_v2]: Scan 942: low GICP conf (0.10), χ²=17.0
[WARN] [1781616424.557803069] [lio_node_v2]: Scan 943: low GICP conf (0.10), χ²=2.8
[WARN] [1781616424.946670412] [lio_node_v2]: Scan 944: low GICP conf (0.15), χ²=1.8
[WARN] [1781616431.693185480] [lio_node_v2]: Scan 969: low GICP conf (0.10), χ²=96.0
[WARN] [1781616465.325702502] [lio_node_v2]: Scan 1070: low GICP conf (0.10), χ²=0.3
[WARN] [1781616465.666202790] [lio_node_v2]: Scan 1071: low GICP conf (0.10), χ²=0.4
[WARN] [1781616471.333898638] [lio_node_v2]: Scan 1088: low GICP conf (0.17), χ²=0.3
[WARN] [1781616480.662642989] [lio_node_v2]: Scan 1116: low GICP conf (0.10), χ²=0.6
Traceback (most recent call last):
  File "/u/97/habibip1/unix/ros2_ws/install/regnonrep/lib/regnonrep/ros_lio_v2.py", line 783, in <module>
    main()
  File "/u/97/habibip1/unix/ros2_ws/install/regnonrep/lib/regnonrep/ros_lio_v2.py", line 779, in main
    rclpy.shutdown()
  File "/opt/ros/humble/local/lib/python3.10/dist-packages/rclpy/__init__.py", line 130, in shutdown
    _shutdown(context=context)
  File "/opt/ros/humble/local/lib/python3.10/dist-packages/rclpy/utilities.py", line 58, in shutdown
    return context.shutdown()
  File "/opt/ros/humble/local/lib/python3.10/dist-packages/rclpy/context.py", line 102, in shutdown
    self.__context.shutdown()
rclpy._rclpy_pybind11.RCLError: failed to shutdown: rcl_shutdown already called on the given context, at ./src/rcl/init.c:241
