stdin is not a terminal device. Keyboard handling disabled.[INFO] [1781608394.343684905] [rosbag2_storage]: Opened database '/u/97/habibip1/unix/point_cloud_registeration_benchmark/dataset/Tier/Livox_avia/indoor1_avia/indoor1_avia/indoor1_avia.db3' for READ_ONLY.
[INFO] [1781608394.343862983] [rosbag2_player]: Set rate to 0.3
[INFO] [1781608394.354819643] [rosbag2_player]: Adding keyboard callbacks.
[INFO] [1781608394.354917963] [rosbag2_player]: Press SPACE for Pause/Resume
[INFO] [1781608394.354932597] [rosbag2_player]: Press CURSOR_RIGHT for Play Next Message
[INFO] [1781608394.354944052] [rosbag2_player]: Press CURSOR_UP for Increase Rate 10%
[INFO] [1781608394.354953901] [rosbag2_player]: Press CURSOR_DOWN for Decrease Rate 10%
[INFO] [1781608394.355797255] [rosbag2_storage]: Opened database '/u/97/habibip1/unix/point_cloud_registeration_benchmark/dataset/Tier/Livox_avia/indoor1_avia/indoor1_avia/indoor1_avia.db3' for READ_ONLY.
[INFO] [1781608395.052604729] [lio_node_v2]: [debug] Writing per-scan CSV → /u/97/habibip1/unix/ros2_ws/src/regnonrep/tum/optuna_full/trial0047.csv
/u/97/habibip1/unix/.local/lib/python3.10/site-packages/matplotlib/projections/__init__.py:63: UserWarning: Unable to import Axes3D. This may be due to multiple versions of Matplotlib being installed (e.g. as a system package and as a pip package). As a result, the 3D projection is not available.
  warnings.warn("Unable to import Axes3D. This may be due to multiple versions of "
[INFO] [1781608395.622515689] [lio_node_v2]: Using Pctools.apply_gicp_with_init_full (H matrix)
[INFO] [1781608395.636086340] [lio_node_v2]: === LIO Node (Non-Rep + iESKF Point-LIO style) ===
[INFO] [1781608395.636645262] [lio_node_v2]: lidar=/avia/livox/points  use_imu=True
[INFO] [1781608395.637145169] [lio_node_v2]: imu=/avia/livox/imu  accel_scale=9.81  σ_gyro=0.00842286049727019  σ_accel=0.07702610169851642  σ_bg=0.000472738285115789  σ_ba=0.00010550775903494313
[INFO] [1781608395.637617175] [lio_node_v2]: IIR filter: 2nd-order Butterworth LP, cutoff=25 Hz, approx group_delay=20 ms (was 100 ms with 41-tap FIR), propagation at full 200 Hz
[INFO] [1781608395.640855539] [lio_node_v2]: === LIO Node V2 (18-DOF IESKF18, Super-LIO ports) ===
[INFO] [1781608395.641401069] [lio_node_v2]:   Gravity in state:           online estimation, norm-constrained
[INFO] [1781608395.641867156] [lio_node_v2]:   Update form:                information-form (A = P⁻¹ + HᵀV⁻¹H)
[INFO] [1781608395.642310489] [lio_node_v2]:   Propagation:                right-Jacobian J_r, midpoint integration
[INFO] [1781608395.642781331] [lio_node_v2]:   level_init:                 True  (gravity-aligned world frame)
[INFO] [1781608395.643224036] [lio_node_v2]:   imu_auto_scale:             True
[INFO] [1781608395.643668001] [lio_node_v2]:   undistort_translation:      True
[INFO] [1781608395.644117688] [lio_node_v2]:   init_g_cov:                 0.0014011318828509596
[INFO] [1781608395.644575930] [lio_node_v2]:   ieskf_sigma_gyro/accel:     0.00842286049727019 / 0.07702610169851642
[INFO] [1781608398.708048455] [lio_node_v2]: Static init complete — g_world=[0.000, 0.000, 9.810] norm=9.810 m/s²  |  gyro_bias=[0.0012, 0.0001, 0.0006] rad/s
[INFO] [1781608398.708861081] [lio_node_v2]: [level_init] World frame leveled (gravity-aligned, yaw removed); accel_scale=1.0055 — map restarted
[WARN] [1781608421.073624835] [lio_node_v2]: Scan 66: low GICP conf (0.10), χ²=0.0
[WARN] [1781608494.430306646] [lio_node_v2]: Scan 286: low GICP conf (0.10), χ²=0.1
[WARN] [1781608524.868210283] [lio_node_v2]: Scan 377: low GICP conf (0.10), χ²=0.0
[WARN] [1781608557.348150922] [lio_node_v2]: Scan 474: low GICP conf (0.10), χ²=0.0
[WARN] [1781608558.672211245] [lio_node_v2]: Scan 478: low GICP conf (0.12), χ²=0.0
[WARN] [1781608559.371698058] [lio_node_v2]: Scan 479: low GICP conf (0.33), χ²=0.2
[WARN] [1781608561.438392745] [lio_node_v2]: Scan 482: low GICP conf (0.10), χ²=0.0
[WARN] [1781608561.918879597] [lio_node_v2]: Scan 483: low GICP conf (0.10), χ²=0.1
[WARN] [1781608563.292588429] [lio_node_v2]: Scan 485: low GICP conf (0.10), χ²=0.1
[WARN] [1781608564.582451499] [lio_node_v2]: Scan 486: low GICP conf (0.10), χ²=0.5
[WARN] [1781608565.455839970] [lio_node_v2]: Scan 487: low GICP conf (0.10), χ²=0.0
[WARN] [1781608566.399294265] [lio_node_v2]: Scan 488: low GICP conf (0.25), χ²=0.4
[WARN] [1781608567.334294085] [lio_node_v2]: Scan 489: low GICP conf (0.10), χ²=0.3
[WARN] [1781608568.433475313] [lio_node_v2]: Scan 490: low GICP conf (0.10), χ²=0.2
[WARN] [1781608569.449633740] [lio_node_v2]: Scan 491: low GICP conf (0.13), χ²=0.2
[WARN] [1781608570.336274696] [lio_node_v2]: Scan 492: low GICP conf (0.10), χ²=4.4
[WARN] [1781608570.986497636] [lio_node_v2]: Scan 493: low GICP conf (0.10), χ²=20.9
[WARN] [1781608571.318832944] [lio_node_v2]: Scan 494: low GICP conf (0.11), χ²=0.5
[WARN] [1781608571.665397923] [lio_node_v2]: Scan 495: low GICP conf (0.36), χ²=0.2
[WARN] [1781608582.739627796] [lio_node_v2]: Scan 529: low GICP conf (0.16), χ²=0.1
[WARN] [1781608602.996486758] [lio_node_v2]: Scan 585: low GICP conf (0.18), χ²=0.1
[WARN] [1781608635.905950579] [lio_node_v2]: Scan 669: low GICP conf (0.22), χ²=0.1
[WARN] [1781608638.193135366] [lio_node_v2]: Scan 672: low GICP conf (0.10), χ²=0.1
[WARN] [1781608642.252878913] [lio_node_v2]: Scan 680: GICP update REJECTED (χ²=52.0 > 25.4) — conf=0.91, IMU holds
[WARN] [1781608713.557816598] [lio_node_v2]: Scan 809: low GICP conf (0.10), χ²=0.3
[WARN] [1781608715.946409242] [lio_node_v2]: Scan 810: low GICP conf (0.29), χ²=0.3
[WARN] [1781608718.453262663] [lio_node_v2]: Scan 811: low GICP conf (0.10), χ²=0.6
[WARN] [1781608719.797949536] [lio_node_v2]: Scan 812: low GICP conf (0.10), χ²=8.3
[WARN] [1781608742.997475238] [lio_node_v2]: Scan 843: low GICP conf (0.21), χ²=0.3
[WARN] [1781608760.441538440] [lio_node_v2]: Scan 872: low GICP conf (0.10), χ²=0.1
Traceback (most recent call last):
  File "/u/97/habibip1/unix/ros2_ws/install/regnonrep/lib/regnonrep/ros_lio_v2.py", line 783, in <module>
    main()
  File "/u/97/habibip1/unix/ros2_ws/install/regnonrep/lib/regnonrep/ros_lio_v2.py", line 779, in main
    rclpy.shutdown()
  File "/opt/ros/humble/local/lib/python3.10/dist-packages/rclpy/__init__.py", line 130, in shutdown
    _shutdown(context=context)
  File "/opt/ros/humble/local/lib/python3.10/dist-packages/rclpy/utilities.py", line 58, in shutdown
    return context.shutdown()
  File "/opt/ros/humble/local/lib/python3.10/dist-packages/rclpy/context.py", line 102, in shutdown
    self.__context.shutdown()
rclpy._rclpy_pybind11.RCLError: failed to shutdown: rcl_shutdown already called on the given context, at ./src/rcl/init.c:241
