[INFO] [1781530745.616115143] [lio_node_v2]: [debug] Writing per-scan CSV → /u/97/habibip1/unix/ros2_ws/src/regnonrep/tum/optuna_full/trial0006.csv
/u/97/habibip1/unix/.local/lib/python3.10/site-packages/matplotlib/projections/__init__.py:63: UserWarning: Unable to import Axes3D. This may be due to multiple versions of Matplotlib being installed (e.g. as a system package and as a pip package). As a result, the 3D projection is not available.
  warnings.warn("Unable to import Axes3D. This may be due to multiple versions of "
[INFO] [1781530745.820815193] [lio_node_v2]: Using Pctools.apply_gicp_with_init_full (H matrix)
[INFO] [1781530745.825083829] [lio_node_v2]: === LIO Node (Non-Rep + iESKF Point-LIO style) ===
[INFO] [1781530745.825258761] [lio_node_v2]: lidar=/avia/livox/points  use_imu=True
[INFO] [1781530745.825424188] [lio_node_v2]: imu=/avia/livox/imu  accel_scale=9.81  σ_gyro=0.008781408196485976  σ_accel=0.08411909465645724  σ_bg=3.188339735100187e-05  σ_ba=0.0009874088417386245
[INFO] [1781530745.825584067] [lio_node_v2]: IIR filter: 2nd-order Butterworth LP, cutoff=25 Hz, approx group_delay=20 ms (was 100 ms with 41-tap FIR), propagation at full 200 Hz
[INFO] [1781530745.826604673] [lio_node_v2]: === LIO Node V2 (18-DOF IESKF18, Super-LIO ports) ===
[INFO] [1781530745.826783787] [lio_node_v2]:   Gravity in state:           online estimation, norm-constrained
[INFO] [1781530745.826928447] [lio_node_v2]:   Update form:                information-form (A = P⁻¹ + HᵀV⁻¹H)
[INFO] [1781530745.827068906] [lio_node_v2]:   Propagation:                right-Jacobian J_r, midpoint integration
[INFO] [1781530745.827211053] [lio_node_v2]:   level_init:                 True  (gravity-aligned world frame)
[INFO] [1781530745.827353401] [lio_node_v2]:   imu_auto_scale:             True
[INFO] [1781530745.827506426] [lio_node_v2]:   undistort_translation:      True
[INFO] [1781530745.827658498] [lio_node_v2]:   init_g_cov:                 0.0001606626792172772
[INFO] [1781530745.827806496] [lio_node_v2]:   ieskf_sigma_gyro/accel:     0.008781408196485976 / 0.08411909465645724
stdin is not a terminal device. Keyboard handling disabled.[INFO] [1781530747.185431178] [rosbag2_storage]: Opened database '/u/97/habibip1/unix/point_cloud_registeration_benchmark/dataset/Tier/Livox_avia/indoor1_avia/indoor1_avia/indoor1_avia.db3' for READ_ONLY.
[INFO] [1781530747.185468306] [rosbag2_player]: Set rate to 0.3
[INFO] [1781530747.188956268] [rosbag2_player]: Adding keyboard callbacks.
[INFO] [1781530747.189004243] [rosbag2_player]: Press SPACE for Pause/Resume
[INFO] [1781530747.189018889] [rosbag2_player]: Press CURSOR_RIGHT for Play Next Message
[INFO] [1781530747.189032369] [rosbag2_player]: Press CURSOR_UP for Increase Rate 10%
[INFO] [1781530747.189043249] [rosbag2_player]: Press CURSOR_DOWN for Decrease Rate 10%
[INFO] [1781530747.189445552] [rosbag2_storage]: Opened database '/u/97/habibip1/unix/point_cloud_registeration_benchmark/dataset/Tier/Livox_avia/indoor1_avia/indoor1_avia/indoor1_avia.db3' for READ_ONLY.
[INFO] [1781530750.197944042] [lio_node_v2]: Static init complete — g_world=[0.000, 0.000, 9.810] norm=9.810 m/s²  |  gyro_bias=[0.0012, 0.0002, 0.0007] rad/s
[INFO] [1781530750.198217611] [lio_node_v2]: [level_init] World frame leveled (gravity-aligned, yaw removed); accel_scale=1.0058 — map restarted
[WARN] [1781530845.216536022] [lio_node_v2]: Scan 285: low GICP conf (0.26), χ²=0.1
[WARN] [1781530846.897177323] [lio_node_v2]: Scan 290: low GICP conf (0.17), χ²=0.0
[WARN] [1781530856.563473056] [lio_node_v2]: Scan 319: GICP update REJECTED (χ²=88.8 > 62.9) — conf=0.59, IMU holds
[WARN] [1781530857.233319896] [lio_node_v2]: Scan 321: low GICP conf (0.10), χ²=4.8
[WARN] [1781530860.233699044] [lio_node_v2]: Scan 330: GICP update REJECTED (χ²=269.5 > 62.9) — conf=0.79, IMU holds
[WARN] [1781530880.283919711] [lio_node_v2]: Scan 390: low GICP conf (0.10), χ²=0.2
[WARN] [1781530893.583313390] [lio_node_v2]: Scan 430: GICP update REJECTED (χ²=112.3 > 62.9) — conf=0.46, IMU holds
[WARN] [1781530911.163560144] [lio_node_v2]: Scan 482: low GICP conf (0.34), χ²=0.1
[WARN] [1781530912.068245328] [lio_node_v2]: Scan 484: low GICP conf (0.29), χ²=0.0
[WARN] [1781530913.415884543] [lio_node_v2]: Scan 486: low GICP conf (0.26), χ²=0.4
[WARN] [1781530914.278157821] [lio_node_v2]: Scan 488: low GICP conf (0.10), χ²=1.2
[WARN] [1781530915.060825213] [lio_node_v2]: Scan 489: low GICP conf (0.16), χ²=0.3
[WARN] [1781530915.726052079] [lio_node_v2]: Scan 490: low GICP conf (0.10), χ²=1.0
[WARN] [1781530916.313900092] [lio_node_v2]: Scan 491: low GICP conf (0.10), χ²=0.2
[WARN] [1781530916.835566183] [lio_node_v2]: Scan 492: low GICP conf (0.10), χ²=0.3
[WARN] [1781530917.531582110] [lio_node_v2]: Scan 493: low GICP conf (0.10), χ²=1.3
[WARN] [1781530918.008800585] [lio_node_v2]: Scan 494: low GICP conf (0.27), χ²=0.2
[WARN] [1781530919.708752012] [lio_node_v2]: Scan 496: low GICP conf (0.10), χ²=1.3
[WARN] [1781530920.155369980] [lio_node_v2]: Scan 497: low GICP conf (0.10), χ²=0.3
[WARN] [1781530920.778289182] [lio_node_v2]: Scan 498: low GICP conf (0.10), χ²=0.4
[WARN] [1781530921.454534476] [lio_node_v2]: Scan 499: low GICP conf (0.10), χ²=0.5
[WARN] [1781530922.083285489] [lio_node_v2]: Scan 500: low GICP conf (0.16), χ²=5.3
[WARN] [1781530922.842503758] [lio_node_v2]: Scan 501: low GICP conf (0.10), χ²=5.2
[WARN] [1781530923.463314412] [lio_node_v2]: Scan 502: low GICP conf (0.10), χ²=1.7
[WARN] [1781530923.848544675] [lio_node_v2]: Scan 503: low GICP conf (0.10), χ²=2.2
[WARN] [1781530924.795921980] [lio_node_v2]: Scan 506: low GICP conf (0.10), χ²=0.2
[WARN] [1781530925.282594200] [lio_node_v2]: Scan 508: GICP update REJECTED (χ²=269.3 > 62.9) — conf=0.10, IMU holds
[WARN] [1781530925.727765047] [lio_node_v2]: Scan 510: GICP update REJECTED (χ²=483.7 > 62.9) — conf=0.10, IMU holds
[WARN] [1781530925.993761947] [lio_node_v2]: Scan 511: GICP update REJECTED (χ²=231.9 > 62.9) — conf=0.10, IMU holds
[WARN] [1781530926.246116624] [lio_node_v2]: Scan 512: GICP update REJECTED (χ²=297.6 > 62.9) — conf=0.10, IMU holds
[WARN] [1781530926.432552953] [lio_node_v2]: Scan 513: low GICP conf (0.10), χ²=37.3
[WARN] [1781530927.063772437] [lio_node_v2]: Scan 516: GICP update REJECTED (χ²=65.2 > 62.9) — conf=0.64, IMU holds
[WARN] [1781530934.614739897] [lio_node_v2]: Scan 540: low GICP conf (0.35), χ²=0.3
[WARN] [1781531009.294789426] [lio_node_v2]: Scan 764: low GICP conf (0.10), χ²=0.0
[WARN] [1781531059.907585952] [lio_node_v2]: Scan 915: low GICP conf (0.34), χ²=0.1
[WARN] [1781531061.207883593] [lio_node_v2]: Scan 917: low GICP conf (0.23), χ²=0.1
[WARN] [1781531066.674154594] [lio_node_v2]: Scan 923: low GICP conf (0.10), χ²=0.9
[WARN] [1781531067.643493649] [lio_node_v2]: Scan 924: low GICP conf (0.10), χ²=0.2
[WARN] [1781531069.448149497] [lio_node_v2]: Scan 926: low GICP conf (0.10), χ²=1.2
[WARN] [1781531070.352287659] [lio_node_v2]: Scan 927: low GICP conf (0.10), χ²=1.4
[WARN] [1781531071.103600554] [lio_node_v2]: Scan 928: low GICP conf (0.10), χ²=3.3
[WARN] [1781531071.673457697] [lio_node_v2]: Scan 929: low GICP conf (0.10), χ²=23.6
[WARN] [1781531072.307332975] [lio_node_v2]: Scan 930: GICP update REJECTED (χ²=304.7 > 62.9) — conf=0.10, IMU holds
[WARN] [1781531072.769408907] [lio_node_v2]: Scan 931: GICP update REJECTED (χ²=171.5 > 62.9) — conf=0.10, IMU holds
[WARN] [1781531073.641183221] [lio_node_v2]: Scan 933: low GICP conf (0.10), χ²=1.1
[WARN] [1781531073.931684082] [lio_node_v2]: Scan 934: GICP update REJECTED (χ²=868.4 > 62.9) — conf=0.10, IMU holds
[WARN] [1781531074.698480298] [lio_node_v2]: Scan 936: GICP update REJECTED (χ²=482.4 > 62.9) — conf=0.10, IMU holds
[WARN] [1781531074.966346847] [lio_node_v2]: Scan 937: GICP update REJECTED (χ²=599.4 > 62.9) — conf=0.10, IMU holds
[WARN] [1781531075.450961172] [lio_node_v2]: Scan 939: GICP update REJECTED (χ²=400.7 > 62.9) — conf=0.10, IMU holds
[WARN] [1781531075.649576857] [lio_node_v2]: Scan 940: low GICP conf (0.10), χ²=60.0
[WARN] [1781531076.258090487] [lio_node_v2]: Scan 941: GICP update REJECTED (χ²=360.3 > 62.9) — conf=0.10, IMU holds
[WARN] [1781531076.715152971] [lio_node_v2]: Scan 943: GICP update REJECTED (χ²=927.1 > 62.9) — conf=0.27, IMU holds
[WARN] [1781531077.120939409] [lio_node_v2]: Scan 944: GICP update REJECTED (χ²=85.4 > 62.9) — conf=0.10, IMU holds
[WARN] [1781531077.851208018] [lio_node_v2]: Scan 947: GICP update REJECTED (χ²=1606.6 > 62.9) — conf=0.10, IMU holds
[WARN] [1781531078.052026528] [lio_node_v2]: Scan 948: GICP update REJECTED (χ²=125.6 > 62.9) — conf=0.10, IMU holds
[WARN] [1781531078.261518716] [lio_node_v2]: Scan 949: GICP update REJECTED (χ²=75.8 > 62.9) — conf=0.10, IMU holds
[WARN] [1781531078.514871545] [lio_node_v2]: Scan 950: GICP update REJECTED (χ²=157.0 > 62.9) — conf=0.10, IMU holds
[WARN] [1781531078.708879721] [lio_node_v2]: Scan 951: GICP update REJECTED (χ²=210.6 > 62.9) — conf=0.10, IMU holds
[WARN] [1781531079.173490706] [lio_node_v2]: Scan 953: GICP update REJECTED (χ²=381.0 > 62.9) — conf=0.10, IMU holds
[WARN] [1781531102.674824246] [lio_node_v2]: Scan 1025: low GICP conf (0.10), χ²=0.0
[WARN] [1781531123.349438632] [lio_node_v2]: Scan 1087: low GICP conf (0.14), χ²=0.1
[WARN] [1781531124.691111992] [lio_node_v2]: Scan 1091: low GICP conf (0.32), χ²=0.1
Traceback (most recent call last):
  File "/u/97/habibip1/unix/ros2_ws/install/regnonrep/lib/regnonrep/ros_lio_v2.py", line 783, in <module>
    main()
  File "/u/97/habibip1/unix/ros2_ws/install/regnonrep/lib/regnonrep/ros_lio_v2.py", line 779, in main
    rclpy.shutdown()
  File "/opt/ros/humble/local/lib/python3.10/dist-packages/rclpy/__init__.py", line 130, in shutdown
    _shutdown(context=context)
  File "/opt/ros/humble/local/lib/python3.10/dist-packages/rclpy/utilities.py", line 58, in shutdown
    return context.shutdown()
  File "/opt/ros/humble/local/lib/python3.10/dist-packages/rclpy/context.py", line 102, in shutdown
    self.__context.shutdown()
rclpy._rclpy_pybind11.RCLError: failed to shutdown: rcl_shutdown already called on the given context, at ./src/rcl/init.c:241
