[INFO] [1781599182.603471810] [lio_node_v2]: [debug] Writing per-scan CSV → /u/97/habibip1/unix/ros2_ws/src/regnonrep/tum/optuna_full/trial0026.csv
/u/97/habibip1/unix/.local/lib/python3.10/site-packages/matplotlib/projections/__init__.py:63: UserWarning: Unable to import Axes3D. This may be due to multiple versions of Matplotlib being installed (e.g. as a system package and as a pip package). As a result, the 3D projection is not available.
  warnings.warn("Unable to import Axes3D. This may be due to multiple versions of "
[INFO] [1781599182.810423638] [lio_node_v2]: Using Pctools.apply_gicp_with_init_full (H matrix)
[INFO] [1781599182.815212765] [lio_node_v2]: === LIO Node (Non-Rep + iESKF Point-LIO style) ===
[INFO] [1781599182.815418154] [lio_node_v2]: lidar=/avia/livox/points  use_imu=True
[INFO] [1781599182.815613765] [lio_node_v2]: imu=/avia/livox/imu  accel_scale=9.81  σ_gyro=0.0012983628652246343  σ_accel=0.09040459957250592  σ_bg=0.00035923091075157955  σ_ba=0.0028365288353220676
[INFO] [1781599182.815789494] [lio_node_v2]: IIR filter: 2nd-order Butterworth LP, cutoff=25 Hz, approx group_delay=20 ms (was 100 ms with 41-tap FIR), propagation at full 200 Hz
[INFO] [1781599182.817098666] [lio_node_v2]: === LIO Node V2 (18-DOF IESKF18, Super-LIO ports) ===
[INFO] [1781599182.817304518] [lio_node_v2]:   Gravity in state:           online estimation, norm-constrained
[INFO] [1781599182.817485628] [lio_node_v2]:   Update form:                information-form (A = P⁻¹ + HᵀV⁻¹H)
[INFO] [1781599182.817655932] [lio_node_v2]:   Propagation:                right-Jacobian J_r, midpoint integration
[INFO] [1781599182.817831018] [lio_node_v2]:   level_init:                 True  (gravity-aligned world frame)
[INFO] [1781599182.818002242] [lio_node_v2]:   imu_auto_scale:             True
[INFO] [1781599182.818175302] [lio_node_v2]:   undistort_translation:      True
[INFO] [1781599182.818345803] [lio_node_v2]:   init_g_cov:                 0.010363431290535081
[INFO] [1781599182.818517611] [lio_node_v2]:   ieskf_sigma_gyro/accel:     0.0012983628652246343 / 0.09040459957250592
stdin is not a terminal device. Keyboard handling disabled.[INFO] [1781599184.227200843] [rosbag2_storage]: Opened database '/u/97/habibip1/unix/point_cloud_registeration_benchmark/dataset/Tier/Livox_avia/indoor1_avia/indoor1_avia/indoor1_avia.db3' for READ_ONLY.
[INFO] [1781599184.227233590] [rosbag2_player]: Set rate to 0.3
[INFO] [1781599184.229744735] [rosbag2_player]: Adding keyboard callbacks.
[INFO] [1781599184.229764189] [rosbag2_player]: Press SPACE for Pause/Resume
[INFO] [1781599184.229769056] [rosbag2_player]: Press CURSOR_RIGHT for Play Next Message
[INFO] [1781599184.229772925] [rosbag2_player]: Press CURSOR_UP for Increase Rate 10%
[INFO] [1781599184.229776231] [rosbag2_player]: Press CURSOR_DOWN for Decrease Rate 10%
[INFO] [1781599184.230017572] [rosbag2_storage]: Opened database '/u/97/habibip1/unix/point_cloud_registeration_benchmark/dataset/Tier/Livox_avia/indoor1_avia/indoor1_avia/indoor1_avia.db3' for READ_ONLY.
[INFO] [1781599187.245965844] [lio_node_v2]: Static init complete — g_world=[0.000, 0.000, 9.810] norm=9.810 m/s²  |  gyro_bias=[0.0012, 0.0002, 0.0007] rad/s
[INFO] [1781599187.246316019] [lio_node_v2]: [level_init] World frame leveled (gravity-aligned, yaw removed); accel_scale=1.0058 — map restarted
[WARN] [1781599282.279404381] [lio_node_v2]: Scan 284: low GICP conf (0.10), χ²=0.1
[WARN] [1781599294.289035703] [lio_node_v2]: Scan 320: GICP update REJECTED (χ²=482.8 > 14.9) — conf=0.10, IMU holds
[WARN] [1781599294.618900757] [lio_node_v2]: Scan 321: GICP update REJECTED (χ²=525.4 > 14.9) — conf=0.10, IMU holds
[WARN] [1781599294.954346939] [lio_node_v2]: Scan 322: GICP update REJECTED (χ²=60.5 > 14.9) — conf=0.10, IMU holds
[WARN] [1781599295.289970819] [lio_node_v2]: Scan 323: GICP update REJECTED (χ²=68.7 > 14.9) — conf=0.10, IMU holds
[WARN] [1781599295.625237658] [lio_node_v2]: Scan 324: GICP update REJECTED (χ²=42.3 > 14.9) — conf=0.34, IMU holds
[WARN] [1781599295.963181495] [lio_node_v2]: Scan 325: GICP update REJECTED (χ²=43.1 > 14.9) — conf=0.31, IMU holds
[WARN] [1781599296.292645388] [lio_node_v2]: Scan 326: GICP update REJECTED (χ²=31.2 > 14.9) — conf=0.10, IMU holds
[WARN] [1781599296.954388804] [lio_node_v2]: Scan 328: GICP update REJECTED (χ²=414.8 > 14.9) — conf=0.10, IMU holds
[WARN] [1781599297.282925093] [lio_node_v2]: Scan 329: GICP update REJECTED (χ²=270.9 > 14.9) — conf=0.10, IMU holds
[WARN] [1781599297.632100214] [lio_node_v2]: Scan 330: GICP update REJECTED (χ²=286.7 > 14.9) — conf=0.10, IMU holds
[WARN] [1781599297.968679549] [lio_node_v2]: Scan 331: GICP update REJECTED (χ²=184.8 > 14.9) — conf=0.10, IMU holds
[WARN] [1781599298.974285659] [lio_node_v2]: Scan 334: GICP update REJECTED (χ²=50.4 > 14.9) — conf=0.77, IMU holds
[WARN] [1781599299.636912818] [lio_node_v2]: Scan 336: GICP update REJECTED (χ²=163.1 > 14.9) — conf=0.10, IMU holds
[WARN] [1781599299.974707442] [lio_node_v2]: Scan 337: GICP update REJECTED (χ²=292.4 > 14.9) — conf=0.10, IMU holds
[WARN] [1781599301.656185474] [lio_node_v2]: Scan 342: GICP update REJECTED (χ²=130.0 > 14.9) — conf=0.10, IMU holds
[WARN] [1781599301.982692541] [lio_node_v2]: Scan 343: GICP update REJECTED (χ²=317.5 > 14.9) — conf=0.10, IMU holds
[WARN] [1781599302.301848213] [lio_node_v2]: Scan 344: GICP update REJECTED (χ²=31.2 > 14.9) — conf=0.75, IMU holds
[WARN] [1781599302.632902772] [lio_node_v2]: Scan 345: GICP update REJECTED (χ²=71.3 > 14.9) — conf=0.10, IMU holds
[WARN] [1781599302.972066535] [lio_node_v2]: Scan 346: GICP update REJECTED (χ²=105.4 > 14.9) — conf=0.10, IMU holds
[WARN] [1781599303.320165127] [lio_node_v2]: Scan 347: GICP update REJECTED (χ²=69.7 > 14.9) — conf=0.10, IMU holds
[WARN] [1781599303.631010136] [lio_node_v2]: Scan 348: GICP update REJECTED (χ²=36.7 > 14.9) — conf=0.43, IMU holds
[WARN] [1781599304.320742549] [lio_node_v2]: Scan 350: GICP update REJECTED (χ²=688.7 > 14.9) — conf=0.10, IMU holds
[WARN] [1781599304.641205474] [lio_node_v2]: Scan 351: GICP update REJECTED (χ²=112.3 > 14.9) — conf=0.64, IMU holds
[WARN] [1781599305.630384630] [lio_node_v2]: Scan 354: GICP update REJECTED (χ²=61.7 > 14.9) — conf=0.77, IMU holds
[WARN] [1781599306.298361999] [lio_node_v2]: Scan 356: GICP update REJECTED (χ²=94.5 > 14.9) — conf=0.80, IMU holds
[WARN] [1781599306.637483613] [lio_node_v2]: Scan 357: GICP update REJECTED (χ²=40.8 > 14.9) — conf=0.77, IMU holds
[WARN] [1781599309.316582282] [lio_node_v2]: Scan 365: low GICP conf (0.37), χ²=0.3
[WARN] [1781599316.994805929] [lio_node_v2]: Scan 388: low GICP conf (0.23), χ²=0.0
[WARN] [1781599321.660725813] [lio_node_v2]: Scan 402: low GICP conf (0.42), χ²=0.1
[WARN] [1781599346.695253981] [lio_node_v2]: Scan 477: low GICP conf (0.42), χ²=0.1
[WARN] [1781599348.770747581] [lio_node_v2]: Scan 483: low GICP conf (0.17), χ²=0.2
[WARN] [1781599349.778037929] [lio_node_v2]: Scan 486: low GICP conf (0.41), χ²=0.1
[WARN] [1781599350.454404113] [lio_node_v2]: Scan 488: low GICP conf (0.12), χ²=0.1
[WARN] [1781599350.823904079] [lio_node_v2]: Scan 489: low GICP conf (0.10), χ²=0.1
[WARN] [1781599351.088629540] [lio_node_v2]: Scan 490: low GICP conf (0.33), χ²=0.0
[WARN] [1781599351.420214840] [lio_node_v2]: Scan 491: low GICP conf (0.10), χ²=0.0
[WARN] [1781599351.783328579] [lio_node_v2]: Scan 492: low GICP conf (0.29), χ²=0.2
[WARN] [1781599352.194259652] [lio_node_v2]: Scan 493: low GICP conf (0.37), χ²=0.0
[WARN] [1781599352.515061308] [lio_node_v2]: Scan 494: low GICP conf (0.10), χ²=0.2
[WARN] [1781599353.042293460] [lio_node_v2]: Scan 495: low GICP conf (0.10), χ²=0.1
[WARN] [1781599353.499286277] [lio_node_v2]: Scan 496: low GICP conf (0.31), χ²=0.8
[WARN] [1781599353.843563337] [lio_node_v2]: Scan 497: low GICP conf (0.19), χ²=1.0
[WARN] [1781599355.188255044] [lio_node_v2]: Scan 499: low GICP conf (0.10), χ²=0.3
[WARN] [1781599355.769013560] [lio_node_v2]: Scan 500: low GICP conf (0.10), χ²=0.8
[WARN] [1781599356.270999957] [lio_node_v2]: Scan 501: low GICP conf (0.10), χ²=0.5
[WARN] [1781599356.908125213] [lio_node_v2]: Scan 502: low GICP conf (0.33), χ²=1.3
[WARN] [1781599357.638147148] [lio_node_v2]: Scan 503: low GICP conf (0.10), χ²=7.2
[WARN] [1781599358.074704791] [lio_node_v2]: Scan 504: GICP update REJECTED (χ²=21.0 > 14.9) — conf=0.10, IMU holds
[WARN] [1781599358.688524267] [lio_node_v2]: Scan 506: low GICP conf (0.33), χ²=0.0
[WARN] [1781599359.492631370] [lio_node_v2]: Scan 508: GICP update REJECTED (χ²=16.0 > 14.9) — conf=0.19, IMU holds
[WARN] [1781599359.676486855] [lio_node_v2]: Scan 509: low GICP conf (0.18), χ²=0.5
[WARN] [1781599359.908154333] [lio_node_v2]: Scan 510: low GICP conf (0.39), χ²=2.6
[WARN] [1781599360.347626638] [lio_node_v2]: Scan 512: low GICP conf (0.27), χ²=2.1
[WARN] [1781599360.905784932] [lio_node_v2]: Scan 515: low GICP conf (0.10), χ²=1.1
[WARN] [1781599361.089576982] [lio_node_v2]: Scan 516: low GICP conf (0.10), χ²=1.9
[WARN] [1781599389.687185271] [lio_node_v2]: Scan 604: low GICP conf (0.11), χ²=0.0
[WARN] [1781599467.097169390] [lio_node_v2]: Scan 836: low GICP conf (0.35), χ²=0.0
[WARN] [1781599472.385881944] [lio_node_v2]: Scan 851: low GICP conf (0.41), χ²=1.5
[WARN] [1781599473.709590945] [lio_node_v2]: Scan 856: GICP update REJECTED (χ²=241.4 > 14.9) — conf=0.10, IMU holds
[WARN] [1781599474.067498850] [lio_node_v2]: Scan 857: GICP update REJECTED (χ²=240.1 > 14.9) — conf=0.10, IMU holds
[WARN] [1781599474.383643853] [lio_node_v2]: Scan 858: GICP update REJECTED (χ²=85.7 > 14.9) — conf=0.10, IMU holds
[WARN] [1781599474.708346683] [lio_node_v2]: Scan 859: GICP update REJECTED (χ²=48.3 > 14.9) — conf=0.10, IMU holds
[WARN] [1781599475.044465335] [lio_node_v2]: Scan 860: GICP update REJECTED (χ²=162.8 > 14.9) — conf=0.10, IMU holds
[WARN] [1781599475.370913653] [lio_node_v2]: Scan 861: GICP update REJECTED (χ²=20.8 > 14.9) — conf=0.10, IMU holds
[WARN] [1781599478.053356887] [lio_node_v2]: Scan 869: GICP update REJECTED (χ²=126.1 > 14.9) — conf=0.10, IMU holds
[WARN] [1781599499.391753964] [lio_node_v2]: Scan 928: low GICP conf (0.10), χ²=0.0
[WARN] [1781599502.274821874] [lio_node_v2]: Scan 931: low GICP conf (0.17), χ²=1.2
[WARN] [1781599502.997828764] [lio_node_v2]: Scan 932: low GICP conf (0.15), χ²=0.1
[WARN] [1781599503.889017994] [lio_node_v2]: Scan 933: low GICP conf (0.10), χ²=0.2
[WARN] [1781599504.884459173] [lio_node_v2]: Scan 934: low GICP conf (0.10), χ²=0.1
[WARN] [1781599506.516756978] [lio_node_v2]: Scan 935: low GICP conf (0.10), χ²=0.6
[WARN] [1781599507.459162334] [lio_node_v2]: Scan 936: low GICP conf (0.10), χ²=4.6
[WARN] [1781599508.201310280] [lio_node_v2]: Scan 937: low GICP conf (0.10), χ²=11.6
[WARN] [1781599508.610591686] [lio_node_v2]: Scan 938: GICP update REJECTED (χ²=27.7 > 14.9) — conf=0.10, IMU holds
[WARN] [1781599514.259685348] [lio_node_v2]: Scan 956: low GICP conf (0.41), χ²=0.1
[WARN] [1781599525.116945296] [lio_node_v2]: Scan 991: low GICP conf (0.15), χ²=0.0
[WARN] [1781599530.419181163] [lio_node_v2]: Scan 1007: low GICP conf (0.10), χ²=0.0
[WARN] [1781599531.059150862] [lio_node_v2]: Scan 1009: low GICP conf (0.27), χ²=0.0
[WARN] [1781599535.467912105] [lio_node_v2]: Scan 1022: low GICP conf (0.10), χ²=0.0
[WARN] [1781599543.730050078] [lio_node_v2]: Scan 1047: low GICP conf (0.29), χ²=0.0
[WARN] [1781599546.445664331] [lio_node_v2]: Scan 1055: low GICP conf (0.33), χ²=0.0
[WARN] [1781599548.586646702] [lio_node_v2]: Scan 1061: low GICP conf (0.12), χ²=0.0
[WARN] [1781599554.402109870] [lio_node_v2]: Scan 1079: low GICP conf (0.27), χ²=0.0
[WARN] [1781599557.058407599] [lio_node_v2]: Scan 1087: low GICP conf (0.39), χ²=0.0
[WARN] [1781599560.384739348] [lio_node_v2]: Scan 1097: low GICP conf (0.14), χ²=0.0
Traceback (most recent call last):
  File "/u/97/habibip1/unix/ros2_ws/install/regnonrep/lib/regnonrep/ros_lio_v2.py", line 783, in <module>
    main()
  File "/u/97/habibip1/unix/ros2_ws/install/regnonrep/lib/regnonrep/ros_lio_v2.py", line 779, in main
    rclpy.shutdown()
  File "/opt/ros/humble/local/lib/python3.10/dist-packages/rclpy/__init__.py", line 130, in shutdown
    _shutdown(context=context)
  File "/opt/ros/humble/local/lib/python3.10/dist-packages/rclpy/utilities.py", line 58, in shutdown
    return context.shutdown()
  File "/opt/ros/humble/local/lib/python3.10/dist-packages/rclpy/context.py", line 102, in shutdown
    self.__context.shutdown()
rclpy._rclpy_pybind11.RCLError: failed to shutdown: rcl_shutdown already called on the given context, at ./src/rcl/init.c:241
