[INFO] [1781529563.906280535] [lio_node_v2]: [debug] Writing per-scan CSV → /u/97/habibip1/unix/ros2_ws/src/regnonrep/tum/optuna_full/trial0003.csv
/u/97/habibip1/unix/.local/lib/python3.10/site-packages/matplotlib/projections/__init__.py:63: UserWarning: Unable to import Axes3D. This may be due to multiple versions of Matplotlib being installed (e.g. as a system package and as a pip package). As a result, the 3D projection is not available.
  warnings.warn("Unable to import Axes3D. This may be due to multiple versions of "
[INFO] [1781529564.077512854] [lio_node_v2]: Using Pctools.apply_gicp_with_init_full (H matrix)
[INFO] [1781529564.081559938] [lio_node_v2]: === LIO Node (Non-Rep + iESKF Point-LIO style) ===
[INFO] [1781529564.081731391] [lio_node_v2]: lidar=/avia/livox/points  use_imu=True
[INFO] [1781529564.081887135] [lio_node_v2]: imu=/avia/livox/imu  accel_scale=9.81  σ_gyro=0.0035033984911586884  σ_accel=0.002497073714505273  σ_bg=1.0257563974185649e-05  σ_ba=0.004274869455295219
[INFO] [1781529564.082032339] [lio_node_v2]: IIR filter: 2nd-order Butterworth LP, cutoff=25 Hz, approx group_delay=20 ms (was 100 ms with 41-tap FIR), propagation at full 200 Hz
[INFO] [1781529564.083005952] [lio_node_v2]: === LIO Node V2 (18-DOF IESKF18, Super-LIO ports) ===
[INFO] [1781529564.083172862] [lio_node_v2]:   Gravity in state:           online estimation, norm-constrained
[INFO] [1781529564.083317860] [lio_node_v2]:   Update form:                information-form (A = P⁻¹ + HᵀV⁻¹H)
[INFO] [1781529564.083489169] [lio_node_v2]:   Propagation:                right-Jacobian J_r, midpoint integration
[INFO] [1781529564.083634722] [lio_node_v2]:   level_init:                 True  (gravity-aligned world frame)
[INFO] [1781529564.083775168] [lio_node_v2]:   imu_auto_scale:             True
[INFO] [1781529564.083916784] [lio_node_v2]:   undistort_translation:      True
[INFO] [1781529564.084057538] [lio_node_v2]:   init_g_cov:                 0.00029072088906598463
[INFO] [1781529564.084195786] [lio_node_v2]:   ieskf_sigma_gyro/accel:     0.0035033984911586884 / 0.002497073714505273
stdin is not a terminal device. Keyboard handling disabled.[INFO] [1781529565.691829897] [rosbag2_storage]: Opened database '/u/97/habibip1/unix/point_cloud_registeration_benchmark/dataset/Tier/Livox_avia/indoor1_avia/indoor1_avia/indoor1_avia.db3' for READ_ONLY.
[INFO] [1781529565.691876364] [rosbag2_player]: Set rate to 0.3
[INFO] [1781529565.695595856] [rosbag2_player]: Adding keyboard callbacks.
[INFO] [1781529565.695622092] [rosbag2_player]: Press SPACE for Pause/Resume
[INFO] [1781529565.695626423] [rosbag2_player]: Press CURSOR_RIGHT for Play Next Message
[INFO] [1781529565.695629740] [rosbag2_player]: Press CURSOR_UP for Increase Rate 10%
[INFO] [1781529565.695632557] [rosbag2_player]: Press CURSOR_DOWN for Decrease Rate 10%
[INFO] [1781529565.695865069] [rosbag2_storage]: Opened database '/u/97/habibip1/unix/point_cloud_registeration_benchmark/dataset/Tier/Livox_avia/indoor1_avia/indoor1_avia/indoor1_avia.db3' for READ_ONLY.
[INFO] [1781529568.703991906] [lio_node_v2]: Static init complete — g_world=[0.000, 0.000, 9.810] norm=9.810 m/s²  |  gyro_bias=[0.0012, 0.0002, 0.0007] rad/s
[INFO] [1781529568.704251544] [lio_node_v2]: [level_init] World frame leveled (gravity-aligned, yaw removed); accel_scale=1.0058 — map restarted
[WARN] [1781529722.772965516] [lio_node_v2]: Scan 462: GICP update REJECTED (χ²=193.9 > 174.0) — conf=0.77, IMU holds
[WARN] [1781529725.856323034] [lio_node_v2]: Scan 471: low GICP conf (0.10), χ²=158.2
[WARN] [1781529732.726515192] [lio_node_v2]: Scan 485: low GICP conf (0.10), χ²=1.8
[WARN] [1781529736.887510238] [lio_node_v2]: Scan 488: low GICP conf (0.10), χ²=13.0
[WARN] [1781529738.528247085] [lio_node_v2]: Scan 489: low GICP conf (0.10), χ²=4.6
[WARN] [1781529739.992206902] [lio_node_v2]: Scan 490: low GICP conf (0.10), χ²=20.2
[WARN] [1781529741.411560509] [lio_node_v2]: Scan 491: low GICP conf (0.10), χ²=5.6
[WARN] [1781529742.553717807] [lio_node_v2]: Scan 492: low GICP conf (0.10), χ²=15.0
[WARN] [1781529743.113075606] [lio_node_v2]: Scan 493: low GICP conf (0.10), χ²=8.6
[WARN] [1781529746.212649436] [lio_node_v2]: Scan 504: low GICP conf (0.10), χ²=25.0
[WARN] [1781529746.395696181] [lio_node_v2]: Scan 505: low GICP conf (0.10), χ²=31.1
[WARN] [1781529746.769706904] [lio_node_v2]: Scan 507: GICP update REJECTED (χ²=501.1 > 174.0) — conf=0.82, IMU holds
[WARN] [1781529746.948415702] [lio_node_v2]: Scan 508: GICP update REJECTED (χ²=6075.4 > 174.0) — conf=0.72, IMU holds
[WARN] [1781529747.772376388] [lio_node_v2]: Scan 512: GICP update REJECTED (χ²=808.8 > 174.0) — conf=0.98, IMU holds
[WARN] [1781529748.113618808] [lio_node_v2]: Scan 513: GICP update REJECTED (χ²=451.8 > 174.0) — conf=0.21, IMU holds
[WARN] [1781529748.441771328] [lio_node_v2]: Scan 514: GICP update REJECTED (χ²=263.9 > 174.0) — conf=0.59, IMU holds
[WARN] [1781529837.146462923] [lio_node_v2]: Scan 780: low GICP conf (0.10), χ²=6.0
[WARN] [1781529881.927745487] [lio_node_v2]: Scan 910: low GICP conf (0.10), χ²=4.2
[WARN] [1781529883.767511329] [lio_node_v2]: Scan 913: low GICP conf (0.10), χ²=14.5
[WARN] [1781529885.715710345] [lio_node_v2]: Scan 916: low GICP conf (0.10), χ²=1.1
[WARN] [1781529886.610495723] [lio_node_v2]: Scan 917: low GICP conf (0.10), χ²=19.7
[WARN] [1781529888.180328321] [lio_node_v2]: Scan 918: GICP update REJECTED (χ²=298.8 > 174.0) — conf=0.10, IMU holds
[WARN] [1781529888.410011429] [lio_node_v2]: Scan 919: GICP update REJECTED (χ²=612.0 > 174.0) — conf=0.10, IMU holds
[WARN] [1781529889.166336278] [lio_node_v2]: Scan 920: low GICP conf (0.10), χ²=141.0
[WARN] [1781529889.713647421] [lio_node_v2]: Scan 921: GICP update REJECTED (χ²=768.1 > 174.0) — conf=0.10, IMU holds
[WARN] [1781529890.436667611] [lio_node_v2]: Scan 923: GICP update REJECTED (χ²=754.7 > 174.0) — conf=0.10, IMU holds
[WARN] [1781529891.506332196] [lio_node_v2]: Scan 925: GICP update REJECTED (χ²=958.7 > 174.0) — conf=0.10, IMU holds
Traceback (most recent call last):
  File "/u/97/habibip1/unix/ros2_ws/install/regnonrep/lib/regnonrep/ros_lio_v2.py", line 783, in <module>
    main()
  File "/u/97/habibip1/unix/ros2_ws/install/regnonrep/lib/regnonrep/ros_lio_v2.py", line 779, in main
    rclpy.shutdown()
  File "/opt/ros/humble/local/lib/python3.10/dist-packages/rclpy/__init__.py", line 130, in shutdown
    _shutdown(context=context)
  File "/opt/ros/humble/local/lib/python3.10/dist-packages/rclpy/utilities.py", line 58, in shutdown
    return context.shutdown()
  File "/opt/ros/humble/local/lib/python3.10/dist-packages/rclpy/context.py", line 102, in shutdown
    self.__context.shutdown()
rclpy._rclpy_pybind11.RCLError: failed to shutdown: rcl_shutdown already called on the given context, at ./src/rcl/init.c:241
