[INFO] [1781605234.323318250] [lio_node_v2]: [debug] Writing per-scan CSV → /u/97/habibip1/unix/ros2_ws/src/regnonrep/tum/optuna_full/trial0039.csv
/u/97/habibip1/unix/.local/lib/python3.10/site-packages/matplotlib/projections/__init__.py:63: UserWarning: Unable to import Axes3D. This may be due to multiple versions of Matplotlib being installed (e.g. as a system package and as a pip package). As a result, the 3D projection is not available.
  warnings.warn("Unable to import Axes3D. This may be due to multiple versions of "
[INFO] [1781605234.557980986] [lio_node_v2]: Using Pctools.apply_gicp_with_init_full (H matrix)
[INFO] [1781605234.563635167] [lio_node_v2]: === LIO Node (Non-Rep + iESKF Point-LIO style) ===
[INFO] [1781605234.563849461] [lio_node_v2]: lidar=/avia/livox/points  use_imu=True
[INFO] [1781605234.564044277] [lio_node_v2]: imu=/avia/livox/imu  accel_scale=9.81  σ_gyro=0.0008670692864628845  σ_accel=0.079631969776111  σ_bg=3.5474678253355484e-05  σ_ba=0.0009178359151483669
[INFO] [1781605234.564223725] [lio_node_v2]: IIR filter: 2nd-order Butterworth LP, cutoff=25 Hz, approx group_delay=20 ms (was 100 ms with 41-tap FIR), propagation at full 200 Hz
[INFO] [1781605234.565559459] [lio_node_v2]: === LIO Node V2 (18-DOF IESKF18, Super-LIO ports) ===
[INFO] [1781605234.565775782] [lio_node_v2]:   Gravity in state:           online estimation, norm-constrained
[INFO] [1781605234.565952779] [lio_node_v2]:   Update form:                information-form (A = P⁻¹ + HᵀV⁻¹H)
[INFO] [1781605234.566130899] [lio_node_v2]:   Propagation:                right-Jacobian J_r, midpoint integration
[INFO] [1781605234.566337702] [lio_node_v2]:   level_init:                 True  (gravity-aligned world frame)
[INFO] [1781605234.566525907] [lio_node_v2]:   imu_auto_scale:             True
[INFO] [1781605234.566710514] [lio_node_v2]:   undistort_translation:      True
[INFO] [1781605234.566889215] [lio_node_v2]:   init_g_cov:                 0.007241888984268679
[INFO] [1781605234.567064195] [lio_node_v2]:   ieskf_sigma_gyro/accel:     0.0008670692864628845 / 0.079631969776111
stdin is not a terminal device. Keyboard handling disabled.[INFO] [1781605235.687132044] [rosbag2_storage]: Opened database '/u/97/habibip1/unix/point_cloud_registeration_benchmark/dataset/Tier/Livox_avia/indoor1_avia/indoor1_avia/indoor1_avia.db3' for READ_ONLY.
[INFO] [1781605235.687215595] [rosbag2_player]: Set rate to 0.3
[INFO] [1781605235.696449433] [rosbag2_player]: Adding keyboard callbacks.
[INFO] [1781605235.696513880] [rosbag2_player]: Press SPACE for Pause/Resume
[INFO] [1781605235.696530886] [rosbag2_player]: Press CURSOR_RIGHT for Play Next Message
[INFO] [1781605235.696545544] [rosbag2_player]: Press CURSOR_UP for Increase Rate 10%
[INFO] [1781605235.696558785] [rosbag2_player]: Press CURSOR_DOWN for Decrease Rate 10%
[INFO] [1781605235.697101798] [rosbag2_storage]: Opened database '/u/97/habibip1/unix/point_cloud_registeration_benchmark/dataset/Tier/Livox_avia/indoor1_avia/indoor1_avia/indoor1_avia.db3' for READ_ONLY.
[INFO] [1781605238.710628557] [lio_node_v2]: Static init complete — g_world=[0.000, 0.000, 9.810] norm=9.810 m/s²  |  gyro_bias=[0.0012, 0.0002, 0.0007] rad/s
[INFO] [1781605238.710945961] [lio_node_v2]: [level_init] World frame leveled (gravity-aligned, yaw removed); accel_scale=1.0058 — map restarted
[WARN] [1781605298.075856266] [lio_node_v2]: Scan 177: low GICP conf (0.10), χ²=0.0
[WARN] [1781605333.753542225] [lio_node_v2]: Scan 284: low GICP conf (0.24), χ²=0.0
[WARN] [1781605338.760898465] [lio_node_v2]: Scan 299: low GICP conf (0.10), χ²=0.0
[WARN] [1781605341.434766802] [lio_node_v2]: Scan 307: GICP update REJECTED (χ²=149.0 > 144.7) — conf=0.32, IMU holds
[WARN] [1781605353.451722777] [lio_node_v2]: Scan 343: low GICP conf (0.31), χ²=0.2
[WARN] [1781605363.112575883] [lio_node_v2]: Scan 372: low GICP conf (0.28), χ²=0.1
[WARN] [1781605370.799470584] [lio_node_v2]: Scan 395: low GICP conf (0.33), χ²=0.0
[WARN] [1781605371.130057075] [lio_node_v2]: Scan 396: low GICP conf (0.10), χ²=0.0
[WARN] [1781605373.470653500] [lio_node_v2]: Scan 403: low GICP conf (0.17), χ²=36.2
[WARN] [1781605374.459862233] [lio_node_v2]: Scan 406: low GICP conf (0.25), χ²=50.5
[WARN] [1781605375.461645200] [lio_node_v2]: Scan 409: low GICP conf (0.10), χ²=71.7
[WARN] [1781605385.139472494] [lio_node_v2]: Scan 438: low GICP conf (0.25), χ²=0.1
[WARN] [1781605400.640624887] [lio_node_v2]: Scan 483: low GICP conf (0.22), χ²=0.0
[WARN] [1781605402.438686004] [lio_node_v2]: Scan 486: low GICP conf (0.24), χ²=0.1
[WARN] [1781605403.626151961] [lio_node_v2]: Scan 488: low GICP conf (0.10), χ²=0.0
[WARN] [1781605404.185367166] [lio_node_v2]: Scan 489: low GICP conf (0.10), χ²=0.4
[WARN] [1781605404.568568429] [lio_node_v2]: Scan 490: low GICP conf (0.26), χ²=0.0
[WARN] [1781605405.686989870] [lio_node_v2]: Scan 492: low GICP conf (0.10), χ²=0.7
[WARN] [1781605406.156795663] [lio_node_v2]: Scan 493: low GICP conf (0.10), χ²=0.0
[WARN] [1781605408.309352196] [lio_node_v2]: Scan 496: low GICP conf (0.10), χ²=0.9
[WARN] [1781605408.988695901] [lio_node_v2]: Scan 497: low GICP conf (0.10), χ²=0.9
[WARN] [1781605409.903915469] [lio_node_v2]: Scan 498: low GICP conf (0.10), χ²=0.3
[WARN] [1781605410.775809709] [lio_node_v2]: Scan 499: low GICP conf (0.10), χ²=2.5
[WARN] [1781605411.622829462] [lio_node_v2]: Scan 500: low GICP conf (0.10), χ²=6.3
[WARN] [1781605412.359131112] [lio_node_v2]: Scan 501: low GICP conf (0.10), χ²=11.8
[WARN] [1781605412.730220973] [lio_node_v2]: Scan 502: low GICP conf (0.32), χ²=2.7
[WARN] [1781605412.989313088] [lio_node_v2]: Scan 503: low GICP conf (0.32), χ²=1.3
[WARN] [1781605441.175983055] [lio_node_v2]: Scan 592: low GICP conf (0.10), χ²=0.1
[WARN] [1781605501.885494137] [lio_node_v2]: Scan 774: low GICP conf (0.10), χ²=0.2
[WARN] [1781605514.900437529] [lio_node_v2]: Scan 813: low GICP conf (0.27), χ²=0.1
[WARN] [1781605552.176847233] [lio_node_v2]: Scan 907: low GICP conf (0.10), χ²=0.3
[WARN] [1781605555.683139282] [lio_node_v2]: Scan 909: low GICP conf (0.10), χ²=0.5
[WARN] [1781605557.618847806] [lio_node_v2]: Scan 910: low GICP conf (0.10), χ²=0.0
[WARN] [1781605559.551006881] [lio_node_v2]: Scan 911: low GICP conf (0.10), χ²=114.6
[WARN] [1781605560.703257654] [lio_node_v2]: Scan 912: low GICP conf (0.10), χ²=29.2
[WARN] [1781605561.801166261] [lio_node_v2]: Scan 913: low GICP conf (0.34), χ²=42.5
[WARN] [1781605563.033163479] [lio_node_v2]: Scan 914: low GICP conf (0.10), χ²=22.0
[WARN] [1781605583.298493244] [lio_node_v2]: Scan 949: low GICP conf (0.10), χ²=0.3
[WARN] [1781605605.158913935] [lio_node_v2]: Scan 1010: low GICP conf (0.10), χ²=0.0
[WARN] [1781605610.034218665] [lio_node_v2]: Scan 1021: low GICP conf (0.10), χ²=0.2
Traceback (most recent call last):
  File "/u/97/habibip1/unix/ros2_ws/install/regnonrep/lib/regnonrep/ros_lio_v2.py", line 783, in <module>
    main()
  File "/u/97/habibip1/unix/ros2_ws/install/regnonrep/lib/regnonrep/ros_lio_v2.py", line 779, in main
    rclpy.shutdown()
  File "/opt/ros/humble/local/lib/python3.10/dist-packages/rclpy/__init__.py", line 130, in shutdown
    _shutdown(context=context)
  File "/opt/ros/humble/local/lib/python3.10/dist-packages/rclpy/utilities.py", line 58, in shutdown
    return context.shutdown()
  File "/opt/ros/humble/local/lib/python3.10/dist-packages/rclpy/context.py", line 102, in shutdown
    self.__context.shutdown()
rclpy._rclpy_pybind11.RCLError: failed to shutdown: rcl_shutdown already called on the given context, at ./src/rcl/init.c:241
