[INFO] [1781616888.473799979] [lio_node_v2]: [debug] Writing per-scan CSV → /u/97/habibip1/unix/ros2_ws/src/regnonrep/tum/optuna_full/trial0057.csv
/u/97/habibip1/unix/.local/lib/python3.10/site-packages/matplotlib/projections/__init__.py:63: UserWarning: Unable to import Axes3D. This may be due to multiple versions of Matplotlib being installed (e.g. as a system package and as a pip package). As a result, the 3D projection is not available.
  warnings.warn("Unable to import Axes3D. This may be due to multiple versions of "
[INFO] [1781616888.707886126] [lio_node_v2]: Using Pctools.apply_gicp_with_init_full (H matrix)
[INFO] [1781616888.713700846] [lio_node_v2]: === LIO Node (Non-Rep + iESKF Point-LIO style) ===
[INFO] [1781616888.713921610] [lio_node_v2]: lidar=/avia/livox/points  use_imu=True
[INFO] [1781616888.714114860] [lio_node_v2]: imu=/avia/livox/imu  accel_scale=9.81  σ_gyro=0.002796010747873702  σ_accel=0.0266610959116081  σ_bg=0.00022062787642596925  σ_ba=0.002827787342020941
[INFO] [1781616888.714308963] [lio_node_v2]: IIR filter: 2nd-order Butterworth LP, cutoff=25 Hz, approx group_delay=20 ms (was 100 ms with 41-tap FIR), propagation at full 200 Hz
[INFO] [1781616888.715645640] [lio_node_v2]: === LIO Node V2 (18-DOF IESKF18, Super-LIO ports) ===
[INFO] [1781616888.715861122] [lio_node_v2]:   Gravity in state:           online estimation, norm-constrained
[INFO] [1781616888.716039204] [lio_node_v2]:   Update form:                information-form (A = P⁻¹ + HᵀV⁻¹H)
[INFO] [1781616888.716229728] [lio_node_v2]:   Propagation:                right-Jacobian J_r, midpoint integration
[INFO] [1781616888.716413560] [lio_node_v2]:   level_init:                 True  (gravity-aligned world frame)
[INFO] [1781616888.716588388] [lio_node_v2]:   imu_auto_scale:             True
[INFO] [1781616888.716762023] [lio_node_v2]:   undistort_translation:      True
[INFO] [1781616888.716940500] [lio_node_v2]:   init_g_cov:                 0.0011396228096579768
[INFO] [1781616888.717114054] [lio_node_v2]:   ieskf_sigma_gyro/accel:     0.002796010747873702 / 0.0266610959116081
stdin is not a terminal device. Keyboard handling disabled.[INFO] [1781616889.898715198] [rosbag2_storage]: Opened database '/u/97/habibip1/unix/point_cloud_registeration_benchmark/dataset/Tier/Livox_avia/indoor1_avia/indoor1_avia/indoor1_avia.db3' for READ_ONLY.
[INFO] [1781616889.898787052] [rosbag2_player]: Set rate to 0.3
[INFO] [1781616889.907056001] [rosbag2_player]: Adding keyboard callbacks.
[INFO] [1781616889.907117181] [rosbag2_player]: Press SPACE for Pause/Resume
[INFO] [1781616889.907134112] [rosbag2_player]: Press CURSOR_RIGHT for Play Next Message
[INFO] [1781616889.907148897] [rosbag2_player]: Press CURSOR_UP for Increase Rate 10%
[INFO] [1781616889.907202869] [rosbag2_player]: Press CURSOR_DOWN for Decrease Rate 10%
[INFO] [1781616889.907729220] [rosbag2_storage]: Opened database '/u/97/habibip1/unix/point_cloud_registeration_benchmark/dataset/Tier/Livox_avia/indoor1_avia/indoor1_avia/indoor1_avia.db3' for READ_ONLY.
[INFO] [1781616892.920501808] [lio_node_v2]: Static init complete — g_world=[0.000, 0.000, 9.810] norm=9.810 m/s²  |  gyro_bias=[0.0012, 0.0002, 0.0007] rad/s
[INFO] [1781616892.920819506] [lio_node_v2]: [level_init] World frame leveled (gravity-aligned, yaw removed); accel_scale=1.0058 — map restarted
[WARN] [1781616990.599760737] [lio_node_v2]: Scan 292: low GICP conf (0.10), χ²=1.2
[WARN] [1781616992.605888260] [lio_node_v2]: Scan 298: GICP update REJECTED (χ²=232.6 > 140.9) — conf=0.50, IMU holds
[WARN] [1781616993.603160253] [lio_node_v2]: Scan 301: low GICP conf (0.21), χ²=45.5
[WARN] [1781616995.293883838] [lio_node_v2]: Scan 306: low GICP conf (0.20), χ²=42.3
[WARN] [1781617054.460699253] [lio_node_v2]: Scan 451: low GICP conf (0.10), χ²=0.7
[WARN] [1781617059.154885767] [lio_node_v2]: Scan 456: low GICP conf (0.15), χ²=0.0
[WARN] [1781617060.543734743] [lio_node_v2]: Scan 457: low GICP conf (0.10), χ²=0.5
[WARN] [1781617061.333838212] [lio_node_v2]: Scan 458: low GICP conf (0.10), χ²=0.0
[WARN] [1781617062.290759871] [lio_node_v2]: Scan 459: low GICP conf (0.10), χ²=0.0
[WARN] [1781617063.403718680] [lio_node_v2]: Scan 461: low GICP conf (0.10), χ²=4.4
[WARN] [1781617064.095358506] [lio_node_v2]: Scan 462: low GICP conf (0.10), χ²=0.7
[WARN] [1781617064.939001356] [lio_node_v2]: Scan 463: low GICP conf (0.10), χ²=2.3
[WARN] [1781617065.822590183] [lio_node_v2]: Scan 464: low GICP conf (0.11), χ²=5.5
[WARN] [1781617066.331843421] [lio_node_v2]: Scan 465: low GICP conf (0.10), χ²=4.2
[WARN] [1781617078.300582098] [lio_node_v2]: Scan 506: low GICP conf (0.10), χ²=0.1
[WARN] [1781617139.736055133] [lio_node_v2]: Scan 690: low GICP conf (0.10), χ²=69.2
[WARN] [1781617140.087313974] [lio_node_v2]: Scan 691: low GICP conf (0.17), χ²=81.1
[WARN] [1781617141.312301668] [lio_node_v2]: Scan 695: low GICP conf (0.16), χ²=13.5
[WARN] [1781617142.315852647] [lio_node_v2]: Scan 698: GICP update REJECTED (χ²=157.9 > 140.9) — conf=0.45, IMU holds
[WARN] [1781617142.691393331] [lio_node_v2]: Scan 699: low GICP conf (0.17), χ²=4.6
[WARN] [1781617147.107502732] [lio_node_v2]: Scan 712: low GICP conf (0.10), χ²=23.3
[WARN] [1781617203.501507400] [lio_node_v2]: Scan 881: low GICP conf (0.10), χ²=0.1
[WARN] [1781617204.193069753] [lio_node_v2]: Scan 883: low GICP conf (0.10), χ²=0.1
[WARN] [1781617204.802386410] [lio_node_v2]: Scan 884: low GICP conf (0.10), χ²=0.8
[WARN] [1781617205.455939485] [lio_node_v2]: Scan 885: low GICP conf (0.12), χ²=0.0
[WARN] [1781617206.384944708] [lio_node_v2]: Scan 887: low GICP conf (0.10), χ²=0.1
[WARN] [1781617208.045223706] [lio_node_v2]: Scan 891: low GICP conf (0.11), χ²=0.0
[WARN] [1781617208.748090292] [lio_node_v2]: Scan 892: low GICP conf (0.10), χ²=0.2
[WARN] [1781617209.535976330] [lio_node_v2]: Scan 893: low GICP conf (0.10), χ²=0.2
[WARN] [1781617210.353730710] [lio_node_v2]: Scan 894: low GICP conf (0.10), χ²=0.7
[WARN] [1781617211.589639157] [lio_node_v2]: Scan 896: low GICP conf (0.10), χ²=0.9
[WARN] [1781617212.075982617] [lio_node_v2]: Scan 897: low GICP conf (0.10), χ²=1.4
[WARN] [1781617213.083760621] [lio_node_v2]: Scan 899: low GICP conf (0.17), χ²=1.4
[WARN] [1781617213.772037187] [lio_node_v2]: Scan 901: low GICP conf (0.10), χ²=9.2
[WARN] [1781617214.430169302] [lio_node_v2]: Scan 904: low GICP conf (0.10), χ²=1.3
[WARN] [1781617216.993211563] [lio_node_v2]: Scan 915: low GICP conf (0.10), χ²=23.9
[WARN] [1781617217.348799927] [lio_node_v2]: Scan 916: low GICP conf (0.10), χ²=0.5
[WARN] [1781617259.987119182] [lio_node_v2]: Scan 1044: low GICP conf (0.10), χ²=0.0
Traceback (most recent call last):
  File "/u/97/habibip1/unix/ros2_ws/install/regnonrep/lib/regnonrep/ros_lio_v2.py", line 783, in <module>
    main()
  File "/u/97/habibip1/unix/ros2_ws/install/regnonrep/lib/regnonrep/ros_lio_v2.py", line 779, in main
    rclpy.shutdown()
  File "/opt/ros/humble/local/lib/python3.10/dist-packages/rclpy/__init__.py", line 130, in shutdown
    _shutdown(context=context)
  File "/opt/ros/humble/local/lib/python3.10/dist-packages/rclpy/utilities.py", line 58, in shutdown
    return context.shutdown()
  File "/opt/ros/humble/local/lib/python3.10/dist-packages/rclpy/context.py", line 102, in shutdown
    self.__context.shutdown()
rclpy._rclpy_pybind11.RCLError: failed to shutdown: rcl_shutdown already called on the given context, at ./src/rcl/init.c:241
