[INFO] [1781601942.227092544] [lio_node_v2]: [debug] Writing per-scan CSV → /u/97/habibip1/unix/ros2_ws/src/regnonrep/tum/optuna_full/trial0033.csv
/u/97/habibip1/unix/.local/lib/python3.10/site-packages/matplotlib/projections/__init__.py:63: UserWarning: Unable to import Axes3D. This may be due to multiple versions of Matplotlib being installed (e.g. as a system package and as a pip package). As a result, the 3D projection is not available.
  warnings.warn("Unable to import Axes3D. This may be due to multiple versions of "
[INFO] [1781601942.433906671] [lio_node_v2]: Using Pctools.apply_gicp_with_init_full (H matrix)
[INFO] [1781601942.438829921] [lio_node_v2]: === LIO Node (Non-Rep + iESKF Point-LIO style) ===
[INFO] [1781601942.439042954] [lio_node_v2]: lidar=/avia/livox/points  use_imu=True
[INFO] [1781601942.439231029] [lio_node_v2]: imu=/avia/livox/imu  accel_scale=9.81  σ_gyro=0.006306687069754637  σ_accel=0.01558626289285462  σ_bg=0.00014898345801890687  σ_ba=0.00018162591740718384
[INFO] [1781601942.439406285] [lio_node_v2]: IIR filter: 2nd-order Butterworth LP, cutoff=25 Hz, approx group_delay=20 ms (was 100 ms with 41-tap FIR), propagation at full 200 Hz
[INFO] [1781601942.440567484] [lio_node_v2]: === LIO Node V2 (18-DOF IESKF18, Super-LIO ports) ===
[INFO] [1781601942.440762392] [lio_node_v2]:   Gravity in state:           online estimation, norm-constrained
[INFO] [1781601942.440933451] [lio_node_v2]:   Update form:                information-form (A = P⁻¹ + HᵀV⁻¹H)
[INFO] [1781601942.441101839] [lio_node_v2]:   Propagation:                right-Jacobian J_r, midpoint integration
[INFO] [1781601942.441274180] [lio_node_v2]:   level_init:                 True  (gravity-aligned world frame)
[INFO] [1781601942.441445339] [lio_node_v2]:   imu_auto_scale:             True
[INFO] [1781601942.441612619] [lio_node_v2]:   undistort_translation:      True
[INFO] [1781601942.441778017] [lio_node_v2]:   init_g_cov:                 0.0004481944129958167
[INFO] [1781601942.441944318] [lio_node_v2]:   ieskf_sigma_gyro/accel:     0.006306687069754637 / 0.01558626289285462
stdin is not a terminal device. Keyboard handling disabled.[INFO] [1781601943.840780431] [rosbag2_storage]: Opened database '/u/97/habibip1/unix/point_cloud_registeration_benchmark/dataset/Tier/Livox_avia/indoor1_avia/indoor1_avia/indoor1_avia.db3' for READ_ONLY.
[INFO] [1781601943.840837065] [rosbag2_player]: Set rate to 0.3
[INFO] [1781601943.844819021] [rosbag2_player]: Adding keyboard callbacks.
[INFO] [1781601943.844848195] [rosbag2_player]: Press SPACE for Pause/Resume
[INFO] [1781601943.844852780] [rosbag2_player]: Press CURSOR_RIGHT for Play Next Message
[INFO] [1781601943.844856660] [rosbag2_player]: Press CURSOR_UP for Increase Rate 10%
[INFO] [1781601943.844859977] [rosbag2_player]: Press CURSOR_DOWN for Decrease Rate 10%
[INFO] [1781601943.845125442] [rosbag2_storage]: Opened database '/u/97/habibip1/unix/point_cloud_registeration_benchmark/dataset/Tier/Livox_avia/indoor1_avia/indoor1_avia/indoor1_avia.db3' for READ_ONLY.
[INFO] [1781601946.859890647] [lio_node_v2]: Static init complete — g_world=[0.000, 0.000, 9.810] norm=9.810 m/s²  |  gyro_bias=[0.0012, 0.0002, 0.0007] rad/s
[INFO] [1781601946.860245886] [lio_node_v2]: [level_init] World frame leveled (gravity-aligned, yaw removed); accel_scale=1.0058 — map restarted
[WARN] [1781602035.569688272] [lio_node_v2]: Scan 265: low GICP conf (0.10), χ²=0.0
[WARN] [1781602036.893451420] [lio_node_v2]: Scan 269: low GICP conf (0.31), χ²=0.2
[WARN] [1781602071.294509969] [lio_node_v2]: Scan 372: low GICP conf (0.19), χ²=0.1
[WARN] [1781602076.326758465] [lio_node_v2]: Scan 387: low GICP conf (0.26), χ²=0.1
[WARN] [1781602079.298210679] [lio_node_v2]: Scan 396: low GICP conf (0.29), χ²=0.0
[WARN] [1781602084.635378051] [lio_node_v2]: Scan 412: GICP update REJECTED (χ²=30.2 > 29.3) — conf=0.57, IMU holds
[WARN] [1781602084.967271814] [lio_node_v2]: Scan 413: GICP update REJECTED (χ²=43.8 > 29.3) — conf=0.63, IMU holds
[WARN] [1781602106.755352973] [lio_node_v2]: Scan 478: low GICP conf (0.11), χ²=0.1
[WARN] [1781602108.023152956] [lio_node_v2]: Scan 481: low GICP conf (0.17), χ²=0.1
[WARN] [1781602108.382256806] [lio_node_v2]: Scan 482: low GICP conf (0.10), χ²=0.2
[WARN] [1781602108.750457083] [lio_node_v2]: Scan 483: low GICP conf (0.17), χ²=0.1
[WARN] [1781602110.694745218] [lio_node_v2]: Scan 487: low GICP conf (0.20), χ²=1.4
[WARN] [1781602113.957932136] [lio_node_v2]: Scan 492: low GICP conf (0.18), χ²=0.2
[WARN] [1781602115.024374986] [lio_node_v2]: Scan 494: low GICP conf (0.21), χ²=1.1
[WARN] [1781602116.220065381] [lio_node_v2]: Scan 496: low GICP conf (0.10), χ²=0.3
[WARN] [1781602116.945113898] [lio_node_v2]: Scan 497: low GICP conf (0.10), χ²=1.0
[WARN] [1781602117.660487291] [lio_node_v2]: Scan 498: low GICP conf (0.10), χ²=0.7
[WARN] [1781602118.369618851] [lio_node_v2]: Scan 499: low GICP conf (0.10), χ²=2.2
[WARN] [1781602119.694385556] [lio_node_v2]: Scan 501: low GICP conf (0.10), χ²=5.7
[WARN] [1781602120.114111031] [lio_node_v2]: Scan 502: low GICP conf (0.10), χ²=7.3
[WARN] [1781602121.019768805] [lio_node_v2]: Scan 504: low GICP conf (0.10), χ²=1.5
[WARN] [1781602121.297559278] [lio_node_v2]: Scan 505: low GICP conf (0.10), χ²=1.5
[WARN] [1781602132.364020636] [lio_node_v2]: Scan 543: low GICP conf (0.10), χ²=0.1
[WARN] [1781602227.398354045] [lio_node_v2]: Scan 783: low GICP conf (0.10), χ²=0.1
[WARN] [1781602263.041056198] [lio_node_v2]: Scan 854: low GICP conf (0.10), χ²=0.6
[WARN] [1781602264.899080526] [lio_node_v2]: Scan 855: low GICP conf (0.10), χ²=0.4
[WARN] [1781602266.421964809] [lio_node_v2]: Scan 856: low GICP conf (0.10), χ²=0.4
[WARN] [1781602268.660916045] [lio_node_v2]: Scan 858: GICP update REJECTED (χ²=35.3 > 29.3) — conf=0.10, IMU holds
[WARN] [1781602270.840568228] [lio_node_v2]: Scan 860: GICP update REJECTED (χ²=32.6 > 29.3) — conf=0.10, IMU holds
[WARN] [1781602298.607311002] [lio_node_v2]: Scan 941: low GICP conf (0.26), χ²=0.1
[WARN] [1781602298.931137090] [lio_node_v2]: Scan 942: low GICP conf (0.31), χ²=0.2
[WARN] [1781602317.310337890] [lio_node_v2]: Scan 997: low GICP conf (0.10), χ²=0.0
Traceback (most recent call last):
  File "/u/97/habibip1/unix/ros2_ws/install/regnonrep/lib/regnonrep/ros_lio_v2.py", line 783, in <module>
    main()
  File "/u/97/habibip1/unix/ros2_ws/install/regnonrep/lib/regnonrep/ros_lio_v2.py", line 779, in main
    rclpy.shutdown()
  File "/opt/ros/humble/local/lib/python3.10/dist-packages/rclpy/__init__.py", line 130, in shutdown
    _shutdown(context=context)
  File "/opt/ros/humble/local/lib/python3.10/dist-packages/rclpy/utilities.py", line 58, in shutdown
    return context.shutdown()
  File "/opt/ros/humble/local/lib/python3.10/dist-packages/rclpy/context.py", line 102, in shutdown
    self.__context.shutdown()
rclpy._rclpy_pybind11.RCLError: failed to shutdown: rcl_shutdown already called on the given context, at ./src/rcl/init.c:241
