[INFO] [1781616494.598871877] [lio_node_v2]: [debug] Writing per-scan CSV → /u/97/habibip1/unix/ros2_ws/src/regnonrep/tum/optuna_full/trial0056.csv
/u/97/habibip1/unix/.local/lib/python3.10/site-packages/matplotlib/projections/__init__.py:63: UserWarning: Unable to import Axes3D. This may be due to multiple versions of Matplotlib being installed (e.g. as a system package and as a pip package). As a result, the 3D projection is not available.
  warnings.warn("Unable to import Axes3D. This may be due to multiple versions of "
[INFO] [1781616494.831650835] [lio_node_v2]: Using Pctools.apply_gicp_with_init_full (H matrix)
[INFO] [1781616494.837045725] [lio_node_v2]: === LIO Node (Non-Rep + iESKF Point-LIO style) ===
[INFO] [1781616494.837289690] [lio_node_v2]: lidar=/avia/livox/points  use_imu=True
[INFO] [1781616494.837497514] [lio_node_v2]: imu=/avia/livox/imu  accel_scale=9.81  σ_gyro=0.0013179572979030415  σ_accel=0.011694694259096066  σ_bg=1.6928572667864594e-05  σ_ba=0.0016852560664658014
[INFO] [1781616494.837680809] [lio_node_v2]: IIR filter: 2nd-order Butterworth LP, cutoff=25 Hz, approx group_delay=20 ms (was 100 ms with 41-tap FIR), propagation at full 200 Hz
[INFO] [1781616494.838954388] [lio_node_v2]: === LIO Node V2 (18-DOF IESKF18, Super-LIO ports) ===
[INFO] [1781616494.839168521] [lio_node_v2]:   Gravity in state:           online estimation, norm-constrained
[INFO] [1781616494.839347909] [lio_node_v2]:   Update form:                information-form (A = P⁻¹ + HᵀV⁻¹H)
[INFO] [1781616494.839524234] [lio_node_v2]:   Propagation:                right-Jacobian J_r, midpoint integration
[INFO] [1781616494.839703353] [lio_node_v2]:   level_init:                 True  (gravity-aligned world frame)
[INFO] [1781616494.839875842] [lio_node_v2]:   imu_auto_scale:             True
[INFO] [1781616494.840049153] [lio_node_v2]:   undistort_translation:      True
[INFO] [1781616494.840229461] [lio_node_v2]:   init_g_cov:                 0.0018782150320841124
[INFO] [1781616494.840404456] [lio_node_v2]:   ieskf_sigma_gyro/accel:     0.0013179572979030415 / 0.011694694259096066
stdin is not a terminal device. Keyboard handling disabled.[INFO] [1781616495.592805973] [rosbag2_storage]: Opened database '/u/97/habibip1/unix/point_cloud_registeration_benchmark/dataset/Tier/Livox_avia/indoor1_avia/indoor1_avia/indoor1_avia.db3' for READ_ONLY.
[INFO] [1781616495.592882253] [rosbag2_player]: Set rate to 0.3
[INFO] [1781616495.600111918] [rosbag2_player]: Adding keyboard callbacks.
[INFO] [1781616495.600180859] [rosbag2_player]: Press SPACE for Pause/Resume
[INFO] [1781616495.600199891] [rosbag2_player]: Press CURSOR_RIGHT for Play Next Message
[INFO] [1781616495.600214451] [rosbag2_player]: Press CURSOR_UP for Increase Rate 10%
[INFO] [1781616495.600227478] [rosbag2_player]: Press CURSOR_DOWN for Decrease Rate 10%
[INFO] [1781616495.600738977] [rosbag2_storage]: Opened database '/u/97/habibip1/unix/point_cloud_registeration_benchmark/dataset/Tier/Livox_avia/indoor1_avia/indoor1_avia/indoor1_avia.db3' for READ_ONLY.
[INFO] [1781616498.620334974] [lio_node_v2]: Static init complete — g_world=[0.000, 0.000, 9.810] norm=9.810 m/s²  |  gyro_bias=[0.0012, 0.0002, 0.0007] rad/s
[INFO] [1781616498.621009521] [lio_node_v2]: [level_init] World frame leveled (gravity-aligned, yaw removed); accel_scale=1.0058 — map restarted
[WARN] [1781616624.324919435] [lio_node_v2]: Scan 376: low GICP conf (0.13), χ²=0.1
[WARN] [1781616627.325189420] [lio_node_v2]: Scan 385: low GICP conf (0.11), χ²=0.1
[WARN] [1781616658.009994554] [lio_node_v2]: Scan 477: low GICP conf (0.28), χ²=2.3
[WARN] [1781616658.747669860] [lio_node_v2]: Scan 479: low GICP conf (0.10), χ²=4.6
[WARN] [1781616659.397464008] [lio_node_v2]: Scan 481: low GICP conf (0.27), χ²=2.1
[WARN] [1781616659.699614662] [lio_node_v2]: Scan 482: low GICP conf (0.10), χ²=2.4
[WARN] [1781616661.692418276] [lio_node_v2]: Scan 488: low GICP conf (0.10), χ²=2.5
[WARN] [1781616662.665352227] [lio_node_v2]: Scan 491: low GICP conf (0.10), χ²=2.9
[WARN] [1781616663.664800879] [lio_node_v2]: Scan 494: low GICP conf (0.22), χ²=0.7
[WARN] [1781616664.031032694] [lio_node_v2]: Scan 495: low GICP conf (0.10), χ²=6.9
[WARN] [1781616664.340694635] [lio_node_v2]: Scan 496: low GICP conf (0.12), χ²=0.7
[WARN] [1781616664.711906041] [lio_node_v2]: Scan 497: low GICP conf (0.10), χ²=2.0
[WARN] [1781616665.105537554] [lio_node_v2]: Scan 498: low GICP conf (0.10), χ²=2.1
[WARN] [1781616665.362881270] [lio_node_v2]: Scan 499: low GICP conf (0.10), χ²=1.8
[WARN] [1781616665.681859642] [lio_node_v2]: Scan 500: low GICP conf (0.10), χ²=1.4
[WARN] [1781616666.037685233] [lio_node_v2]: Scan 501: low GICP conf (0.10), χ²=6.2
[WARN] [1781616666.361956580] [lio_node_v2]: Scan 502: low GICP conf (0.10), χ²=0.6
[WARN] [1781616666.684888755] [lio_node_v2]: Scan 503: low GICP conf (0.10), χ²=3.5
[WARN] [1781616667.043507810] [lio_node_v2]: Scan 504: low GICP conf (0.10), χ²=5.7
[WARN] [1781616667.366873459] [lio_node_v2]: Scan 505: low GICP conf (0.10), χ²=1.2
[WARN] [1781616667.706771367] [lio_node_v2]: Scan 506: low GICP conf (0.10), χ²=3.1
[WARN] [1781616668.362344690] [lio_node_v2]: Scan 508: low GICP conf (0.10), χ²=2.0
[WARN] [1781616669.332169120] [lio_node_v2]: Scan 511: low GICP conf (0.26), χ²=2.7
[WARN] [1781616696.662107499] [lio_node_v2]: Scan 593: low GICP conf (0.10), χ²=0.2
[WARN] [1781616701.012792090] [lio_node_v2]: Scan 606: low GICP conf (0.11), χ²=0.2
[WARN] [1781616720.327708771] [lio_node_v2]: Scan 664: low GICP conf (0.10), χ²=0.4
[WARN] [1781616749.664238995] [lio_node_v2]: Scan 752: low GICP conf (0.10), χ²=0.8
[WARN] [1781616774.712122932] [lio_node_v2]: Scan 827: low GICP conf (0.10), χ²=0.5
[WARN] [1781616782.064728409] [lio_node_v2]: Scan 849: low GICP conf (0.23), χ²=0.9
[WARN] [1781616809.166377427] [lio_node_v2]: Scan 930: low GICP conf (0.22), χ²=0.3
[WARN] [1781616810.172821216] [lio_node_v2]: Scan 933: low GICP conf (0.10), χ²=1.3
[WARN] [1781616810.717168245] [lio_node_v2]: Scan 935: low GICP conf (0.26), χ²=2.3
[WARN] [1781616811.396453819] [lio_node_v2]: Scan 937: low GICP conf (0.10), χ²=0.4
[WARN] [1781616811.777068376] [lio_node_v2]: Scan 938: low GICP conf (0.26), χ²=0.4
[WARN] [1781616812.071131169] [lio_node_v2]: Scan 939: low GICP conf (0.10), χ²=0.5
[WARN] [1781616812.356226628] [lio_node_v2]: Scan 940: low GICP conf (0.10), χ²=0.0
[WARN] [1781616812.697201599] [lio_node_v2]: Scan 941: low GICP conf (0.10), χ²=0.2
[WARN] [1781616813.131925942] [lio_node_v2]: Scan 942: low GICP conf (0.10), χ²=0.4
[WARN] [1781616813.381150729] [lio_node_v2]: Scan 943: low GICP conf (0.10), χ²=0.2
[WARN] [1781616813.717182307] [lio_node_v2]: Scan 944: low GICP conf (0.14), χ²=0.3
[WARN] [1781616814.084871533] [lio_node_v2]: Scan 945: low GICP conf (0.13), χ²=0.2
[WARN] [1781616814.404265102] [lio_node_v2]: Scan 946: low GICP conf (0.10), χ²=0.6
[WARN] [1781616815.091263646] [lio_node_v2]: Scan 948: low GICP conf (0.10), χ²=0.0
[WARN] [1781616815.379885024] [lio_node_v2]: Scan 949: low GICP conf (0.10), χ²=0.1
[WARN] [1781616816.043039945] [lio_node_v2]: Scan 951: low GICP conf (0.10), χ²=0.2
[WARN] [1781616816.700969601] [lio_node_v2]: Scan 953: low GICP conf (0.22), χ²=0.2
[WARN] [1781616817.355127739] [lio_node_v2]: Scan 955: low GICP conf (0.10), χ²=0.4
[WARN] [1781616817.687106679] [lio_node_v2]: Scan 956: low GICP conf (0.10), χ²=0.2
[WARN] [1781616820.122179262] [lio_node_v2]: Scan 963: low GICP conf (0.10), χ²=1.1
[WARN] [1781616826.010903420] [lio_node_v2]: Scan 981: low GICP conf (0.21), χ²=0.1
[WARN] [1781616826.344286613] [lio_node_v2]: Scan 982: low GICP conf (0.27), χ²=0.2
[WARN] [1781616851.020130794] [lio_node_v2]: Scan 1056: low GICP conf (0.10), χ²=0.1
[WARN] [1781616863.711425610] [lio_node_v2]: Scan 1094: low GICP conf (0.10), χ²=0.1
[WARN] [1781616873.047884518] [lio_node_v2]: Scan 1122: low GICP conf (0.10), χ²=0.1
Traceback (most recent call last):
  File "/u/97/habibip1/unix/ros2_ws/install/regnonrep/lib/regnonrep/ros_lio_v2.py", line 783, in <module>
    main()
  File "/u/97/habibip1/unix/ros2_ws/install/regnonrep/lib/regnonrep/ros_lio_v2.py", line 779, in main
    rclpy.shutdown()
  File "/opt/ros/humble/local/lib/python3.10/dist-packages/rclpy/__init__.py", line 130, in shutdown
    _shutdown(context=context)
  File "/opt/ros/humble/local/lib/python3.10/dist-packages/rclpy/utilities.py", line 58, in shutdown
    return context.shutdown()
  File "/opt/ros/humble/local/lib/python3.10/dist-packages/rclpy/context.py", line 102, in shutdown
    self.__context.shutdown()
rclpy._rclpy_pybind11.RCLError: failed to shutdown: rcl_shutdown already called on the given context, at ./src/rcl/init.c:241
