[INFO] [1781618466.572746623] [lio_node_v2]: [debug] Writing per-scan CSV → /u/97/habibip1/unix/ros2_ws/src/regnonrep/tum/optuna_full/trial0061.csv
/u/97/habibip1/unix/.local/lib/python3.10/site-packages/matplotlib/projections/__init__.py:63: UserWarning: Unable to import Axes3D. This may be due to multiple versions of Matplotlib being installed (e.g. as a system package and as a pip package). As a result, the 3D projection is not available.
  warnings.warn("Unable to import Axes3D. This may be due to multiple versions of "
[INFO] [1781618466.794965972] [lio_node_v2]: Using Pctools.apply_gicp_with_init_full (H matrix)
[INFO] [1781618466.800207163] [lio_node_v2]: === LIO Node (Non-Rep + iESKF Point-LIO style) ===
[INFO] [1781618466.800431935] [lio_node_v2]: lidar=/avia/livox/points  use_imu=True
[INFO] [1781618466.800628751] [lio_node_v2]: imu=/avia/livox/imu  accel_scale=9.81  σ_gyro=0.0006290200566310439  σ_accel=0.054961413004258705  σ_bg=3.8025099723474984e-05  σ_ba=0.00039091538882910144
[INFO] [1781618466.800811692] [lio_node_v2]: IIR filter: 2nd-order Butterworth LP, cutoff=25 Hz, approx group_delay=20 ms (was 100 ms with 41-tap FIR), propagation at full 200 Hz
[INFO] [1781618466.802109554] [lio_node_v2]: === LIO Node V2 (18-DOF IESKF18, Super-LIO ports) ===
[INFO] [1781618466.802328454] [lio_node_v2]:   Gravity in state:           online estimation, norm-constrained
[INFO] [1781618466.802507465] [lio_node_v2]:   Update form:                information-form (A = P⁻¹ + HᵀV⁻¹H)
[INFO] [1781618466.802683635] [lio_node_v2]:   Propagation:                right-Jacobian J_r, midpoint integration
[INFO] [1781618466.802874254] [lio_node_v2]:   level_init:                 True  (gravity-aligned world frame)
[INFO] [1781618466.803052822] [lio_node_v2]:   imu_auto_scale:             True
[INFO] [1781618466.803229286] [lio_node_v2]:   undistort_translation:      True
[INFO] [1781618466.803407611] [lio_node_v2]:   init_g_cov:                 0.009744635743665096
[INFO] [1781618466.803583193] [lio_node_v2]:   ieskf_sigma_gyro/accel:     0.0006290200566310439 / 0.054961413004258705
stdin is not a terminal device. Keyboard handling disabled.[INFO] [1781618468.063050612] [rosbag2_storage]: Opened database '/u/97/habibip1/unix/point_cloud_registeration_benchmark/dataset/Tier/Livox_avia/indoor1_avia/indoor1_avia/indoor1_avia.db3' for READ_ONLY.
[INFO] [1781618468.063123008] [rosbag2_player]: Set rate to 0.3
[INFO] [1781618468.069809667] [rosbag2_player]: Adding keyboard callbacks.
[INFO] [1781618468.069874739] [rosbag2_player]: Press SPACE for Pause/Resume
[INFO] [1781618468.069895465] [rosbag2_player]: Press CURSOR_RIGHT for Play Next Message
[INFO] [1781618468.069910791] [rosbag2_player]: Press CURSOR_UP for Increase Rate 10%
[INFO] [1781618468.069924718] [rosbag2_player]: Press CURSOR_DOWN for Decrease Rate 10%
[INFO] [1781618468.070392783] [rosbag2_storage]: Opened database '/u/97/habibip1/unix/point_cloud_registeration_benchmark/dataset/Tier/Livox_avia/indoor1_avia/indoor1_avia/indoor1_avia.db3' for READ_ONLY.
[INFO] [1781618471.082630169] [lio_node_v2]: Static init complete — g_world=[0.000, 0.000, 9.810] norm=9.810 m/s²  |  gyro_bias=[0.0012, 0.0002, 0.0007] rad/s
[INFO] [1781618471.082985581] [lio_node_v2]: [level_init] World frame leveled (gravity-aligned, yaw removed); accel_scale=1.0058 — map restarted
[WARN] [1781618568.140122196] [lio_node_v2]: Scan 291: low GICP conf (0.10), χ²=4.1
[WARN] [1781618576.497844538] [lio_node_v2]: Scan 316: GICP update REJECTED (χ²=198.1 > 82.9) — conf=0.69, IMU holds
[WARN] [1781618576.854676982] [lio_node_v2]: Scan 317: GICP update REJECTED (χ²=114.6 > 82.9) — conf=0.74, IMU holds
[WARN] [1781618577.526381671] [lio_node_v2]: Scan 319: GICP update REJECTED (χ²=141.6 > 82.9) — conf=0.87, IMU holds
[WARN] [1781618577.848762982] [lio_node_v2]: Scan 320: GICP update REJECTED (χ²=142.1 > 82.9) — conf=0.84, IMU holds
[WARN] [1781618578.218338016] [lio_node_v2]: Scan 321: GICP update REJECTED (χ²=200.8 > 82.9) — conf=0.57, IMU holds
[WARN] [1781618579.888976800] [lio_node_v2]: Scan 326: GICP update REJECTED (χ²=95.0 > 82.9) — conf=0.66, IMU holds
[WARN] [1781618584.593150808] [lio_node_v2]: Scan 340: low GICP conf (0.10), χ²=1.0
[WARN] [1781618607.290985605] [lio_node_v2]: Scan 393: low GICP conf (0.12), χ²=4.0
[WARN] [1781618633.663563578] [lio_node_v2]: Scan 441: low GICP conf (0.10), χ²=0.0
[WARN] [1781618636.774381906] [lio_node_v2]: Scan 444: low GICP conf (0.10), χ²=3.7
[WARN] [1781618638.176595758] [lio_node_v2]: Scan 445: low GICP conf (0.10), χ²=1.0
[WARN] [1781618639.697008052] [lio_node_v2]: Scan 446: low GICP conf (0.10), χ²=5.9
[WARN] [1781618644.198142898] [lio_node_v2]: Scan 448: low GICP conf (0.10), χ²=0.6
[WARN] [1781618645.503885454] [lio_node_v2]: Scan 449: GICP update REJECTED (χ²=91.1 > 82.9) — conf=0.10, IMU holds
[WARN] [1781618646.354336246] [lio_node_v2]: Scan 450: low GICP conf (0.10), χ²=59.8
[WARN] [1781618648.388783427] [lio_node_v2]: Scan 452: GICP update REJECTED (χ²=153.9 > 82.9) — conf=0.10, IMU holds
[WARN] [1781618680.543261147] [lio_node_v2]: Scan 502: GICP update REJECTED (χ²=217.9 > 82.9) — conf=0.86, IMU holds
[WARN] [1781618682.149534342] [lio_node_v2]: Scan 504: GICP update REJECTED (χ²=144.1 > 82.9) — conf=0.88, IMU holds
[WARN] [1781618705.375016076] [lio_node_v2]: Scan 549: low GICP conf (0.10), χ²=0.4
[WARN] [1781618734.748897153] [lio_node_v2]: Scan 596: GICP update REJECTED (χ²=139.9 > 82.9) — conf=0.92, IMU holds
[WARN] [1781618756.693591725] [lio_node_v2]: Scan 638: low GICP conf (0.10), χ²=0.0
[WARN] [1781618776.580925960] [lio_node_v2]: Scan 682: low GICP conf (0.10), χ²=1.1
[WARN] [1781618783.983951992] [lio_node_v2]: Scan 696: low GICP conf (0.10), χ²=0.2
[WARN] [1781618785.046044278] [lio_node_v2]: Scan 697: low GICP conf (0.10), χ²=0.4
[WARN] [1781618786.476777080] [lio_node_v2]: Scan 698: low GICP conf (0.10), χ²=3.9
[WARN] [1781618787.986654715] [lio_node_v2]: Scan 699: low GICP conf (0.10), χ²=2.9
[WARN] [1781618791.042907946] [lio_node_v2]: Scan 701: low GICP conf (0.10), χ²=0.6
[WARN] [1781618792.850068593] [lio_node_v2]: Scan 705: low GICP conf (0.10), χ²=1.8
[WARN] [1781618807.207479272] [lio_node_v2]: Scan 738: low GICP conf (0.10), χ²=0.4
[WARN] [1781618824.864925183] [lio_node_v2]: Scan 784: low GICP conf (0.10), χ²=0.1
[WARN] [1781618828.996304333] [lio_node_v2]: Scan 796: low GICP conf (0.10), χ²=0.1
[WARN] [1781618831.034660133] [lio_node_v2]: Scan 801: low GICP conf (0.10), χ²=0.1
[WARN] [1781618844.053477488] [lio_node_v2]: Scan 837: low GICP conf (0.13), χ²=0.7
[WARN] [1781618845.908023220] [lio_node_v2]: Scan 841: low GICP conf (0.10), χ²=3.3
Traceback (most recent call last):
  File "/u/97/habibip1/unix/ros2_ws/install/regnonrep/lib/regnonrep/ros_lio_v2.py", line 783, in <module>
    main()
  File "/u/97/habibip1/unix/ros2_ws/install/regnonrep/lib/regnonrep/ros_lio_v2.py", line 779, in main
    rclpy.shutdown()
  File "/opt/ros/humble/local/lib/python3.10/dist-packages/rclpy/__init__.py", line 130, in shutdown
    _shutdown(context=context)
  File "/opt/ros/humble/local/lib/python3.10/dist-packages/rclpy/utilities.py", line 58, in shutdown
    return context.shutdown()
  File "/opt/ros/humble/local/lib/python3.10/dist-packages/rclpy/context.py", line 102, in shutdown
    self.__context.shutdown()
rclpy._rclpy_pybind11.RCLError: failed to shutdown: rcl_shutdown already called on the given context, at ./src/rcl/init.c:241
