[INFO] [1781601547.968173446] [lio_node_v2]: [debug] Writing per-scan CSV → /u/97/habibip1/unix/ros2_ws/src/regnonrep/tum/optuna_full/trial0032.csv
/u/97/habibip1/unix/.local/lib/python3.10/site-packages/matplotlib/projections/__init__.py:63: UserWarning: Unable to import Axes3D. This may be due to multiple versions of Matplotlib being installed (e.g. as a system package and as a pip package). As a result, the 3D projection is not available.
  warnings.warn("Unable to import Axes3D. This may be due to multiple versions of "
[INFO] [1781601548.173894583] [lio_node_v2]: Using Pctools.apply_gicp_with_init_full (H matrix)
[INFO] [1781601548.178835433] [lio_node_v2]: === LIO Node (Non-Rep + iESKF Point-LIO style) ===
[INFO] [1781601548.179051978] [lio_node_v2]: lidar=/avia/livox/points  use_imu=True
[INFO] [1781601548.179238589] [lio_node_v2]: imu=/avia/livox/imu  accel_scale=9.81  σ_gyro=0.006331639152617073  σ_accel=0.02389513347575667  σ_bg=0.00018375123416440297  σ_ba=0.00012569190684958182
[INFO] [1781601548.179417399] [lio_node_v2]: IIR filter: 2nd-order Butterworth LP, cutoff=25 Hz, approx group_delay=20 ms (was 100 ms with 41-tap FIR), propagation at full 200 Hz
[INFO] [1781601548.180587998] [lio_node_v2]: === LIO Node V2 (18-DOF IESKF18, Super-LIO ports) ===
[INFO] [1781601548.180781852] [lio_node_v2]:   Gravity in state:           online estimation, norm-constrained
[INFO] [1781601548.180952888] [lio_node_v2]:   Update form:                information-form (A = P⁻¹ + HᵀV⁻¹H)
[INFO] [1781601548.181121139] [lio_node_v2]:   Propagation:                right-Jacobian J_r, midpoint integration
[INFO] [1781601548.181295348] [lio_node_v2]:   level_init:                 True  (gravity-aligned world frame)
[INFO] [1781601548.181470045] [lio_node_v2]:   imu_auto_scale:             True
[INFO] [1781601548.181640800] [lio_node_v2]:   undistort_translation:      True
[INFO] [1781601548.181812691] [lio_node_v2]:   init_g_cov:                 0.0003042949880496156
[INFO] [1781601548.181980129] [lio_node_v2]:   ieskf_sigma_gyro/accel:     0.006331639152617073 / 0.02389513347575667
stdin is not a terminal device. Keyboard handling disabled.[INFO] [1781601549.595727128] [rosbag2_storage]: Opened database '/u/97/habibip1/unix/point_cloud_registeration_benchmark/dataset/Tier/Livox_avia/indoor1_avia/indoor1_avia/indoor1_avia.db3' for READ_ONLY.
[INFO] [1781601549.595790612] [rosbag2_player]: Set rate to 0.3
[INFO] [1781601549.602243250] [rosbag2_player]: Adding keyboard callbacks.
[INFO] [1781601549.602290078] [rosbag2_player]: Press SPACE for Pause/Resume
[INFO] [1781601549.602306183] [rosbag2_player]: Press CURSOR_RIGHT for Play Next Message
[INFO] [1781601549.602319953] [rosbag2_player]: Press CURSOR_UP for Increase Rate 10%
[INFO] [1781601549.602332871] [rosbag2_player]: Press CURSOR_DOWN for Decrease Rate 10%
[INFO] [1781601549.602806766] [rosbag2_storage]: Opened database '/u/97/habibip1/unix/point_cloud_registeration_benchmark/dataset/Tier/Livox_avia/indoor1_avia/indoor1_avia/indoor1_avia.db3' for READ_ONLY.
[INFO] [1781601552.629341125] [lio_node_v2]: Static init complete — g_world=[0.000, 0.000, 9.810] norm=9.810 m/s²  |  gyro_bias=[0.0012, 0.0002, 0.0007] rad/s
[INFO] [1781601552.629719122] [lio_node_v2]: [level_init] World frame leveled (gravity-aligned, yaw removed); accel_scale=1.0058 — map restarted
[WARN] [1781601611.975016110] [lio_node_v2]: Scan 177: low GICP conf (0.10), χ²=0.0
[WARN] [1781601643.651740792] [lio_node_v2]: Scan 272: low GICP conf (0.26), χ²=0.0
[WARN] [1781601649.331080713] [lio_node_v2]: Scan 289: low GICP conf (0.24), χ²=0.2
[WARN] [1781601679.747216509] [lio_node_v2]: Scan 380: low GICP conf (0.31), χ²=0.1
[WARN] [1781601683.711297466] [lio_node_v2]: Scan 392: low GICP conf (0.34), χ²=0.0
[WARN] [1781601712.486905406] [lio_node_v2]: Scan 478: low GICP conf (0.31), χ²=0.1
[WARN] [1781601714.160900187] [lio_node_v2]: Scan 482: low GICP conf (0.36), χ²=0.2
[WARN] [1781601714.673747314] [lio_node_v2]: Scan 483: low GICP conf (0.10), χ²=0.1
[WARN] [1781601716.291915089] [lio_node_v2]: Scan 486: low GICP conf (0.16), χ²=0.2
[WARN] [1781601716.714127270] [lio_node_v2]: Scan 487: low GICP conf (0.36), χ²=0.7
[WARN] [1781601717.368082297] [lio_node_v2]: Scan 488: low GICP conf (0.10), χ²=0.2
[WARN] [1781601717.987797854] [lio_node_v2]: Scan 489: low GICP conf (0.10), χ²=0.0
[WARN] [1781601718.592897972] [lio_node_v2]: Scan 490: low GICP conf (0.18), χ²=0.7
[WARN] [1781601719.202819714] [lio_node_v2]: Scan 491: low GICP conf (0.25), χ²=0.5
[WARN] [1781601719.884132749] [lio_node_v2]: Scan 492: low GICP conf (0.11), χ²=0.4
[WARN] [1781601720.379342121] [lio_node_v2]: Scan 493: low GICP conf (0.10), χ²=0.2
[WARN] [1781601722.058735527] [lio_node_v2]: Scan 495: low GICP conf (0.10), χ²=1.1
[WARN] [1781601722.787848467] [lio_node_v2]: Scan 496: low GICP conf (0.10), χ²=0.2
[WARN] [1781601723.537413586] [lio_node_v2]: Scan 497: low GICP conf (0.10), χ²=0.3
[WARN] [1781601724.118114627] [lio_node_v2]: Scan 498: low GICP conf (0.10), χ²=0.3
[WARN] [1781601724.521308633] [lio_node_v2]: Scan 499: low GICP conf (0.10), χ²=0.4
[WARN] [1781601726.010229148] [lio_node_v2]: Scan 501: low GICP conf (0.10), χ²=1.9
[WARN] [1781601726.758932830] [lio_node_v2]: Scan 504: low GICP conf (0.10), χ²=0.3
[WARN] [1781601759.801069281] [lio_node_v2]: Scan 607: GICP update REJECTED (χ²=46.5 > 20.8) — conf=0.77, IMU holds
[WARN] [1781601760.821681649] [lio_node_v2]: Scan 610: GICP update REJECTED (χ²=28.8 > 20.8) — conf=0.56, IMU holds
[WARN] [1781601842.137674056] [lio_node_v2]: Scan 773: GICP update REJECTED (χ²=616.2 > 20.8) — conf=0.10, IMU holds
[WARN] [1781601842.906316633] [lio_node_v2]: Scan 774: GICP update REJECTED (χ²=73.8 > 20.8) — conf=0.55, IMU holds
[WARN] [1781601844.188183128] [lio_node_v2]: Scan 776: GICP update REJECTED (χ²=71.7 > 20.8) — conf=0.72, IMU holds
[WARN] [1781601848.876085733] [lio_node_v2]: Scan 782: GICP update REJECTED (χ²=88.4 > 20.8) — conf=0.26, IMU holds
[WARN] [1781601849.686643163] [lio_node_v2]: Scan 783: GICP update REJECTED (χ²=26.9 > 20.8) — conf=0.66, IMU holds
[WARN] [1781601853.674886825] [lio_node_v2]: Scan 788: GICP update REJECTED (χ²=32.7 > 20.8) — conf=0.57, IMU holds
[WARN] [1781601867.526169141] [lio_node_v2]: Scan 813: low GICP conf (0.10), χ²=0.8
[WARN] [1781601869.303290161] [lio_node_v2]: Scan 814: low GICP conf (0.10), χ²=0.6
[WARN] [1781601871.674466774] [lio_node_v2]: Scan 815: low GICP conf (0.11), χ²=1.2
[WARN] [1781601873.529660318] [lio_node_v2]: Scan 816: low GICP conf (0.10), χ²=8.3
[WARN] [1781601874.385882963] [lio_node_v2]: Scan 817: low GICP conf (0.10), χ²=13.9
[WARN] [1781601875.317527518] [lio_node_v2]: Scan 818: low GICP conf (0.10), χ²=12.1
[WARN] [1781601876.301479394] [lio_node_v2]: Scan 819: GICP update REJECTED (χ²=21.5 > 20.8) — conf=0.10, IMU holds
[WARN] [1781601896.466778962] [lio_node_v2]: Scan 880: low GICP conf (0.10), χ²=2.0
[WARN] [1781601897.334536900] [lio_node_v2]: Scan 882: low GICP conf (0.16), χ²=0.2
[WARN] [1781601914.250250800] [lio_node_v2]: Scan 932: low GICP conf (0.11), χ²=0.2
Traceback (most recent call last):
  File "/u/97/habibip1/unix/ros2_ws/install/regnonrep/lib/regnonrep/ros_lio_v2.py", line 783, in <module>
    main()
  File "/u/97/habibip1/unix/ros2_ws/install/regnonrep/lib/regnonrep/ros_lio_v2.py", line 779, in main
    rclpy.shutdown()
  File "/opt/ros/humble/local/lib/python3.10/dist-packages/rclpy/__init__.py", line 130, in shutdown
    _shutdown(context=context)
  File "/opt/ros/humble/local/lib/python3.10/dist-packages/rclpy/utilities.py", line 58, in shutdown
    return context.shutdown()
  File "/opt/ros/humble/local/lib/python3.10/dist-packages/rclpy/context.py", line 102, in shutdown
    self.__context.shutdown()
rclpy._rclpy_pybind11.RCLError: failed to shutdown: rcl_shutdown already called on the given context, at ./src/rcl/init.c:241
