[INFO] [1781602336.446038904] [lio_node_v2]: [debug] Writing per-scan CSV → /u/97/habibip1/unix/ros2_ws/src/regnonrep/tum/optuna_full/trial0034.csv
/u/97/habibip1/unix/.local/lib/python3.10/site-packages/matplotlib/projections/__init__.py:63: UserWarning: Unable to import Axes3D. This may be due to multiple versions of Matplotlib being installed (e.g. as a system package and as a pip package). As a result, the 3D projection is not available.
  warnings.warn("Unable to import Axes3D. This may be due to multiple versions of "
[INFO] [1781602336.652884369] [lio_node_v2]: Using Pctools.apply_gicp_with_init_full (H matrix)
[INFO] [1781602336.657667042] [lio_node_v2]: === LIO Node (Non-Rep + iESKF Point-LIO style) ===
[INFO] [1781602336.657880896] [lio_node_v2]: lidar=/avia/livox/points  use_imu=True
[INFO] [1781602336.658072476] [lio_node_v2]: imu=/avia/livox/imu  accel_scale=9.81  σ_gyro=0.005400704927893926  σ_accel=0.008995419187585705  σ_bg=0.0002751088457343421  σ_ba=0.00016635886352681797
[INFO] [1781602336.658249624] [lio_node_v2]: IIR filter: 2nd-order Butterworth LP, cutoff=25 Hz, approx group_delay=20 ms (was 100 ms with 41-tap FIR), propagation at full 200 Hz
[INFO] [1781602336.659413944] [lio_node_v2]: === LIO Node V2 (18-DOF IESKF18, Super-LIO ports) ===
[INFO] [1781602336.659615050] [lio_node_v2]:   Gravity in state:           online estimation, norm-constrained
[INFO] [1781602336.659789377] [lio_node_v2]:   Update form:                information-form (A = P⁻¹ + HᵀV⁻¹H)
[INFO] [1781602336.659959306] [lio_node_v2]:   Propagation:                right-Jacobian J_r, midpoint integration
[INFO] [1781602336.660135115] [lio_node_v2]:   level_init:                 True  (gravity-aligned world frame)
[INFO] [1781602336.660306009] [lio_node_v2]:   imu_auto_scale:             True
[INFO] [1781602336.660478535] [lio_node_v2]:   undistort_translation:      True
[INFO] [1781602336.660650507] [lio_node_v2]:   init_g_cov:                 0.6981665419671174
[INFO] [1781602336.660818715] [lio_node_v2]:   ieskf_sigma_gyro/accel:     0.005400704927893926 / 0.008995419187585705
stdin is not a terminal device. Keyboard handling disabled.[INFO] [1781602338.088772892] [rosbag2_storage]: Opened database '/u/97/habibip1/unix/point_cloud_registeration_benchmark/dataset/Tier/Livox_avia/indoor1_avia/indoor1_avia/indoor1_avia.db3' for READ_ONLY.
[INFO] [1781602338.088839755] [rosbag2_player]: Set rate to 0.3
[INFO] [1781602338.095282425] [rosbag2_player]: Adding keyboard callbacks.
[INFO] [1781602338.095327171] [rosbag2_player]: Press SPACE for Pause/Resume
[INFO] [1781602338.095343350] [rosbag2_player]: Press CURSOR_RIGHT for Play Next Message
[INFO] [1781602338.095357273] [rosbag2_player]: Press CURSOR_UP for Increase Rate 10%
[INFO] [1781602338.095370337] [rosbag2_player]: Press CURSOR_DOWN for Decrease Rate 10%
[INFO] [1781602338.095862022] [rosbag2_storage]: Opened database '/u/97/habibip1/unix/point_cloud_registeration_benchmark/dataset/Tier/Livox_avia/indoor1_avia/indoor1_avia/indoor1_avia.db3' for READ_ONLY.
[INFO] [1781602341.110345216] [lio_node_v2]: Static init complete — g_world=[0.000, 0.000, 9.810] norm=9.810 m/s²  |  gyro_bias=[0.0012, 0.0002, 0.0007] rad/s
[INFO] [1781602341.110656544] [lio_node_v2]: [level_init] World frame leveled (gravity-aligned, yaw removed); accel_scale=1.0058 — map restarted
[WARN] [1781602400.464426151] [lio_node_v2]: Scan 177: low GICP conf (0.10), χ²=0.1
[WARN] [1781602430.158362310] [lio_node_v2]: Scan 266: low GICP conf (0.28), χ²=0.0
[WARN] [1781602436.158776750] [lio_node_v2]: Scan 284: low GICP conf (0.19), χ²=0.1
[WARN] [1781602441.175282340] [lio_node_v2]: Scan 299: low GICP conf (0.10), χ²=0.1
[WARN] [1781602454.559365087] [lio_node_v2]: Scan 339: low GICP conf (0.10), χ²=0.2
[WARN] [1781602468.875458793] [lio_node_v2]: Scan 381: low GICP conf (0.26), χ²=0.0
[WARN] [1781602471.336774030] [lio_node_v2]: Scan 389: low GICP conf (0.15), χ²=2.5
[WARN] [1781602476.780822498] [lio_node_v2]: Scan 405: low GICP conf (0.18), χ²=0.4
[WARN] [1781602502.444990293] [lio_node_v2]: Scan 474: low GICP conf (0.11), χ²=0.1
[WARN] [1781602503.260709268] [lio_node_v2]: Scan 475: low GICP conf (0.16), χ²=0.1
[WARN] [1781602504.118831467] [lio_node_v2]: Scan 476: low GICP conf (0.10), χ²=1.8
[WARN] [1781602506.925771580] [lio_node_v2]: Scan 478: low GICP conf (0.10), χ²=0.3
[WARN] [1781602508.917012477] [lio_node_v2]: Scan 479: low GICP conf (0.10), χ²=0.3
[WARN] [1781602511.284984857] [lio_node_v2]: Scan 480: low GICP conf (0.10), χ²=0.6
[WARN] [1781602513.547200030] [lio_node_v2]: Scan 481: low GICP conf (0.10), χ²=2.7
[WARN] [1781602514.444495226] [lio_node_v2]: Scan 482: low GICP conf (0.10), χ²=2.4
[WARN] [1781602515.113469344] [lio_node_v2]: Scan 483: low GICP conf (0.10), χ²=7.2
[WARN] [1781602515.737049077] [lio_node_v2]: Scan 485: low GICP conf (0.13), χ²=0.5
[WARN] [1781602518.327312762] [lio_node_v2]: Scan 491: GICP update REJECTED (χ²=640.7 > 47.6) — conf=0.10, IMU holds
[WARN] [1781602519.806686861] [lio_node_v2]: Scan 493: GICP update REJECTED (χ²=576.5 > 47.6) — conf=0.10, IMU holds
[WARN] [1781602520.599707782] [lio_node_v2]: Scan 494: GICP update REJECTED (χ²=92.4 > 47.6) — conf=0.74, IMU holds
[WARN] [1781602521.843760138] [lio_node_v2]: Scan 496: GICP update REJECTED (χ²=660.6 > 47.6) — conf=0.10, IMU holds
[WARN] [1781602522.149020447] [lio_node_v2]: Scan 497: GICP update REJECTED (χ²=87.5 > 47.6) — conf=0.10, IMU holds
[WARN] [1781602529.620270223] [lio_node_v2]: Scan 515: GICP update REJECTED (χ²=579.6 > 47.6) — conf=0.10, IMU holds
[WARN] [1781602531.586483193] [lio_node_v2]: Scan 518: GICP update REJECTED (χ²=556.5 > 47.6) — conf=0.10, IMU holds
[WARN] [1781602532.231030311] [lio_node_v2]: Scan 519: GICP update REJECTED (χ²=385.3 > 47.6) — conf=0.10, IMU holds
[WARN] [1781602532.834158840] [lio_node_v2]: Scan 520: GICP update REJECTED (χ²=53.9 > 47.6) — conf=0.10, IMU holds
[WARN] [1781602533.670934233] [lio_node_v2]: Scan 521: GICP update REJECTED (χ²=350.3 > 47.6) — conf=0.10, IMU holds
[WARN] [1781602534.251520429] [lio_node_v2]: Scan 522: GICP update REJECTED (χ²=67.0 > 47.6) — conf=0.25, IMU holds
[WARN] [1781602538.385212248] [lio_node_v2]: Scan 530: GICP update REJECTED (χ²=128.3 > 47.6) — conf=0.30, IMU holds
[WARN] [1781602538.840629054] [lio_node_v2]: Scan 531: GICP update REJECTED (χ²=77.4 > 47.6) — conf=0.47, IMU holds
[WARN] [1781602539.556792440] [lio_node_v2]: Scan 533: GICP update REJECTED (χ²=53.9 > 47.6) — conf=0.34, IMU holds
[WARN] [1781602542.881044794] [lio_node_v2]: Scan 542: GICP update REJECTED (χ²=259.4 > 47.6) — conf=0.10, IMU holds
[WARN] [1781602543.174069142] [lio_node_v2]: Scan 543: GICP update REJECTED (χ²=386.1 > 47.6) — conf=0.10, IMU holds
[WARN] [1781602543.445598628] [lio_node_v2]: Scan 544: GICP update REJECTED (χ²=88.0 > 47.6) — conf=0.10, IMU holds
[WARN] [1781602543.705531987] [lio_node_v2]: Scan 545: GICP update REJECTED (χ²=68.4 > 47.6) — conf=0.10, IMU holds
[WARN] [1781602544.296319582] [lio_node_v2]: Scan 547: GICP update REJECTED (χ²=358.0 > 47.6) — conf=0.10, IMU holds
[WARN] [1781602544.860833325] [lio_node_v2]: Scan 549: GICP update REJECTED (χ²=300.6 > 47.6) — conf=0.32, IMU holds
[WARN] [1781602545.112480466] [lio_node_v2]: Scan 550: low GICP conf (0.26), χ²=21.5
[WARN] [1781602545.848868451] [lio_node_v2]: Scan 552: GICP update REJECTED (χ²=224.3 > 47.6) — conf=0.10, IMU holds
[WARN] [1781602546.610729309] [lio_node_v2]: Scan 554: GICP update REJECTED (χ²=58.1 > 47.6) — conf=0.10, IMU holds
[WARN] [1781602547.867516663] [lio_node_v2]: Scan 558: GICP update REJECTED (χ²=355.4 > 47.6) — conf=0.10, IMU holds
[WARN] [1781602549.539224343] [lio_node_v2]: Scan 562: GICP update REJECTED (χ²=268.7 > 47.6) — conf=0.10, IMU holds
[WARN] [1781602550.028780274] [lio_node_v2]: Scan 563: GICP update REJECTED (χ²=193.7 > 47.6) — conf=0.59, IMU holds
[WARN] [1781602551.366254876] [lio_node_v2]: Scan 565: GICP update REJECTED (χ²=687.7 > 47.6) — conf=0.10, IMU holds
[WARN] [1781602582.271172470] [lio_node_v2]: Scan 646: low GICP conf (0.10), χ²=0.2
[WARN] [1781602587.347407623] [lio_node_v2]: Scan 659: GICP update REJECTED (χ²=49.9 > 47.6) — conf=0.92, IMU holds
[WARN] [1781602588.888337584] [lio_node_v2]: Scan 661: GICP update REJECTED (χ²=56.3 > 47.6) — conf=0.87, IMU holds
[WARN] [1781602615.314404151] [lio_node_v2]: Scan 714: low GICP conf (0.10), χ²=0.7
[WARN] [1781602629.071889454] [lio_node_v2]: Scan 748: low GICP conf (0.10), χ²=0.9
[WARN] [1781602634.343081542] [lio_node_v2]: Scan 764: low GICP conf (0.18), χ²=0.3
[WARN] [1781602653.294991554] [lio_node_v2]: Scan 815: low GICP conf (0.14), χ²=1.9
[WARN] [1781602656.088513453] [lio_node_v2]: Scan 817: low GICP conf (0.10), χ²=4.9
[WARN] [1781602657.977217408] [lio_node_v2]: Scan 818: low GICP conf (0.10), χ²=0.6
[WARN] [1781602659.621409760] [lio_node_v2]: Scan 819: low GICP conf (0.10), χ²=0.1
[WARN] [1781602661.429076631] [lio_node_v2]: Scan 820: low GICP conf (0.10), χ²=1.8
[WARN] [1781602662.602621192] [lio_node_v2]: Scan 821: low GICP conf (0.10), χ²=30.0
[WARN] [1781602678.243133718] [lio_node_v2]: Scan 863: low GICP conf (0.10), χ²=0.0
[WARN] [1781602695.082939157] [lio_node_v2]: Scan 910: low GICP conf (0.10), χ²=0.1
[WARN] [1781602717.344575910] [lio_node_v2]: Scan 972: low GICP conf (0.18), χ²=0.3
Traceback (most recent call last):
  File "/u/97/habibip1/unix/ros2_ws/install/regnonrep/lib/regnonrep/ros_lio_v2.py", line 783, in <module>
    main()
  File "/u/97/habibip1/unix/ros2_ws/install/regnonrep/lib/regnonrep/ros_lio_v2.py", line 779, in main
    rclpy.shutdown()
  File "/opt/ros/humble/local/lib/python3.10/dist-packages/rclpy/__init__.py", line 130, in shutdown
    _shutdown(context=context)
  File "/opt/ros/humble/local/lib/python3.10/dist-packages/rclpy/utilities.py", line 58, in shutdown
    return context.shutdown()
  File "/opt/ros/humble/local/lib/python3.10/dist-packages/rclpy/context.py", line 102, in shutdown
    self.__context.shutdown()
rclpy._rclpy_pybind11.RCLError: failed to shutdown: rcl_shutdown already called on the given context, at ./src/rcl/init.c:241
