[INFO] [1781594451.218039528] [lio_node_v2]: [debug] Writing per-scan CSV → /u/97/habibip1/unix/ros2_ws/src/regnonrep/tum/optuna_full/trial0014.csv
/u/97/habibip1/unix/.local/lib/python3.10/site-packages/matplotlib/projections/__init__.py:63: UserWarning: Unable to import Axes3D. This may be due to multiple versions of Matplotlib being installed (e.g. as a system package and as a pip package). As a result, the 3D projection is not available.
  warnings.warn("Unable to import Axes3D. This may be due to multiple versions of "
[INFO] [1781594451.426223137] [lio_node_v2]: Using Pctools.apply_gicp_with_init_full (H matrix)
[INFO] [1781594451.431067439] [lio_node_v2]: === LIO Node (Non-Rep + iESKF Point-LIO style) ===
[INFO] [1781594451.431279857] [lio_node_v2]: lidar=/avia/livox/points  use_imu=True
[INFO] [1781594451.431471841] [lio_node_v2]: imu=/avia/livox/imu  accel_scale=9.81  σ_gyro=0.0004957547237088648  σ_accel=0.011906605141784356  σ_bg=0.00034983170563822173  σ_ba=0.0019480005358814756
[INFO] [1781594451.431649030] [lio_node_v2]: IIR filter: 2nd-order Butterworth LP, cutoff=25 Hz, approx group_delay=20 ms (was 100 ms with 41-tap FIR), propagation at full 200 Hz
[INFO] [1781594451.432807216] [lio_node_v2]: === LIO Node V2 (18-DOF IESKF18, Super-LIO ports) ===
[INFO] [1781594451.433005509] [lio_node_v2]:   Gravity in state:           online estimation, norm-constrained
[INFO] [1781594451.433181192] [lio_node_v2]:   Update form:                information-form (A = P⁻¹ + HᵀV⁻¹H)
[INFO] [1781594451.433353085] [lio_node_v2]:   Propagation:                right-Jacobian J_r, midpoint integration
[INFO] [1781594451.433533242] [lio_node_v2]:   level_init:                 True  (gravity-aligned world frame)
[INFO] [1781594451.433708665] [lio_node_v2]:   imu_auto_scale:             True
[INFO] [1781594451.433876859] [lio_node_v2]:   undistort_translation:      True
[INFO] [1781594451.434047649] [lio_node_v2]:   init_g_cov:                 0.010646920348371022
[INFO] [1781594451.434217394] [lio_node_v2]:   ieskf_sigma_gyro/accel:     0.0004957547237088648 / 0.011906605141784356
stdin is not a terminal device. Keyboard handling disabled.[INFO] [1781594452.815078313] [rosbag2_storage]: Opened database '/u/97/habibip1/unix/point_cloud_registeration_benchmark/dataset/Tier/Livox_avia/indoor1_avia/indoor1_avia/indoor1_avia.db3' for READ_ONLY.
[INFO] [1781594452.815115784] [rosbag2_player]: Set rate to 0.3
[INFO] [1781594452.817831625] [rosbag2_player]: Adding keyboard callbacks.
[INFO] [1781594452.817854195] [rosbag2_player]: Press SPACE for Pause/Resume
[INFO] [1781594452.817858678] [rosbag2_player]: Press CURSOR_RIGHT for Play Next Message
[INFO] [1781594452.817862766] [rosbag2_player]: Press CURSOR_UP for Increase Rate 10%
[INFO] [1781594452.817866217] [rosbag2_player]: Press CURSOR_DOWN for Decrease Rate 10%
[INFO] [1781594452.818122571] [rosbag2_storage]: Opened database '/u/97/habibip1/unix/point_cloud_registeration_benchmark/dataset/Tier/Livox_avia/indoor1_avia/indoor1_avia/indoor1_avia.db3' for READ_ONLY.
[INFO] [1781594455.839648723] [lio_node_v2]: Static init complete — g_world=[0.000, 0.000, 9.810] norm=9.810 m/s²  |  gyro_bias=[0.0012, 0.0002, 0.0007] rad/s
[INFO] [1781594455.840020739] [lio_node_v2]: [level_init] World frame leveled (gravity-aligned, yaw removed); accel_scale=1.0058 — map restarted
[WARN] [1781594545.859149205] [lio_node_v2]: Scan 269: low GICP conf (0.10), χ²=0.1
[WARN] [1781594549.864390361] [lio_node_v2]: Scan 281: low GICP conf (0.10), χ²=0.5
[WARN] [1781594550.891695682] [lio_node_v2]: Scan 284: low GICP conf (0.10), χ²=0.1
[WARN] [1781594555.538539695] [lio_node_v2]: Scan 298: GICP update REJECTED (χ²=98.5 > 64.3) — conf=0.82, IMU holds
[WARN] [1781594580.252350902] [lio_node_v2]: Scan 372: low GICP conf (0.10), χ²=0.3
[WARN] [1781594588.237427613] [lio_node_v2]: Scan 396: low GICP conf (0.10), χ²=0.1
[WARN] [1781594615.620207851] [lio_node_v2]: Scan 478: low GICP conf (0.13), χ²=0.4
[WARN] [1781594622.909544426] [lio_node_v2]: Scan 494: low GICP conf (0.10), χ²=1.5
[WARN] [1781594625.152153097] [lio_node_v2]: Scan 497: low GICP conf (0.19), χ²=0.5
[WARN] [1781594626.610609266] [lio_node_v2]: Scan 499: low GICP conf (0.10), χ²=4.4
[WARN] [1781594627.045491139] [lio_node_v2]: Scan 500: low GICP conf (0.10), χ²=2.1
[WARN] [1781594627.578555309] [lio_node_v2]: Scan 501: low GICP conf (0.10), χ²=5.6
[WARN] [1781594628.713915118] [lio_node_v2]: Scan 503: low GICP conf (0.10), χ²=38.5
[WARN] [1781594631.605477933] [lio_node_v2]: Scan 516: low GICP conf (0.10), χ²=2.3
[WARN] [1781594658.250946971] [lio_node_v2]: Scan 596: low GICP conf (0.10), χ²=0.1
[WARN] [1781594700.978220355] [lio_node_v2]: Scan 724: GICP update REJECTED (χ²=68.3 > 64.3) — conf=0.15, IMU holds
[WARN] [1781594734.683402675] [lio_node_v2]: Scan 825: low GICP conf (0.10), χ²=0.0
[WARN] [1781594736.392564348] [lio_node_v2]: Scan 830: low GICP conf (0.10), χ²=0.1
[WARN] [1781594773.294892370] [lio_node_v2]: Scan 923: low GICP conf (0.10), χ²=2.8
[WARN] [1781594775.019344929] [lio_node_v2]: Scan 924: low GICP conf (0.10), χ²=0.7
[WARN] [1781594776.055350108] [lio_node_v2]: Scan 925: low GICP conf (0.10), χ²=2.4
[WARN] [1781594777.235999172] [lio_node_v2]: Scan 926: low GICP conf (0.10), χ²=45.1
[WARN] [1781594779.139501484] [lio_node_v2]: Scan 930: low GICP conf (0.10), χ²=19.0
[WARN] [1781594800.475320424] [lio_node_v2]: Scan 998: low GICP conf (0.14), χ²=0.0
[WARN] [1781594804.061711027] [lio_node_v2]: Scan 1009: low GICP conf (0.10), χ²=0.0
Traceback (most recent call last):
  File "/u/97/habibip1/unix/ros2_ws/install/regnonrep/lib/regnonrep/ros_lio_v2.py", line 783, in <module>
    main()
  File "/u/97/habibip1/unix/ros2_ws/install/regnonrep/lib/regnonrep/ros_lio_v2.py", line 779, in main
    rclpy.shutdown()
  File "/opt/ros/humble/local/lib/python3.10/dist-packages/rclpy/__init__.py", line 130, in shutdown
    _shutdown(context=context)
  File "/opt/ros/humble/local/lib/python3.10/dist-packages/rclpy/utilities.py", line 58, in shutdown
    return context.shutdown()
  File "/opt/ros/humble/local/lib/python3.10/dist-packages/rclpy/context.py", line 102, in shutdown
    self.__context.shutdown()
rclpy._rclpy_pybind11.RCLError: failed to shutdown: rcl_shutdown already called on the given context, at ./src/rcl/init.c:241
