[INFO] [1781601153.701019342] [lio_node_v2]: [debug] Writing per-scan CSV → /u/97/habibip1/unix/ros2_ws/src/regnonrep/tum/optuna_full/trial0031.csv
/u/97/habibip1/unix/.local/lib/python3.10/site-packages/matplotlib/projections/__init__.py:63: UserWarning: Unable to import Axes3D. This may be due to multiple versions of Matplotlib being installed (e.g. as a system package and as a pip package). As a result, the 3D projection is not available.
  warnings.warn("Unable to import Axes3D. This may be due to multiple versions of "
[INFO] [1781601153.908960501] [lio_node_v2]: Using Pctools.apply_gicp_with_init_full (H matrix)
[INFO] [1781601153.913803176] [lio_node_v2]: === LIO Node (Non-Rep + iESKF Point-LIO style) ===
[INFO] [1781601153.914008754] [lio_node_v2]: lidar=/avia/livox/points  use_imu=True
[INFO] [1781601153.914197745] [lio_node_v2]: imu=/avia/livox/imu  accel_scale=9.81  σ_gyro=0.009825835146572611  σ_accel=0.03734109911439901  σ_bg=1.7135797959427736e-05  σ_ba=0.00032366991324284984
[INFO] [1781601153.914378028] [lio_node_v2]: IIR filter: 2nd-order Butterworth LP, cutoff=25 Hz, approx group_delay=20 ms (was 100 ms with 41-tap FIR), propagation at full 200 Hz
[INFO] [1781601153.915538904] [lio_node_v2]: === LIO Node V2 (18-DOF IESKF18, Super-LIO ports) ===
[INFO] [1781601153.915736125] [lio_node_v2]:   Gravity in state:           online estimation, norm-constrained
[INFO] [1781601153.915907979] [lio_node_v2]:   Update form:                information-form (A = P⁻¹ + HᵀV⁻¹H)
[INFO] [1781601153.916076490] [lio_node_v2]:   Propagation:                right-Jacobian J_r, midpoint integration
[INFO] [1781601153.916250112] [lio_node_v2]:   level_init:                 True  (gravity-aligned world frame)
[INFO] [1781601153.916416966] [lio_node_v2]:   imu_auto_scale:             True
[INFO] [1781601153.916589343] [lio_node_v2]:   undistort_translation:      True
[INFO] [1781601153.916759995] [lio_node_v2]:   init_g_cov:                 0.0008880608161574009
[INFO] [1781601153.916929459] [lio_node_v2]:   ieskf_sigma_gyro/accel:     0.009825835146572611 / 0.03734109911439901
stdin is not a terminal device. Keyboard handling disabled.[INFO] [1781601155.342532895] [rosbag2_storage]: Opened database '/u/97/habibip1/unix/point_cloud_registeration_benchmark/dataset/Tier/Livox_avia/indoor1_avia/indoor1_avia/indoor1_avia.db3' for READ_ONLY.
[INFO] [1781601155.342596411] [rosbag2_player]: Set rate to 0.3
[INFO] [1781601155.349409484] [rosbag2_player]: Adding keyboard callbacks.
[INFO] [1781601155.349467044] [rosbag2_player]: Press SPACE for Pause/Resume
[INFO] [1781601155.349486648] [rosbag2_player]: Press CURSOR_RIGHT for Play Next Message
[INFO] [1781601155.349500698] [rosbag2_player]: Press CURSOR_UP for Increase Rate 10%
[INFO] [1781601155.349513224] [rosbag2_player]: Press CURSOR_DOWN for Decrease Rate 10%
[INFO] [1781601155.349983191] [rosbag2_storage]: Opened database '/u/97/habibip1/unix/point_cloud_registeration_benchmark/dataset/Tier/Livox_avia/indoor1_avia/indoor1_avia/indoor1_avia.db3' for READ_ONLY.
[INFO] [1781601158.364715097] [lio_node_v2]: Static init complete — g_world=[0.000, 0.000, 9.810] norm=9.810 m/s²  |  gyro_bias=[0.0012, 0.0002, 0.0007] rad/s
[INFO] [1781601158.365060758] [lio_node_v2]: [level_init] World frame leveled (gravity-aligned, yaw removed); accel_scale=1.0058 — map restarted
[WARN] [1781601234.118591142] [lio_node_v2]: Scan 226: low GICP conf (0.13), χ²=0.0
[WARN] [1781601253.455700392] [lio_node_v2]: Scan 284: low GICP conf (0.10), χ²=0.1
[WARN] [1781601290.622841540] [lio_node_v2]: Scan 380: low GICP conf (0.10), χ²=30.8
[WARN] [1781601293.470165767] [lio_node_v2]: Scan 385: low GICP conf (0.10), χ²=46.4
[WARN] [1781601294.846654578] [lio_node_v2]: Scan 387: GICP update REJECTED (χ²=279.5 > 113.3) — conf=0.10, IMU holds
[WARN] [1781601295.666106700] [lio_node_v2]: Scan 388: GICP update REJECTED (χ²=156.7 > 113.3) — conf=0.10, IMU holds
[WARN] [1781601321.044790877] [lio_node_v2]: Scan 446: low GICP conf (0.10), χ²=0.2
[WARN] [1781601323.542026472] [lio_node_v2]: Scan 448: low GICP conf (0.10), χ²=0.2
[WARN] [1781601324.558403368] [lio_node_v2]: Scan 449: low GICP conf (0.15), χ²=0.0
[WARN] [1781601327.337622290] [lio_node_v2]: Scan 451: low GICP conf (0.10), χ²=0.0
[WARN] [1781601329.250031203] [lio_node_v2]: Scan 452: low GICP conf (0.10), χ²=0.3
[WARN] [1781601330.875464947] [lio_node_v2]: Scan 453: low GICP conf (0.10), χ²=3.4
[WARN] [1781601331.974190932] [lio_node_v2]: Scan 454: low GICP conf (0.10), χ²=1.3
[WARN] [1781601332.814540786] [lio_node_v2]: Scan 455: low GICP conf (0.10), χ²=1.3
[WARN] [1781601333.344268668] [lio_node_v2]: Scan 456: low GICP conf (0.10), χ²=6.4
[WARN] [1781601334.860660767] [lio_node_v2]: Scan 458: low GICP conf (0.10), χ²=6.7
[WARN] [1781601338.343406463] [lio_node_v2]: Scan 466: GICP update REJECTED (χ²=143.2 > 113.3) — conf=0.65, IMU holds
[WARN] [1781601412.120263453] [lio_node_v2]: Scan 657: GICP update REJECTED (χ²=166.3 > 113.3) — conf=0.37, IMU holds
[WARN] [1781601413.044223882] [lio_node_v2]: Scan 658: GICP update REJECTED (χ²=137.3 > 113.3) — conf=0.24, IMU holds
[WARN] [1781601413.925235236] [lio_node_v2]: Scan 659: GICP update REJECTED (χ²=147.4 > 113.3) — conf=0.24, IMU holds
[WARN] [1781601414.616775539] [lio_node_v2]: Scan 660: GICP update REJECTED (χ²=114.0 > 113.3) — conf=0.41, IMU holds
[WARN] [1781601416.575110039] [lio_node_v2]: Scan 662: GICP update REJECTED (χ²=136.6 > 113.3) — conf=0.48, IMU holds
[WARN] [1781601417.415806425] [lio_node_v2]: Scan 663: GICP update REJECTED (χ²=266.6 > 113.3) — conf=0.35, IMU holds
[WARN] [1781601421.481462118] [lio_node_v2]: Scan 667: GICP update REJECTED (χ²=165.7 > 113.3) — conf=0.47, IMU holds
[WARN] [1781601441.342436858] [lio_node_v2]: Scan 699: low GICP conf (0.10), χ²=1.9
[WARN] [1781601471.969568746] [lio_node_v2]: Scan 765: low GICP conf (0.15), χ²=0.2
[WARN] [1781601472.980707447] [lio_node_v2]: Scan 766: low GICP conf (0.10), χ²=0.0
[WARN] [1781601474.375688513] [lio_node_v2]: Scan 767: low GICP conf (0.10), χ²=0.1
[WARN] [1781601475.466613431] [lio_node_v2]: Scan 768: low GICP conf (0.10), χ²=0.1
[WARN] [1781601476.516518386] [lio_node_v2]: Scan 769: low GICP conf (0.10), χ²=5.9
[WARN] [1781601477.769318542] [lio_node_v2]: Scan 770: low GICP conf (0.10), χ²=3.1
[WARN] [1781601478.561203127] [lio_node_v2]: Scan 771: low GICP conf (0.10), χ²=15.2
[WARN] [1781601479.344624934] [lio_node_v2]: Scan 772: low GICP conf (0.10), χ²=51.8
[WARN] [1781601480.004971980] [lio_node_v2]: Scan 773: low GICP conf (0.29), χ²=9.3
[WARN] [1781601485.894036708] [lio_node_v2]: Scan 781: GICP update REJECTED (χ²=129.3 > 113.3) — conf=0.79, IMU holds
[WARN] [1781601489.541714199] [lio_node_v2]: Scan 796: low GICP conf (0.10), χ²=12.2
[WARN] [1781601490.543093873] [lio_node_v2]: Scan 797: low GICP conf (0.10), χ²=41.1
[WARN] [1781601491.498261661] [lio_node_v2]: Scan 798: low GICP conf (0.14), χ²=68.4
[WARN] [1781601493.290592425] [lio_node_v2]: Scan 800: GICP update REJECTED (χ²=137.9 > 113.3) — conf=0.43, IMU holds
[WARN] [1781601496.454261930] [lio_node_v2]: Scan 806: GICP update REJECTED (χ²=169.2 > 113.3) — conf=0.20, IMU holds
[WARN] [1781601496.732383214] [lio_node_v2]: Scan 807: low GICP conf (0.16), χ²=112.1
[WARN] [1781601502.829301329] [lio_node_v2]: Scan 820: low GICP conf (0.25), χ²=15.4
[WARN] [1781601503.703905760] [lio_node_v2]: Scan 822: low GICP conf (0.19), χ²=56.8
[WARN] [1781601504.830517063] [lio_node_v2]: Scan 825: GICP update REJECTED (χ²=142.9 > 113.3) — conf=0.73, IMU holds
[WARN] [1781601505.607845171] [lio_node_v2]: Scan 827: GICP update REJECTED (χ²=120.6 > 113.3) — conf=0.78, IMU holds
[WARN] [1781601507.032397850] [lio_node_v2]: Scan 830: GICP update REJECTED (χ²=130.2 > 113.3) — conf=0.16, IMU holds
[WARN] [1781601508.061434982] [lio_node_v2]: Scan 833: GICP update REJECTED (χ²=183.3 > 113.3) — conf=0.64, IMU holds
[WARN] [1781601508.286519179] [lio_node_v2]: Scan 834: GICP update REJECTED (χ²=173.9 > 113.3) — conf=0.60, IMU holds
[WARN] [1781601511.275736698] [lio_node_v2]: Scan 838: low GICP conf (0.10), χ²=29.4
[WARN] [1781601514.801806346] [lio_node_v2]: Scan 844: GICP update REJECTED (χ²=121.8 > 113.3) — conf=0.20, IMU holds
[WARN] [1781601516.205594196] [lio_node_v2]: Scan 847: GICP update REJECTED (χ²=154.2 > 113.3) — conf=0.10, IMU holds
[WARN] [1781601519.278247992] [lio_node_v2]: Scan 852: GICP update REJECTED (χ²=158.7 > 113.3) — conf=0.27, IMU holds
[WARN] [1781601521.733062867] [lio_node_v2]: Scan 857: low GICP conf (0.10), χ²=37.3
[WARN] [1781601524.756235003] [lio_node_v2]: Scan 863: low GICP conf (0.10), χ²=36.3
[WARN] [1781601527.065784586] [lio_node_v2]: Scan 869: GICP update REJECTED (χ²=123.8 > 113.3) — conf=0.10, IMU holds
[WARN] [1781601527.971970835] [lio_node_v2]: Scan 872: GICP update REJECTED (χ²=138.9 > 113.3) — conf=0.49, IMU holds
[WARN] [1781601532.889641097] [lio_node_v2]: Scan 884: low GICP conf (0.10), χ²=26.5
[WARN] [1781601537.949223762] [lio_node_v2]: Scan 895: low GICP conf (0.10), χ²=14.4
[WARN] [1781601539.342432956] [lio_node_v2]: Scan 897: GICP update REJECTED (χ²=134.8 > 113.3) — conf=0.44, IMU holds
Traceback (most recent call last):
  File "/u/97/habibip1/unix/ros2_ws/install/regnonrep/lib/regnonrep/ros_lio_v2.py", line 783, in <module>
    main()
  File "/u/97/habibip1/unix/ros2_ws/install/regnonrep/lib/regnonrep/ros_lio_v2.py", line 779, in main
    rclpy.shutdown()
  File "/opt/ros/humble/local/lib/python3.10/dist-packages/rclpy/__init__.py", line 130, in shutdown
    _shutdown(context=context)
  File "/opt/ros/humble/local/lib/python3.10/dist-packages/rclpy/utilities.py", line 58, in shutdown
    return context.shutdown()
  File "/opt/ros/humble/local/lib/python3.10/dist-packages/rclpy/context.py", line 102, in shutdown
    self.__context.shutdown()
rclpy._rclpy_pybind11.RCLError: failed to shutdown: rcl_shutdown already called on the given context, at ./src/rcl/init.c:241
