stdin is not a terminal device. Keyboard handling disabled.[INFO] [1781610126.024988965] [rosbag2_storage]: Opened database '/u/97/habibip1/unix/point_cloud_registeration_benchmark/dataset/Tier/Livox_avia/indoor1_avia/indoor1_avia/indoor1_avia.db3' for READ_ONLY.
[INFO] [1781610126.025135857] [rosbag2_player]: Set rate to 0.3
[INFO] [1781610126.038077388] [rosbag2_player]: Adding keyboard callbacks.
[INFO] [1781610126.038188867] [rosbag2_player]: Press SPACE for Pause/Resume
[INFO] [1781610126.038220574] [rosbag2_player]: Press CURSOR_RIGHT for Play Next Message
[INFO] [1781610126.038247198] [rosbag2_player]: Press CURSOR_UP for Increase Rate 10%
[INFO] [1781610126.038271472] [rosbag2_player]: Press CURSOR_DOWN for Decrease Rate 10%
[INFO] [1781610126.039247733] [rosbag2_storage]: Opened database '/u/97/habibip1/unix/point_cloud_registeration_benchmark/dataset/Tier/Livox_avia/indoor1_avia/indoor1_avia/indoor1_avia.db3' for READ_ONLY.
[INFO] [1781610127.361969488] [lio_node_v2]: [debug] Writing per-scan CSV → /u/97/habibip1/unix/ros2_ws/src/regnonrep/tum/optuna_full/trial0050.csv
/u/97/habibip1/unix/.local/lib/python3.10/site-packages/matplotlib/projections/__init__.py:63: UserWarning: Unable to import Axes3D. This may be due to multiple versions of Matplotlib being installed (e.g. as a system package and as a pip package). As a result, the 3D projection is not available.
  warnings.warn("Unable to import Axes3D. This may be due to multiple versions of "
[INFO] [1781610127.880761031] [lio_node_v2]: Using Pctools.apply_gicp_with_init_full (H matrix)
[INFO] [1781610127.894078984] [lio_node_v2]: === LIO Node (Non-Rep + iESKF Point-LIO style) ===
[INFO] [1781610127.894606944] [lio_node_v2]: lidar=/avia/livox/points  use_imu=True
[INFO] [1781610127.895091892] [lio_node_v2]: imu=/avia/livox/imu  accel_scale=9.81  σ_gyro=0.0017358485015412427  σ_accel=0.012851566830726358  σ_bg=7.028552274561472e-05  σ_ba=0.009570295918819107
[INFO] [1781610127.895541928] [lio_node_v2]: IIR filter: 2nd-order Butterworth LP, cutoff=25 Hz, approx group_delay=20 ms (was 100 ms with 41-tap FIR), propagation at full 200 Hz
[INFO] [1781610127.901179511] [lio_node_v2]: === LIO Node V2 (18-DOF IESKF18, Super-LIO ports) ===
[INFO] [1781610127.902168348] [lio_node_v2]:   Gravity in state:           online estimation, norm-constrained
[INFO] [1781610127.902676458] [lio_node_v2]:   Update form:                information-form (A = P⁻¹ + HᵀV⁻¹H)
[INFO] [1781610127.903124659] [lio_node_v2]:   Propagation:                right-Jacobian J_r, midpoint integration
[INFO] [1781610127.903593921] [lio_node_v2]:   level_init:                 True  (gravity-aligned world frame)
[INFO] [1781610127.904039710] [lio_node_v2]:   imu_auto_scale:             True
[INFO] [1781610127.904491207] [lio_node_v2]:   undistort_translation:      True
[INFO] [1781610127.904950386] [lio_node_v2]:   init_g_cov:                 0.0025546251710322813
[INFO] [1781610127.905400321] [lio_node_v2]:   ieskf_sigma_gyro/accel:     0.0017358485015412427 / 0.012851566830726358
[INFO] [1781610131.064984874] [lio_node_v2]: Static init complete — g_world=[0.000, 0.000, 9.810] norm=9.810 m/s²  |  gyro_bias=[0.0013, -0.0000, 0.0006] rad/s
[INFO] [1781610131.066099851] [lio_node_v2]: [level_init] World frame leveled (gravity-aligned, yaw removed); accel_scale=1.0053 — map restarted
[WARN] [1781610180.085055473] [lio_node_v2]: Scan 146: low GICP conf (0.10), χ²=0.0
[WARN] [1781610188.420871190] [lio_node_v2]: Scan 171: low GICP conf (0.10), χ²=0.0
[WARN] [1781610257.788368492] [lio_node_v2]: Scan 379: low GICP conf (0.10), χ²=0.0
[WARN] [1781610261.476629252] [lio_node_v2]: Scan 390: low GICP conf (0.10), χ²=0.0
[WARN] [1781610289.391178389] [lio_node_v2]: Scan 473: low GICP conf (0.24), χ²=0.1
[WARN] [1781610290.063928843] [lio_node_v2]: Scan 475: low GICP conf (0.17), χ²=0.0
[WARN] [1781610293.111378796] [lio_node_v2]: Scan 481: low GICP conf (0.10), χ²=0.1
[WARN] [1781610293.731058432] [lio_node_v2]: Scan 482: low GICP conf (0.13), χ²=0.0
[WARN] [1781610294.594718051] [lio_node_v2]: Scan 484: low GICP conf (0.10), χ²=0.1
[WARN] [1781610295.311104067] [lio_node_v2]: Scan 485: low GICP conf (0.10), χ²=0.0
[WARN] [1781610295.639853764] [lio_node_v2]: Scan 486: low GICP conf (0.18), χ²=0.1
[WARN] [1781610296.047268969] [lio_node_v2]: Scan 487: low GICP conf (0.18), χ²=0.0
[WARN] [1781610297.211545405] [lio_node_v2]: Scan 488: low GICP conf (0.10), χ²=0.1
[WARN] [1781610298.124855783] [lio_node_v2]: Scan 489: low GICP conf (0.10), χ²=0.6
[WARN] [1781610298.972130686] [lio_node_v2]: Scan 490: low GICP conf (0.10), χ²=1.3
[WARN] [1781610299.543301830] [lio_node_v2]: Scan 491: low GICP conf (0.10), χ²=0.3
[WARN] [1781610300.351091399] [lio_node_v2]: Scan 492: low GICP conf (0.10), χ²=0.5
[WARN] [1781610301.134820282] [lio_node_v2]: Scan 493: low GICP conf (0.10), χ²=5.8
[WARN] [1781610301.588609099] [lio_node_v2]: Scan 494: low GICP conf (0.10), χ²=2.2
[WARN] [1781610303.180952635] [lio_node_v2]: Scan 498: low GICP conf (0.10), χ²=1.4
[WARN] [1781610303.440260483] [lio_node_v2]: Scan 499: low GICP conf (0.10), χ²=2.0
[WARN] [1781610306.148188500] [lio_node_v2]: Scan 509: low GICP conf (0.26), χ²=1.1
[WARN] [1781610354.181599431] [lio_node_v2]: Scan 655: low GICP conf (0.21), χ²=0.0
[WARN] [1781610407.057904736] [lio_node_v2]: Scan 813: low GICP conf (0.10), χ²=0.0
[WARN] [1781610441.801317979] [lio_node_v2]: Scan 908: low GICP conf (0.10), χ²=0.2
[WARN] [1781610446.148736221] [lio_node_v2]: Scan 910: low GICP conf (0.10), χ²=0.4
[WARN] [1781610448.679808058] [lio_node_v2]: Scan 911: low GICP conf (0.10), χ²=0.0
[WARN] [1781610450.193581097] [lio_node_v2]: Scan 912: low GICP conf (0.10), χ²=0.9
[WARN] [1781610451.083584907] [lio_node_v2]: Scan 913: low GICP conf (0.10), χ²=4.3
[WARN] [1781610453.076237959] [lio_node_v2]: Scan 916: GICP update REJECTED (χ²=1548.5 > 118.1) — conf=0.10, IMU holds
[WARN] [1781610453.723250334] [lio_node_v2]: Scan 917: GICP update REJECTED (χ²=692.2 > 118.1) — conf=0.10, IMU holds
[WARN] [1781610454.053324845] [lio_node_v2]: Scan 918: GICP update REJECTED (χ²=1419.5 > 118.1) — conf=0.10, IMU holds
[WARN] [1781610454.488421318] [lio_node_v2]: Scan 919: GICP update REJECTED (χ²=1119.4 > 118.1) — conf=0.10, IMU holds
[WARN] [1781610454.880611670] [lio_node_v2]: Scan 920: low GICP conf (0.10), χ²=46.2
[WARN] [1781610455.534779015] [lio_node_v2]: Scan 921: GICP update REJECTED (χ²=968.8 > 118.1) — conf=0.10, IMU holds
[WARN] [1781610458.250109692] [lio_node_v2]: Scan 928: GICP update REJECTED (χ²=223.6 > 118.1) — conf=0.10, IMU holds
[WARN] [1781610473.622635712] [lio_node_v2]: Scan 967: low GICP conf (0.10), χ²=0.1
[WARN] [1781610501.403720200] [lio_node_v2]: Scan 1049: low GICP conf (0.24), χ²=0.0
Traceback (most recent call last):
  File "/u/97/habibip1/unix/ros2_ws/install/regnonrep/lib/regnonrep/ros_lio_v2.py", line 783, in <module>
    main()
  File "/u/97/habibip1/unix/ros2_ws/install/regnonrep/lib/regnonrep/ros_lio_v2.py", line 779, in main
    rclpy.shutdown()
  File "/opt/ros/humble/local/lib/python3.10/dist-packages/rclpy/__init__.py", line 130, in shutdown
    _shutdown(context=context)
  File "/opt/ros/humble/local/lib/python3.10/dist-packages/rclpy/utilities.py", line 58, in shutdown
    return context.shutdown()
  File "/opt/ros/humble/local/lib/python3.10/dist-packages/rclpy/context.py", line 102, in shutdown
    self.__context.shutdown()
rclpy._rclpy_pybind11.RCLError: failed to shutdown: rcl_shutdown already called on the given context, at ./src/rcl/init.c:241
