[INFO] [1781617282.613713773] [lio_node_v2]: [debug] Writing per-scan CSV → /u/97/habibip1/unix/ros2_ws/src/regnonrep/tum/optuna_full/trial0058.csv
/u/97/habibip1/unix/.local/lib/python3.10/site-packages/matplotlib/projections/__init__.py:63: UserWarning: Unable to import Axes3D. This may be due to multiple versions of Matplotlib being installed (e.g. as a system package and as a pip package). As a result, the 3D projection is not available.
  warnings.warn("Unable to import Axes3D. This may be due to multiple versions of "
[INFO] [1781617282.834477273] [lio_node_v2]: Using Pctools.apply_gicp_with_init_full (H matrix)
[INFO] [1781617282.839504718] [lio_node_v2]: === LIO Node (Non-Rep + iESKF Point-LIO style) ===
[INFO] [1781617282.839726564] [lio_node_v2]: lidar=/avia/livox/points  use_imu=True
[INFO] [1781617282.839912991] [lio_node_v2]: imu=/avia/livox/imu  accel_scale=9.81  σ_gyro=0.003952825659937024  σ_accel=0.009709752813542616  σ_bg=0.00010216913097787953  σ_ba=0.0011188823747825454
[INFO] [1781617282.840091490] [lio_node_v2]: IIR filter: 2nd-order Butterworth LP, cutoff=25 Hz, approx group_delay=20 ms (was 100 ms with 41-tap FIR), propagation at full 200 Hz
[INFO] [1781617282.841340366] [lio_node_v2]: === LIO Node V2 (18-DOF IESKF18, Super-LIO ports) ===
[INFO] [1781617282.841546141] [lio_node_v2]:   Gravity in state:           online estimation, norm-constrained
[INFO] [1781617282.841722916] [lio_node_v2]:   Update form:                information-form (A = P⁻¹ + HᵀV⁻¹H)
[INFO] [1781617282.841894772] [lio_node_v2]:   Propagation:                right-Jacobian J_r, midpoint integration
[INFO] [1781617282.842070866] [lio_node_v2]:   level_init:                 True  (gravity-aligned world frame)
[INFO] [1781617282.842253228] [lio_node_v2]:   imu_auto_scale:             True
[INFO] [1781617282.842425997] [lio_node_v2]:   undistort_translation:      True
[INFO] [1781617282.842600982] [lio_node_v2]:   init_g_cov:                 0.01903183008842149
[INFO] [1781617282.842772953] [lio_node_v2]:   ieskf_sigma_gyro/accel:     0.003952825659937024 / 0.009709752813542616
stdin is not a terminal device. Keyboard handling disabled.[INFO] [1781617284.075352813] [rosbag2_storage]: Opened database '/u/97/habibip1/unix/point_cloud_registeration_benchmark/dataset/Tier/Livox_avia/indoor1_avia/indoor1_avia/indoor1_avia.db3' for READ_ONLY.
[INFO] [1781617284.075394531] [rosbag2_player]: Set rate to 0.3
[INFO] [1781617284.078363545] [rosbag2_player]: Adding keyboard callbacks.
[INFO] [1781617284.078401326] [rosbag2_player]: Press SPACE for Pause/Resume
[INFO] [1781617284.078406425] [rosbag2_player]: Press CURSOR_RIGHT for Play Next Message
[INFO] [1781617284.078410849] [rosbag2_player]: Press CURSOR_UP for Increase Rate 10%
[INFO] [1781617284.078414411] [rosbag2_player]: Press CURSOR_DOWN for Decrease Rate 10%
[INFO] [1781617284.078693367] [rosbag2_storage]: Opened database '/u/97/habibip1/unix/point_cloud_registeration_benchmark/dataset/Tier/Livox_avia/indoor1_avia/indoor1_avia/indoor1_avia.db3' for READ_ONLY.
[INFO] [1781617287.089053965] [lio_node_v2]: Static init complete — g_world=[0.000, 0.000, 9.810] norm=9.810 m/s²  |  gyro_bias=[0.0012, 0.0002, 0.0007] rad/s
[INFO] [1781617287.089875131] [lio_node_v2]: [level_init] World frame leveled (gravity-aligned, yaw removed); accel_scale=1.0058 — map restarted
[WARN] [1781617355.602079489] [lio_node_v2]: Scan 201: low GICP conf (0.10), χ²=0.0
[WARN] [1781617383.247391319] [lio_node_v2]: Scan 284: low GICP conf (0.22), χ²=0.1
[WARN] [1781617416.945213625] [lio_node_v2]: Scan 385: low GICP conf (0.23), χ²=0.4
[WARN] [1781617443.637633648] [lio_node_v2]: Scan 465: low GICP conf (0.10), χ²=0.1
[WARN] [1781617447.589269997] [lio_node_v2]: Scan 476: low GICP conf (0.10), χ²=9.8
[WARN] [1781617447.848636876] [lio_node_v2]: Scan 477: low GICP conf (0.10), χ²=3.4
[WARN] [1781617448.455222873] [lio_node_v2]: Scan 479: low GICP conf (0.15), χ²=13.8
[WARN] [1781617449.954069146] [lio_node_v2]: Scan 483: low GICP conf (0.10), χ²=1.5
[WARN] [1781617450.915965876] [lio_node_v2]: Scan 485: low GICP conf (0.29), χ²=0.3
[WARN] [1781617451.362067135] [lio_node_v2]: Scan 486: low GICP conf (0.10), χ²=0.5
[WARN] [1781617452.460504339] [lio_node_v2]: Scan 488: low GICP conf (0.10), χ²=0.2
[WARN] [1781617453.088655059] [lio_node_v2]: Scan 489: low GICP conf (0.10), χ²=0.5
[WARN] [1781617454.399109308] [lio_node_v2]: Scan 491: low GICP conf (0.10), χ²=0.5
[WARN] [1781617455.206624931] [lio_node_v2]: Scan 492: low GICP conf (0.10), χ²=4.3
[WARN] [1781617455.969517335] [lio_node_v2]: Scan 493: low GICP conf (0.10), χ²=8.5
[WARN] [1781617456.536567776] [lio_node_v2]: Scan 494: low GICP conf (0.10), χ²=18.9
[WARN] [1781617457.004648494] [lio_node_v2]: Scan 495: low GICP conf (0.10), χ²=3.5
[WARN] [1781617457.941498640] [lio_node_v2]: Scan 496: low GICP conf (0.10), χ²=59.7
[WARN] [1781617459.951866344] [lio_node_v2]: Scan 497: low GICP conf (0.10), χ²=73.9
[WARN] [1781617460.784877381] [lio_node_v2]: Scan 498: low GICP conf (0.10), χ²=62.9
[WARN] [1781617461.371293519] [lio_node_v2]: Scan 499: low GICP conf (0.10), χ²=6.4
[WARN] [1781617461.820533453] [lio_node_v2]: Scan 500: low GICP conf (0.10), χ²=119.0
[WARN] [1781617462.538817990] [lio_node_v2]: Scan 501: low GICP conf (0.10), χ²=24.7
[WARN] [1781617462.924114550] [lio_node_v2]: Scan 502: low GICP conf (0.10), χ²=2.8
[WARN] [1781617463.636083764] [lio_node_v2]: Scan 504: low GICP conf (0.10), χ²=36.6
[WARN] [1781617474.347379308] [lio_node_v2]: Scan 540: low GICP conf (0.20), χ²=5.1
[WARN] [1781617539.358820271] [lio_node_v2]: Scan 735: low GICP conf (0.10), χ²=0.2
[WARN] [1781617543.332661098] [lio_node_v2]: Scan 747: low GICP conf (0.26), χ²=1.0
[WARN] [1781617575.834869839] [lio_node_v2]: Scan 841: low GICP conf (0.10), χ²=1.9
[WARN] [1781617598.931813066] [lio_node_v2]: Scan 913: low GICP conf (0.10), χ²=0.2
[WARN] [1781617600.253041576] [lio_node_v2]: Scan 915: low GICP conf (0.24), χ²=0.3
[WARN] [1781617601.327039957] [lio_node_v2]: Scan 917: low GICP conf (0.19), χ²=0.1
[WARN] [1781617602.687381339] [lio_node_v2]: Scan 919: low GICP conf (0.10), χ²=0.7
[WARN] [1781617603.569279284] [lio_node_v2]: Scan 920: low GICP conf (0.29), χ²=2.1
[WARN] [1781617604.451885530] [lio_node_v2]: Scan 921: low GICP conf (0.10), χ²=0.9
[WARN] [1781617604.920241212] [lio_node_v2]: Scan 922: low GICP conf (0.10), χ²=0.1
[WARN] [1781617605.593768529] [lio_node_v2]: Scan 923: low GICP conf (0.10), χ²=1.1
[WARN] [1781617607.561821543] [lio_node_v2]: Scan 925: low GICP conf (0.10), χ²=0.9
[WARN] [1781617608.115429208] [lio_node_v2]: Scan 926: low GICP conf (0.10), χ²=7.2
[WARN] [1781617610.199665280] [lio_node_v2]: Scan 932: low GICP conf (0.10), χ²=0.8
[WARN] [1781617622.352822799] [lio_node_v2]: Scan 973: low GICP conf (0.25), χ²=2.5
[WARN] [1781617622.682200052] [lio_node_v2]: Scan 974: low GICP conf (0.10), χ²=0.8
[WARN] [1781617640.687260597] [lio_node_v2]: Scan 1028: low GICP conf (0.10), χ²=5.9
[WARN] [1781617649.377069434] [lio_node_v2]: Scan 1054: low GICP conf (0.10), χ²=1.0
[WARN] [1781617649.686431136] [lio_node_v2]: Scan 1055: low GICP conf (0.10), χ²=1.0
[WARN] [1781617661.353196917] [lio_node_v2]: Scan 1090: low GICP conf (0.10), χ²=1.1
Traceback (most recent call last):
  File "/u/97/habibip1/unix/ros2_ws/install/regnonrep/lib/regnonrep/ros_lio_v2.py", line 783, in <module>
    main()
  File "/u/97/habibip1/unix/ros2_ws/install/regnonrep/lib/regnonrep/ros_lio_v2.py", line 779, in main
    rclpy.shutdown()
  File "/opt/ros/humble/local/lib/python3.10/dist-packages/rclpy/__init__.py", line 130, in shutdown
    _shutdown(context=context)
  File "/opt/ros/humble/local/lib/python3.10/dist-packages/rclpy/utilities.py", line 58, in shutdown
    return context.shutdown()
  File "/opt/ros/humble/local/lib/python3.10/dist-packages/rclpy/context.py", line 102, in shutdown
    self.__context.shutdown()
rclpy._rclpy_pybind11.RCLError: failed to shutdown: rcl_shutdown already called on the given context, at ./src/rcl/init.c:241
