[INFO] [1781596816.992484211] [lio_node_v2]: [debug] Writing per-scan CSV → /u/97/habibip1/unix/ros2_ws/src/regnonrep/tum/optuna_full/trial0020.csv
/u/97/habibip1/unix/.local/lib/python3.10/site-packages/matplotlib/projections/__init__.py:63: UserWarning: Unable to import Axes3D. This may be due to multiple versions of Matplotlib being installed (e.g. as a system package and as a pip package). As a result, the 3D projection is not available.
  warnings.warn("Unable to import Axes3D. This may be due to multiple versions of "
[INFO] [1781596817.200546609] [lio_node_v2]: Using Pctools.apply_gicp_with_init_full (H matrix)
[INFO] [1781596817.205303963] [lio_node_v2]: === LIO Node (Non-Rep + iESKF Point-LIO style) ===
[INFO] [1781596817.205516070] [lio_node_v2]: lidar=/avia/livox/points  use_imu=True
[INFO] [1781596817.205707900] [lio_node_v2]: imu=/avia/livox/imu  accel_scale=9.81  σ_gyro=0.002442283347006287  σ_accel=0.0059692870818741  σ_bg=0.00010819037501282728  σ_ba=0.003868327914860676
[INFO] [1781596817.205891391] [lio_node_v2]: IIR filter: 2nd-order Butterworth LP, cutoff=25 Hz, approx group_delay=20 ms (was 100 ms with 41-tap FIR), propagation at full 200 Hz
[INFO] [1781596817.207054704] [lio_node_v2]: === LIO Node V2 (18-DOF IESKF18, Super-LIO ports) ===
[INFO] [1781596817.207255375] [lio_node_v2]:   Gravity in state:           online estimation, norm-constrained
[INFO] [1781596817.207427614] [lio_node_v2]:   Update form:                information-form (A = P⁻¹ + HᵀV⁻¹H)
[INFO] [1781596817.207605933] [lio_node_v2]:   Propagation:                right-Jacobian J_r, midpoint integration
[INFO] [1781596817.207781075] [lio_node_v2]:   level_init:                 True  (gravity-aligned world frame)
[INFO] [1781596817.207952148] [lio_node_v2]:   imu_auto_scale:             True
[INFO] [1781596817.208122806] [lio_node_v2]:   undistort_translation:      True
[INFO] [1781596817.208292629] [lio_node_v2]:   init_g_cov:                 0.0005309477520631866
[INFO] [1781596817.208466757] [lio_node_v2]:   ieskf_sigma_gyro/accel:     0.002442283347006287 / 0.0059692870818741
stdin is not a terminal device. Keyboard handling disabled.[INFO] [1781596818.581289549] [rosbag2_storage]: Opened database '/u/97/habibip1/unix/point_cloud_registeration_benchmark/dataset/Tier/Livox_avia/indoor1_avia/indoor1_avia/indoor1_avia.db3' for READ_ONLY.
[INFO] [1781596818.581345907] [rosbag2_player]: Set rate to 0.3
[INFO] [1781596818.587842184] [rosbag2_player]: Adding keyboard callbacks.
[INFO] [1781596818.587887224] [rosbag2_player]: Press SPACE for Pause/Resume
[INFO] [1781596818.587903420] [rosbag2_player]: Press CURSOR_RIGHT for Play Next Message
[INFO] [1781596818.587916989] [rosbag2_player]: Press CURSOR_UP for Increase Rate 10%
[INFO] [1781596818.587929398] [rosbag2_player]: Press CURSOR_DOWN for Decrease Rate 10%
[INFO] [1781596818.588380271] [rosbag2_storage]: Opened database '/u/97/habibip1/unix/point_cloud_registeration_benchmark/dataset/Tier/Livox_avia/indoor1_avia/indoor1_avia/indoor1_avia.db3' for READ_ONLY.
[INFO] [1781596821.597892115] [lio_node_v2]: Static init complete — g_world=[0.000, 0.000, 9.810] norm=9.810 m/s²  |  gyro_bias=[0.0012, 0.0002, 0.0007] rad/s
[INFO] [1781596821.598250439] [lio_node_v2]: [level_init] World frame leveled (gravity-aligned, yaw removed); accel_scale=1.0058 — map restarted
[WARN] [1781596897.288725366] [lio_node_v2]: Scan 226: low GICP conf (0.10), χ²=0.0
[WARN] [1781596954.033159648] [lio_node_v2]: Scan 396: low GICP conf (0.10), χ²=1.0
[WARN] [1781596983.705344234] [lio_node_v2]: Scan 483: low GICP conf (0.10), χ²=19.0
[WARN] [1781596988.017736663] [lio_node_v2]: Scan 489: low GICP conf (0.10), χ²=2.3
[WARN] [1781596988.547014415] [lio_node_v2]: Scan 490: low GICP conf (0.10), χ²=0.8
[WARN] [1781596990.945527214] [lio_node_v2]: Scan 492: low GICP conf (0.10), χ²=0.4
[WARN] [1781596992.058445820] [lio_node_v2]: Scan 493: low GICP conf (0.10), χ²=0.4
[WARN] [1781596993.211884370] [lio_node_v2]: Scan 494: low GICP conf (0.10), χ²=5.6
[WARN] [1781596994.318921424] [lio_node_v2]: Scan 495: low GICP conf (0.10), χ²=1.8
[WARN] [1781596995.164132604] [lio_node_v2]: Scan 496: low GICP conf (0.13), χ²=7.4
[WARN] [1781596995.815119933] [lio_node_v2]: Scan 497: low GICP conf (0.10), χ²=8.1
[WARN] [1781596999.735759479] [lio_node_v2]: Scan 511: low GICP conf (0.10), χ²=0.7
[WARN] [1781597001.734914176] [lio_node_v2]: Scan 519: GICP update REJECTED (χ²=112.6 > 105.3) — conf=0.97, IMU holds
[WARN] [1781597002.057701166] [lio_node_v2]: Scan 520: low GICP conf (0.10), χ²=45.4
[WARN] [1781597002.528542892] [lio_node_v2]: Scan 521: low GICP conf (0.10), χ²=51.5
[WARN] [1781597002.775762733] [lio_node_v2]: Scan 522: GICP update REJECTED (χ²=307.3 > 105.3) — conf=0.10, IMU holds
[WARN] [1781597003.100336915] [lio_node_v2]: Scan 523: low GICP conf (0.10), χ²=62.3
[WARN] [1781597003.443155517] [lio_node_v2]: Scan 524: low GICP conf (0.10), χ²=21.0
[WARN] [1781597011.864204496] [lio_node_v2]: Scan 549: low GICP conf (0.10), χ²=0.2
[WARN] [1781597027.827261058] [lio_node_v2]: Scan 592: low GICP conf (0.10), χ²=7.1
[WARN] [1781597030.820981627] [lio_node_v2]: Scan 600: GICP update REJECTED (χ²=137.1 > 105.3) — conf=0.29, IMU holds
[WARN] [1781597032.234663168] [lio_node_v2]: Scan 603: GICP update REJECTED (χ²=379.6 > 105.3) — conf=0.10, IMU holds
[WARN] [1781597035.519533566] [lio_node_v2]: Scan 613: GICP update REJECTED (χ²=168.5 > 105.3) — conf=0.82, IMU holds
[WARN] [1781597037.181731158] [lio_node_v2]: Scan 617: GICP update REJECTED (χ²=107.6 > 105.3) — conf=0.82, IMU holds
[WARN] [1781597043.882088806] [lio_node_v2]: Scan 631: GICP update REJECTED (χ²=1065.8 > 105.3) — conf=0.10, IMU holds
[WARN] [1781597044.670357440] [lio_node_v2]: Scan 633: GICP update REJECTED (χ²=114.6 > 105.3) — conf=0.66, IMU holds
[WARN] [1781597126.853430577] [lio_node_v2]: Scan 851: low GICP conf (0.10), χ²=1.3
[WARN] [1781597137.604798945] [lio_node_v2]: Scan 868: low GICP conf (0.10), χ²=2.1
[WARN] [1781597139.523697305] [lio_node_v2]: Scan 869: low GICP conf (0.10), χ²=17.7
[WARN] [1781597141.996506000] [lio_node_v2]: Scan 870: low GICP conf (0.10), χ²=2.8
[WARN] [1781597143.364152224] [lio_node_v2]: Scan 871: low GICP conf (0.10), χ²=3.9
[WARN] [1781597175.652391868] [lio_node_v2]: Scan 962: low GICP conf (0.10), χ²=0.0
[WARN] [1781597188.039908120] [lio_node_v2]: Scan 1000: low GICP conf (0.10), χ²=0.0
[WARN] [1781597196.286032921] [lio_node_v2]: Scan 1022: low GICP conf (0.10), χ²=0.3
Traceback (most recent call last):
  File "/u/97/habibip1/unix/ros2_ws/install/regnonrep/lib/regnonrep/ros_lio_v2.py", line 783, in <module>
    main()
  File "/u/97/habibip1/unix/ros2_ws/install/regnonrep/lib/regnonrep/ros_lio_v2.py", line 779, in main
    rclpy.shutdown()
  File "/opt/ros/humble/local/lib/python3.10/dist-packages/rclpy/__init__.py", line 130, in shutdown
    _shutdown(context=context)
  File "/opt/ros/humble/local/lib/python3.10/dist-packages/rclpy/utilities.py", line 58, in shutdown
    return context.shutdown()
  File "/opt/ros/humble/local/lib/python3.10/dist-packages/rclpy/context.py", line 102, in shutdown
    self.__context.shutdown()
rclpy._rclpy_pybind11.RCLError: failed to shutdown: rcl_shutdown already called on the given context, at ./src/rcl/init.c:241
