[INFO] [1781600759.372749290] [lio_node_v2]: [debug] Writing per-scan CSV → /u/97/habibip1/unix/ros2_ws/src/regnonrep/tum/optuna_full/trial0030.csv
/u/97/habibip1/unix/.local/lib/python3.10/site-packages/matplotlib/projections/__init__.py:63: UserWarning: Unable to import Axes3D. This may be due to multiple versions of Matplotlib being installed (e.g. as a system package and as a pip package). As a result, the 3D projection is not available.
  warnings.warn("Unable to import Axes3D. This may be due to multiple versions of "
[INFO] [1781600759.578633148] [lio_node_v2]: Using Pctools.apply_gicp_with_init_full (H matrix)
[INFO] [1781600759.583352270] [lio_node_v2]: === LIO Node (Non-Rep + iESKF Point-LIO style) ===
[INFO] [1781600759.583575756] [lio_node_v2]: lidar=/avia/livox/points  use_imu=True
[INFO] [1781600759.583766945] [lio_node_v2]: imu=/avia/livox/imu  accel_scale=9.81  σ_gyro=0.007252279369682001  σ_accel=0.02057883166378376  σ_bg=0.00017068912087083728  σ_ba=0.00016552398960187578
[INFO] [1781600759.583942777] [lio_node_v2]: IIR filter: 2nd-order Butterworth LP, cutoff=25 Hz, approx group_delay=20 ms (was 100 ms with 41-tap FIR), propagation at full 200 Hz
[INFO] [1781600759.585094240] [lio_node_v2]: === LIO Node V2 (18-DOF IESKF18, Super-LIO ports) ===
[INFO] [1781600759.585295951] [lio_node_v2]:   Gravity in state:           online estimation, norm-constrained
[INFO] [1781600759.585474358] [lio_node_v2]:   Update form:                information-form (A = P⁻¹ + HᵀV⁻¹H)
[INFO] [1781600759.585647428] [lio_node_v2]:   Propagation:                right-Jacobian J_r, midpoint integration
[INFO] [1781600759.585826092] [lio_node_v2]:   level_init:                 True  (gravity-aligned world frame)
[INFO] [1781600759.585996563] [lio_node_v2]:   imu_auto_scale:             True
[INFO] [1781600759.586166822] [lio_node_v2]:   undistort_translation:      True
[INFO] [1781600759.586338464] [lio_node_v2]:   init_g_cov:                 0.0004310211591321471
[INFO] [1781600759.586511670] [lio_node_v2]:   ieskf_sigma_gyro/accel:     0.007252279369682001 / 0.02057883166378376
stdin is not a terminal device. Keyboard handling disabled.[INFO] [1781600760.970975153] [rosbag2_storage]: Opened database '/u/97/habibip1/unix/point_cloud_registeration_benchmark/dataset/Tier/Livox_avia/indoor1_avia/indoor1_avia/indoor1_avia.db3' for READ_ONLY.
[INFO] [1781600760.971011470] [rosbag2_player]: Set rate to 0.3
[INFO] [1781600760.973538982] [rosbag2_player]: Adding keyboard callbacks.
[INFO] [1781600760.973563569] [rosbag2_player]: Press SPACE for Pause/Resume
[INFO] [1781600760.973567847] [rosbag2_player]: Press CURSOR_RIGHT for Play Next Message
[INFO] [1781600760.973571541] [rosbag2_player]: Press CURSOR_UP for Increase Rate 10%
[INFO] [1781600760.973574717] [rosbag2_player]: Press CURSOR_DOWN for Decrease Rate 10%
[INFO] [1781600760.973820845] [rosbag2_storage]: Opened database '/u/97/habibip1/unix/point_cloud_registeration_benchmark/dataset/Tier/Livox_avia/indoor1_avia/indoor1_avia/indoor1_avia.db3' for READ_ONLY.
[INFO] [1781600763.993041973] [lio_node_v2]: Static init complete — g_world=[0.000, 0.000, 9.810] norm=9.810 m/s²  |  gyro_bias=[0.0012, 0.0002, 0.0007] rad/s
[INFO] [1781600763.993553435] [lio_node_v2]: [level_init] World frame leveled (gravity-aligned, yaw removed); accel_scale=1.0058 — map restarted
[WARN] [1781600861.029483050] [lio_node_v2]: Scan 290: low GICP conf (0.30), χ²=0.1
[WARN] [1781600891.481164109] [lio_node_v2]: Scan 381: low GICP conf (0.23), χ²=0.1
[WARN] [1781600891.755803292] [lio_node_v2]: Scan 382: low GICP conf (0.14), χ²=0.1
[WARN] [1781600898.457794102] [lio_node_v2]: Scan 402: low GICP conf (0.10), χ²=0.2
[WARN] [1781600901.442924945] [lio_node_v2]: Scan 411: GICP update REJECTED (χ²=45.5 > 27.8) — conf=0.68, IMU holds
[WARN] [1781600906.120221469] [lio_node_v2]: Scan 425: GICP update REJECTED (χ²=36.1 > 27.8) — conf=0.74, IMU holds
[WARN] [1781600907.427007692] [lio_node_v2]: Scan 429: GICP update REJECTED (χ²=52.5 > 27.8) — conf=0.79, IMU holds
[WARN] [1781600925.220540776] [lio_node_v2]: Scan 481: low GICP conf (0.14), χ²=0.0
[WARN] [1781600926.613567366] [lio_node_v2]: Scan 484: low GICP conf (0.32), χ²=0.2
[WARN] [1781600927.359583533] [lio_node_v2]: Scan 485: low GICP conf (0.10), χ²=0.2
[WARN] [1781600927.790533394] [lio_node_v2]: Scan 486: low GICP conf (0.31), χ²=0.5
[WARN] [1781600929.349680930] [lio_node_v2]: Scan 489: low GICP conf (0.10), χ²=0.2
[WARN] [1781600930.183369023] [lio_node_v2]: Scan 490: low GICP conf (0.13), χ²=0.1
[WARN] [1781600931.046957560] [lio_node_v2]: Scan 491: low GICP conf (0.10), χ²=0.1
[WARN] [1781600931.569529661] [lio_node_v2]: Scan 492: low GICP conf (0.10), χ²=0.0
[WARN] [1781600932.089879110] [lio_node_v2]: Scan 493: low GICP conf (0.10), χ²=0.0
[WARN] [1781600933.125884769] [lio_node_v2]: Scan 494: low GICP conf (0.10), χ²=0.4
[WARN] [1781600933.767949867] [lio_node_v2]: Scan 495: low GICP conf (0.10), χ²=0.1
[WARN] [1781600934.362669866] [lio_node_v2]: Scan 496: low GICP conf (0.10), χ²=0.2
[WARN] [1781600935.122822848] [lio_node_v2]: Scan 497: low GICP conf (0.10), χ²=1.4
[WARN] [1781600935.806765818] [lio_node_v2]: Scan 498: low GICP conf (0.10), χ²=0.1
[WARN] [1781600936.589655606] [lio_node_v2]: Scan 499: low GICP conf (0.22), χ²=0.5
[WARN] [1781600937.144948981] [lio_node_v2]: Scan 500: low GICP conf (0.10), χ²=6.4
[WARN] [1781600939.922811671] [lio_node_v2]: Scan 508: low GICP conf (0.10), χ²=3.4
[WARN] [1781600993.152588762] [lio_node_v2]: Scan 671: low GICP conf (0.22), χ²=0.1
[WARN] [1781600999.499594309] [lio_node_v2]: Scan 690: low GICP conf (0.28), χ²=0.1
[WARN] [1781601002.503359690] [lio_node_v2]: Scan 699: low GICP conf (0.13), χ²=0.0
[WARN] [1781601027.215706800] [lio_node_v2]: Scan 773: low GICP conf (0.10), χ²=0.7
[WARN] [1781601044.198215540] [lio_node_v2]: Scan 807: low GICP conf (0.22), χ²=0.1
[WARN] [1781601049.758521758] [lio_node_v2]: Scan 818: low GICP conf (0.33), χ²=10.3
[WARN] [1781601077.909189947] [lio_node_v2]: Scan 880: low GICP conf (0.10), χ²=0.1
[WARN] [1781601079.794458582] [lio_node_v2]: Scan 881: low GICP conf (0.10), χ²=0.8
[WARN] [1781601080.714413873] [lio_node_v2]: Scan 882: low GICP conf (0.10), χ²=0.6
[WARN] [1781601082.002103298] [lio_node_v2]: Scan 883: low GICP conf (0.36), χ²=0.8
[WARN] [1781601083.664023674] [lio_node_v2]: Scan 884: low GICP conf (0.10), χ²=0.2
[WARN] [1781601084.884770892] [lio_node_v2]: Scan 885: low GICP conf (0.10), χ²=1.7
[WARN] [1781601086.027604201] [lio_node_v2]: Scan 886: low GICP conf (0.10), χ²=3.0
[WARN] [1781601087.155466544] [lio_node_v2]: Scan 887: low GICP conf (0.10), χ²=2.3
[WARN] [1781601099.433611585] [lio_node_v2]: Scan 914: low GICP conf (0.37), χ²=0.1
[WARN] [1781601109.427282286] [lio_node_v2]: Scan 942: low GICP conf (0.12), χ²=0.0
[WARN] [1781601117.880875551] [lio_node_v2]: Scan 967: low GICP conf (0.10), χ²=0.1
[WARN] [1781601134.559180111] [lio_node_v2]: Scan 1019: low GICP conf (0.34), χ²=0.0
[WARN] [1781601140.486279910] [lio_node_v2]: Scan 1037: low GICP conf (0.10), χ²=0.1
Traceback (most recent call last):
  File "/u/97/habibip1/unix/ros2_ws/install/regnonrep/lib/regnonrep/ros_lio_v2.py", line 783, in <module>
    main()
  File "/u/97/habibip1/unix/ros2_ws/install/regnonrep/lib/regnonrep/ros_lio_v2.py", line 779, in main
    rclpy.shutdown()
  File "/opt/ros/humble/local/lib/python3.10/dist-packages/rclpy/__init__.py", line 130, in shutdown
    _shutdown(context=context)
  File "/opt/ros/humble/local/lib/python3.10/dist-packages/rclpy/utilities.py", line 58, in shutdown
    return context.shutdown()
  File "/opt/ros/humble/local/lib/python3.10/dist-packages/rclpy/context.py", line 102, in shutdown
    self.__context.shutdown()
rclpy._rclpy_pybind11.RCLError: failed to shutdown: rcl_shutdown already called on the given context, at ./src/rcl/init.c:241
