stdin is not a terminal device. Keyboard handling disabled.[INFO] [1781609186.625961464] [rosbag2_storage]: Opened database '/u/97/habibip1/unix/point_cloud_registeration_benchmark/dataset/Tier/Livox_avia/indoor1_avia/indoor1_avia/indoor1_avia.db3' for READ_ONLY.
[INFO] [1781609186.626116746] [rosbag2_player]: Set rate to 0.3
[INFO] [1781609186.638928908] [rosbag2_player]: Adding keyboard callbacks.
[INFO] [1781609186.639044907] [rosbag2_player]: Press SPACE for Pause/Resume
[INFO] [1781609186.639077689] [rosbag2_player]: Press CURSOR_RIGHT for Play Next Message
[INFO] [1781609186.639105355] [rosbag2_player]: Press CURSOR_UP for Increase Rate 10%
[INFO] [1781609186.639130532] [rosbag2_player]: Press CURSOR_DOWN for Decrease Rate 10%
[INFO] [1781609186.640185428] [rosbag2_storage]: Opened database '/u/97/habibip1/unix/point_cloud_registeration_benchmark/dataset/Tier/Livox_avia/indoor1_avia/indoor1_avia/indoor1_avia.db3' for READ_ONLY.
[INFO] [1781609186.942924366] [lio_node_v2]: [debug] Writing per-scan CSV → /u/97/habibip1/unix/ros2_ws/src/regnonrep/tum/optuna_full/trial0049.csv
/u/97/habibip1/unix/.local/lib/python3.10/site-packages/matplotlib/projections/__init__.py:63: UserWarning: Unable to import Axes3D. This may be due to multiple versions of Matplotlib being installed (e.g. as a system package and as a pip package). As a result, the 3D projection is not available.
  warnings.warn("Unable to import Axes3D. This may be due to multiple versions of "
[INFO] [1781609187.479259243] [lio_node_v2]: Using Pctools.apply_gicp_with_init_full (H matrix)
[INFO] [1781609187.492033221] [lio_node_v2]: === LIO Node (Non-Rep + iESKF Point-LIO style) ===
[INFO] [1781609187.492581712] [lio_node_v2]: lidar=/avia/livox/points  use_imu=True
[INFO] [1781609187.493073748] [lio_node_v2]: imu=/avia/livox/imu  accel_scale=9.81  σ_gyro=0.001012790863154233  σ_accel=0.024209859204561784  σ_bg=0.0001179513979448032  σ_ba=0.007370043201946365
[INFO] [1781609187.493580809] [lio_node_v2]: IIR filter: 2nd-order Butterworth LP, cutoff=25 Hz, approx group_delay=20 ms (was 100 ms with 41-tap FIR), propagation at full 200 Hz
[INFO] [1781609187.496818451] [lio_node_v2]: === LIO Node V2 (18-DOF IESKF18, Super-LIO ports) ===
[INFO] [1781609187.497310796] [lio_node_v2]:   Gravity in state:           online estimation, norm-constrained
[INFO] [1781609187.497754294] [lio_node_v2]:   Update form:                information-form (A = P⁻¹ + HᵀV⁻¹H)
[INFO] [1781609187.498198807] [lio_node_v2]:   Propagation:                right-Jacobian J_r, midpoint integration
[INFO] [1781609187.498757600] [lio_node_v2]:   level_init:                 True  (gravity-aligned world frame)
[INFO] [1781609187.499210860] [lio_node_v2]:   imu_auto_scale:             True
[INFO] [1781609187.499664401] [lio_node_v2]:   undistort_translation:      True
[INFO] [1781609187.500107477] [lio_node_v2]:   init_g_cov:                 0.021956496645434895
[INFO] [1781609187.500565614] [lio_node_v2]:   ieskf_sigma_gyro/accel:     0.001012790863154233 / 0.024209859204561784
[INFO] [1781609190.663934562] [lio_node_v2]: Static init complete — g_world=[0.000, 0.000, 9.810] norm=9.810 m/s²  |  gyro_bias=[0.0011, 0.0002, 0.0007] rad/s
[INFO] [1781609190.664684539] [lio_node_v2]: [level_init] World frame leveled (gravity-aligned, yaw removed); accel_scale=1.0056 — map restarted
[WARN] [1781609540.115724945] [lio_node_v2]: Scan 262: low GICP conf (0.10), χ²=0.0
[WARN] [1781609577.227504449] [lio_node_v2]: Scan 373: low GICP conf (0.18), χ²=1.5
[WARN] [1781609580.830749521] [lio_node_v2]: Scan 384: low GICP conf (0.14), χ²=0.0
[WARN] [1781609597.793966517] [lio_node_v2]: Scan 435: low GICP conf (0.10), χ²=0.0
[WARN] [1781609612.965564504] [lio_node_v2]: Scan 480: low GICP conf (0.10), χ²=0.2
[WARN] [1781609614.013122211] [lio_node_v2]: Scan 483: low GICP conf (0.10), χ²=0.1
[WARN] [1781609614.288552290] [lio_node_v2]: Scan 484: low GICP conf (0.10), χ²=0.0
[WARN] [1781609614.650408379] [lio_node_v2]: Scan 485: low GICP conf (0.10), χ²=0.1
[WARN] [1781609615.101411670] [lio_node_v2]: Scan 486: low GICP conf (0.16), χ²=0.2
[WARN] [1781609615.509433185] [lio_node_v2]: Scan 487: low GICP conf (0.10), χ²=0.0
[WARN] [1781609616.837582666] [lio_node_v2]: Scan 491: low GICP conf (0.10), χ²=0.1
[WARN] [1781609617.488244587] [lio_node_v2]: Scan 492: low GICP conf (0.10), χ²=1.2
[WARN] [1781609618.069789066] [lio_node_v2]: Scan 493: low GICP conf (0.10), χ²=0.6
[WARN] [1781609618.838733279] [lio_node_v2]: Scan 494: low GICP conf (0.10), χ²=0.4
[WARN] [1781609620.177406310] [lio_node_v2]: Scan 496: low GICP conf (0.10), χ²=0.3
[WARN] [1781609620.943694255] [lio_node_v2]: Scan 497: low GICP conf (0.10), χ²=0.2
[WARN] [1781609621.573433438] [lio_node_v2]: Scan 498: low GICP conf (0.10), χ²=0.5
[WARN] [1781609622.080595071] [lio_node_v2]: Scan 499: low GICP conf (0.10), χ²=0.4
[WARN] [1781609622.475478190] [lio_node_v2]: Scan 500: low GICP conf (0.10), χ²=3.0
[WARN] [1781609623.186668865] [lio_node_v2]: Scan 501: low GICP conf (0.10), χ²=16.3
[WARN] [1781609623.749542364] [lio_node_v2]: Scan 502: low GICP conf (0.20), χ²=2.5
[WARN] [1781609624.138245280] [lio_node_v2]: Scan 503: low GICP conf (0.10), χ²=5.2
[WARN] [1781609625.895877025] [lio_node_v2]: Scan 508: low GICP conf (0.10), χ²=6.6
[WARN] [1781609765.918532995] [lio_node_v2]: Scan 925: low GICP conf (0.10), χ²=0.1
[WARN] [1781609768.365478122] [lio_node_v2]: Scan 927: low GICP conf (0.10), χ²=0.3
[WARN] [1781609769.710749798] [lio_node_v2]: Scan 928: low GICP conf (0.15), χ²=0.1
[WARN] [1781609770.912055649] [lio_node_v2]: Scan 929: low GICP conf (0.10), χ²=2.4
[WARN] [1781609771.786518472] [lio_node_v2]: Scan 930: low GICP conf (0.10), χ²=3.2
[WARN] [1781609772.259598516] [lio_node_v2]: Scan 931: low GICP conf (0.10), χ²=6.2
[WARN] [1781609772.829682212] [lio_node_v2]: Scan 932: GICP update REJECTED (χ²=380.4 > 94.1) — conf=0.10, IMU holds
[WARN] [1781609773.208088447] [lio_node_v2]: Scan 933: GICP update REJECTED (χ²=649.9 > 94.1) — conf=0.10, IMU holds
[WARN] [1781609773.748275312] [lio_node_v2]: Scan 934: GICP update REJECTED (χ²=1031.3 > 94.1) — conf=0.10, IMU holds
[WARN] [1781609774.405276085] [lio_node_v2]: Scan 935: GICP update REJECTED (χ²=798.9 > 94.1) — conf=0.10, IMU holds
[WARN] [1781609774.709347212] [lio_node_v2]: Scan 936: low GICP conf (0.10), χ²=4.2
[WARN] [1781610079.758613585] [rosbag2_player]: Message queue starved. Messages will be delayed. Consider increasing the --read-ahead-queue-size option.
[WARN] [1781610083.790755849] [lio_node_v2]: Scan 956: low GICP conf (0.10), χ²=0.0
[WARN] [1781610094.448087995] [lio_node_v2]: Scan 987: low GICP conf (0.10), χ²=0.0
Traceback (most recent call last):
  File "/u/97/habibip1/unix/ros2_ws/install/regnonrep/lib/regnonrep/ros_lio_v2.py", line 783, in <module>
    main()
  File "/u/97/habibip1/unix/ros2_ws/install/regnonrep/lib/regnonrep/ros_lio_v2.py", line 779, in main
    rclpy.shutdown()
  File "/opt/ros/humble/local/lib/python3.10/dist-packages/rclpy/__init__.py", line 130, in shutdown
    _shutdown(context=context)
  File "/opt/ros/humble/local/lib/python3.10/dist-packages/rclpy/utilities.py", line 58, in shutdown
    return context.shutdown()
  File "/opt/ros/humble/local/lib/python3.10/dist-packages/rclpy/context.py", line 102, in shutdown
    self.__context.shutdown()
rclpy._rclpy_pybind11.RCLError: failed to shutdown: rcl_shutdown already called on the given context, at ./src/rcl/init.c:241
