[INFO] [1781607997.965140982] [lio_node_v2]: [debug] Writing per-scan CSV → /u/97/habibip1/unix/ros2_ws/src/regnonrep/tum/optuna_full/trial0046.csv
stdin is not a terminal device. Keyboard handling disabled.[INFO] [1781607998.399960694] [rosbag2_storage]: Opened database '/u/97/habibip1/unix/point_cloud_registeration_benchmark/dataset/Tier/Livox_avia/indoor1_avia/indoor1_avia/indoor1_avia.db3' for READ_ONLY.
[INFO] [1781607998.400043612] [rosbag2_player]: Set rate to 0.3
[INFO] [1781607998.411566524] [rosbag2_player]: Adding keyboard callbacks.
[INFO] [1781607998.411627785] [rosbag2_player]: Press SPACE for Pause/Resume
[INFO] [1781607998.411647631] [rosbag2_player]: Press CURSOR_RIGHT for Play Next Message
[INFO] [1781607998.411664864] [rosbag2_player]: Press CURSOR_UP for Increase Rate 10%
[INFO] [1781607998.411680882] [rosbag2_player]: Press CURSOR_DOWN for Decrease Rate 10%
[INFO] [1781607998.412308943] [rosbag2_storage]: Opened database '/u/97/habibip1/unix/point_cloud_registeration_benchmark/dataset/Tier/Livox_avia/indoor1_avia/indoor1_avia/indoor1_avia.db3' for READ_ONLY.
/u/97/habibip1/unix/.local/lib/python3.10/site-packages/matplotlib/projections/__init__.py:63: UserWarning: Unable to import Axes3D. This may be due to multiple versions of Matplotlib being installed (e.g. as a system package and as a pip package). As a result, the 3D projection is not available.
  warnings.warn("Unable to import Axes3D. This may be due to multiple versions of "
[INFO] [1781607998.510723295] [lio_node_v2]: Using Pctools.apply_gicp_with_init_full (H matrix)
[INFO] [1781607998.518945474] [lio_node_v2]: === LIO Node (Non-Rep + iESKF Point-LIO style) ===
[INFO] [1781607998.519303310] [lio_node_v2]: lidar=/avia/livox/points  use_imu=True
[INFO] [1781607998.519632541] [lio_node_v2]: imu=/avia/livox/imu  accel_scale=9.81  σ_gyro=0.005171477966866785  σ_accel=0.061181993940978285  σ_bg=0.00028411822641941195  σ_ba=0.0012700212917299489
[INFO] [1781607998.519914191] [lio_node_v2]: IIR filter: 2nd-order Butterworth LP, cutoff=25 Hz, approx group_delay=20 ms (was 100 ms with 41-tap FIR), propagation at full 200 Hz
[INFO] [1781607998.523207031] [lio_node_v2]: === LIO Node V2 (18-DOF IESKF18, Super-LIO ports) ===
[INFO] [1781607998.523802851] [lio_node_v2]:   Gravity in state:           online estimation, norm-constrained
[INFO] [1781607998.524182525] [lio_node_v2]:   Update form:                information-form (A = P⁻¹ + HᵀV⁻¹H)
[INFO] [1781607998.524617625] [lio_node_v2]:   Propagation:                right-Jacobian J_r, midpoint integration
[INFO] [1781607998.525068491] [lio_node_v2]:   level_init:                 True  (gravity-aligned world frame)
[INFO] [1781607998.525536738] [lio_node_v2]:   imu_auto_scale:             True
[INFO] [1781607998.525966240] [lio_node_v2]:   undistort_translation:      True
[INFO] [1781607998.526253091] [lio_node_v2]:   init_g_cov:                 0.00017340391809724656
[INFO] [1781607998.526564388] [lio_node_v2]:   ieskf_sigma_gyro/accel:     0.005171477966866785 / 0.061181993940978285
[INFO] [1781608001.759014650] [lio_node_v2]: Static init complete — g_world=[0.000, 0.000, 9.810] norm=9.810 m/s²  |  gyro_bias=[0.0012, 0.0002, 0.0008] rad/s
[INFO] [1781608001.759373611] [lio_node_v2]: [level_init] World frame leveled (gravity-aligned, yaw removed); accel_scale=1.0056 — map restarted
[WARN] [1781608077.108701314] [lio_node_v2]: Scan 225: low GICP conf (0.10), χ²=0.0
[WARN] [1781608096.448056903] [lio_node_v2]: Scan 283: low GICP conf (0.10), χ²=0.0
[WARN] [1781608108.127553820] [lio_node_v2]: Scan 318: low GICP conf (0.45), χ²=96.8
[WARN] [1781608108.467691422] [lio_node_v2]: Scan 319: low GICP conf (0.10), χ²=30.1
[WARN] [1781608108.806224090] [lio_node_v2]: Scan 320: low GICP conf (0.32), χ²=9.5
[WARN] [1781608132.249717571] [lio_node_v2]: Scan 390: low GICP conf (0.10), χ²=0.1
[WARN] [1781608132.530832851] [lio_node_v2]: Scan 391: low GICP conf (0.28), χ²=0.1
[WARN] [1781608134.084855096] [lio_node_v2]: Scan 395: low GICP conf (0.10), χ²=0.0
[WARN] [1781608162.225641843] [lio_node_v2]: Scan 480: low GICP conf (0.43), χ²=0.0
[WARN] [1781608162.981706230] [lio_node_v2]: Scan 482: low GICP conf (0.10), χ²=0.2
[WARN] [1781608164.368683034] [lio_node_v2]: Scan 485: low GICP conf (0.10), χ²=1.8
[WARN] [1781608165.464977969] [lio_node_v2]: Scan 487: low GICP conf (0.26), χ²=0.2
[WARN] [1781608166.106742435] [lio_node_v2]: Scan 488: low GICP conf (0.32), χ²=1.0
[WARN] [1781608166.843318390] [lio_node_v2]: Scan 489: low GICP conf (0.10), χ²=1.1
[WARN] [1781608167.343990638] [lio_node_v2]: Scan 490: low GICP conf (0.35), χ²=3.5
[WARN] [1781608168.745303616] [lio_node_v2]: Scan 491: low GICP conf (0.10), χ²=1.7
[WARN] [1781608169.394323105] [lio_node_v2]: Scan 492: low GICP conf (0.10), χ²=0.3
[WARN] [1781608171.276190370] [lio_node_v2]: Scan 493: low GICP conf (0.24), χ²=1.1
[WARN] [1781608172.138662851] [lio_node_v2]: Scan 494: low GICP conf (0.10), χ²=4.5
[WARN] [1781608172.937301685] [lio_node_v2]: Scan 495: low GICP conf (0.10), χ²=4.5
[WARN] [1781608174.437507862] [lio_node_v2]: Scan 496: low GICP conf (0.10), χ²=14.8
[WARN] [1781608175.409776593] [lio_node_v2]: Scan 497: low GICP conf (0.10), χ²=86.1
[WARN] [1781608175.912868405] [lio_node_v2]: Scan 498: low GICP conf (0.10), χ²=3.7
[WARN] [1781608181.693291862] [lio_node_v2]: Scan 515: low GICP conf (0.26), χ²=0.5
[WARN] [1781608191.525976600] [lio_node_v2]: Scan 544: low GICP conf (0.10), χ²=0.2
[WARN] [1781608192.956823614] [lio_node_v2]: Scan 548: low GICP conf (0.10), χ²=0.2
[WARN] [1781608209.899847928] [lio_node_v2]: Scan 596: GICP update REJECTED (χ²=663.1 > 186.5) — conf=0.21, IMU holds
[WARN] [1781608210.787212347] [lio_node_v2]: Scan 598: GICP update REJECTED (χ²=481.9 > 186.5) — conf=0.10, IMU holds
[WARN] [1781608211.322918274] [lio_node_v2]: Scan 599: GICP update REJECTED (χ²=781.7 > 186.5) — conf=0.10, IMU holds
[WARN] [1781608213.018484036] [lio_node_v2]: Scan 603: GICP update REJECTED (χ²=2014.4 > 186.5) — conf=0.10, IMU holds
[WARN] [1781608214.086421436] [lio_node_v2]: Scan 606: low GICP conf (0.10), χ²=77.6
[WARN] [1781608214.940379030] [lio_node_v2]: Scan 608: GICP update REJECTED (χ²=2306.0 > 186.5) — conf=0.10, IMU holds
[WARN] [1781608215.330869227] [lio_node_v2]: Scan 609: GICP update REJECTED (χ²=1171.7 > 186.5) — conf=0.66, IMU holds
[WARN] [1781608262.475806542] [lio_node_v2]: Scan 723: low GICP conf (0.35), χ²=0.8
[WARN] [1781608276.096300463] [lio_node_v2]: Scan 755: low GICP conf (0.10), χ²=0.6
[WARN] [1781608279.533465194] [lio_node_v2]: Scan 761: low GICP conf (0.36), χ²=1.2
[WARN] [1781608281.139306708] [lio_node_v2]: Scan 764: low GICP conf (0.10), χ²=1.2
[WARN] [1781608318.049953709] [lio_node_v2]: Scan 828: low GICP conf (0.42), χ²=4.8
[WARN] [1781608321.909496314] [lio_node_v2]: Scan 829: low GICP conf (0.10), χ²=18.1
[WARN] [1781608323.916563894] [lio_node_v2]: Scan 830: low GICP conf (0.10), χ²=37.9
[WARN] [1781608325.090543128] [lio_node_v2]: Scan 831: low GICP conf (0.37), χ²=14.6
[WARN] [1781608325.682764439] [lio_node_v2]: Scan 832: low GICP conf (0.10), χ²=25.6
[WARN] [1781608330.717888414] [lio_node_v2]: Scan 841: low GICP conf (0.26), χ²=0.1
[WARN] [1781608364.581776936] [lio_node_v2]: Scan 908: low GICP conf (0.10), χ²=0.4
[WARN] [1781608376.208842111] [lio_node_v2]: Scan 930: low GICP conf (0.10), χ²=1.3
Traceback (most recent call last):
  File "/u/97/habibip1/unix/ros2_ws/install/regnonrep/lib/regnonrep/ros_lio_v2.py", line 783, in <module>
    main()
  File "/u/97/habibip1/unix/ros2_ws/install/regnonrep/lib/regnonrep/ros_lio_v2.py", line 779, in main
    rclpy.shutdown()
  File "/opt/ros/humble/local/lib/python3.10/dist-packages/rclpy/__init__.py", line 130, in shutdown
    _shutdown(context=context)
  File "/opt/ros/humble/local/lib/python3.10/dist-packages/rclpy/utilities.py", line 58, in shutdown
    return context.shutdown()
  File "/opt/ros/humble/local/lib/python3.10/dist-packages/rclpy/context.py", line 102, in shutdown
    self.__context.shutdown()
rclpy._rclpy_pybind11.RCLError: failed to shutdown: rcl_shutdown already called on the given context, at ./src/rcl/init.c:241
