[INFO] [1781528323.057661581] [lio_node_v2]: [debug] Writing per-scan CSV → /u/97/habibip1/unix/ros2_ws/src/regnonrep/tum/optuna_full/trial0001.csv
/u/97/habibip1/unix/.local/lib/python3.10/site-packages/matplotlib/projections/__init__.py:63: UserWarning: Unable to import Axes3D. This may be due to multiple versions of Matplotlib being installed (e.g. as a system package and as a pip package). As a result, the 3D projection is not available.
  warnings.warn("Unable to import Axes3D. This may be due to multiple versions of "
[INFO] [1781528323.229688957] [lio_node_v2]: Using Pctools.apply_gicp_with_init_full (H matrix)
[INFO] [1781528323.233851292] [lio_node_v2]: === LIO Node (Non-Rep + iESKF Point-LIO style) ===
[INFO] [1781528323.234027275] [lio_node_v2]: lidar=/avia/livox/points  use_imu=True
[INFO] [1781528323.234181486] [lio_node_v2]: imu=/avia/livox/imu  accel_scale=9.81  σ_gyro=0.000816845589476017  σ_accel=0.037183641805732096  σ_bg=2.5081156860452307e-05  σ_ba=0.0010677482709481358
[INFO] [1781528323.234325892] [lio_node_v2]: IIR filter: 2nd-order Butterworth LP, cutoff=25 Hz, approx group_delay=20 ms (was 100 ms with 41-tap FIR), propagation at full 200 Hz
[INFO] [1781528323.235291200] [lio_node_v2]: === LIO Node V2 (18-DOF IESKF18, Super-LIO ports) ===
[INFO] [1781528323.235456828] [lio_node_v2]:   Gravity in state:           online estimation, norm-constrained
[INFO] [1781528323.235601164] [lio_node_v2]:   Update form:                information-form (A = P⁻¹ + HᵀV⁻¹H)
[INFO] [1781528323.235740397] [lio_node_v2]:   Propagation:                right-Jacobian J_r, midpoint integration
[INFO] [1781528323.235915229] [lio_node_v2]:   level_init:                 True  (gravity-aligned world frame)
[INFO] [1781528323.236057074] [lio_node_v2]:   imu_auto_scale:             True
[INFO] [1781528323.236199818] [lio_node_v2]:   undistort_translation:      True
[INFO] [1781528323.236339264] [lio_node_v2]:   init_g_cov:                 0.6245139574743068
[INFO] [1781528323.236478797] [lio_node_v2]:   ieskf_sigma_gyro/accel:     0.000816845589476017 / 0.037183641805732096
stdin is not a terminal device. Keyboard handling disabled.[INFO] [1781528324.858158019] [rosbag2_storage]: Opened database '/u/97/habibip1/unix/point_cloud_registeration_benchmark/dataset/Tier/Livox_avia/indoor1_avia/indoor1_avia/indoor1_avia.db3' for READ_ONLY.
[INFO] [1781528324.858192494] [rosbag2_player]: Set rate to 0.3
[INFO] [1781528324.860619985] [rosbag2_player]: Adding keyboard callbacks.
[INFO] [1781528324.860638639] [rosbag2_player]: Press SPACE for Pause/Resume
[INFO] [1781528324.860642303] [rosbag2_player]: Press CURSOR_RIGHT for Play Next Message
[INFO] [1781528324.860645410] [rosbag2_player]: Press CURSOR_UP for Increase Rate 10%
[INFO] [1781528324.860648185] [rosbag2_player]: Press CURSOR_DOWN for Decrease Rate 10%
[INFO] [1781528324.860864414] [rosbag2_storage]: Opened database '/u/97/habibip1/unix/point_cloud_registeration_benchmark/dataset/Tier/Livox_avia/indoor1_avia/indoor1_avia/indoor1_avia.db3' for READ_ONLY.
[INFO] [1781528327.869004546] [lio_node_v2]: Static init complete — g_world=[0.000, 0.000, 9.810] norm=9.810 m/s²  |  gyro_bias=[0.0012, 0.0002, 0.0007] rad/s
[INFO] [1781528327.869265708] [lio_node_v2]: [level_init] World frame leveled (gravity-aligned, yaw removed); accel_scale=1.0058 — map restarted
[WARN] [1781528416.557073653] [lio_node_v2]: Scan 266: low GICP conf (0.10), χ²=0.0
[WARN] [1781528423.548572592] [lio_node_v2]: Scan 287: low GICP conf (0.10), χ²=1.8
[WARN] [1781528888.792615782] [lio_node_v2]: Scan 324: GICP update REJECTED (χ²=785.0 > 193.5) — conf=0.60, IMU holds
[WARN] [1781528921.458824233] [lio_node_v2]: Scan 422: GICP update REJECTED (χ²=339.7 > 193.5) — conf=0.75, IMU holds
[WARN] [1781528940.809683591] [lio_node_v2]: Scan 480: low GICP conf (0.10), χ²=1.3
[WARN] [1781528941.490586965] [lio_node_v2]: Scan 482: low GICP conf (0.10), χ²=0.1
[WARN] [1781528943.930116308] [lio_node_v2]: Scan 489: low GICP conf (0.10), χ²=10.8
[WARN] [1781528944.181297111] [lio_node_v2]: Scan 490: low GICP conf (0.10), χ²=0.5
[WARN] [1781528945.277665455] [lio_node_v2]: Scan 493: low GICP conf (0.10), χ²=2.2
[WARN] [1781528946.618890194] [lio_node_v2]: Scan 496: low GICP conf (0.12), χ²=18.6
[WARN] [1781528947.589679628] [lio_node_v2]: Scan 498: low GICP conf (0.10), χ²=1.3
[WARN] [1781528948.125641408] [lio_node_v2]: Scan 499: low GICP conf (0.16), χ²=3.3
[WARN] [1781528948.724857603] [lio_node_v2]: Scan 500: low GICP conf (0.10), χ²=13.9
[WARN] [1781528950.787261427] [lio_node_v2]: Scan 503: low GICP conf (0.10), χ²=12.8
[WARN] [1781528951.428328969] [lio_node_v2]: Scan 504: low GICP conf (0.10), χ²=5.1
[WARN] [1781528951.853867348] [lio_node_v2]: Scan 505: low GICP conf (0.10), χ²=83.7
[WARN] [1781528952.814919454] [lio_node_v2]: Scan 507: low GICP conf (0.10), χ²=100.7
[WARN] [1781528954.234578441] [lio_node_v2]: Scan 509: low GICP conf (0.10), χ²=36.7
[WARN] [1781528954.833293630] [lio_node_v2]: Scan 510: low GICP conf (0.10), χ²=26.5
[WARN] [1781529006.175098487] [lio_node_v2]: Scan 669: low GICP conf (0.10), χ²=0.5
[WARN] [1781529053.529736360] [lio_node_v2]: Scan 811: low GICP conf (0.10), χ²=1.4
[WARN] [1781529098.682782624] [lio_node_v2]: Scan 925: low GICP conf (0.10), χ²=15.0
[WARN] [1781529101.057618627] [lio_node_v2]: Scan 926: low GICP conf (0.10), χ²=135.4
[WARN] [1781529101.856947652] [lio_node_v2]: Scan 927: low GICP conf (0.10), χ²=9.3
[WARN] [1781529116.287316767] [lio_node_v2]: Scan 967: low GICP conf (0.10), χ²=0.5
[WARN] [1781529134.141884659] [lio_node_v2]: Scan 1021: low GICP conf (0.10), χ²=0.0
[WARN] [1781529137.792956824] [lio_node_v2]: Scan 1033: low GICP conf (0.15), χ²=0.0
[WARN] [1781529142.226568731] [lio_node_v2]: Scan 1047: low GICP conf (0.10), χ²=0.2
Traceback (most recent call last):
  File "/u/97/habibip1/unix/ros2_ws/install/regnonrep/lib/regnonrep/ros_lio_v2.py", line 783, in <module>
    main()
  File "/u/97/habibip1/unix/ros2_ws/install/regnonrep/lib/regnonrep/ros_lio_v2.py", line 779, in main
    rclpy.shutdown()
  File "/opt/ros/humble/local/lib/python3.10/dist-packages/rclpy/__init__.py", line 130, in shutdown
    _shutdown(context=context)
  File "/opt/ros/humble/local/lib/python3.10/dist-packages/rclpy/utilities.py", line 58, in shutdown
    return context.shutdown()
  File "/opt/ros/humble/local/lib/python3.10/dist-packages/rclpy/context.py", line 102, in shutdown
    self.__context.shutdown()
rclpy._rclpy_pybind11.RCLError: failed to shutdown: rcl_shutdown already called on the given context, at ./src/rcl/init.c:241
