[INFO] [1781597605.609538039] [lio_node_v2]: [debug] Writing per-scan CSV → /u/97/habibip1/unix/ros2_ws/src/regnonrep/tum/optuna_full/trial0022.csv
/u/97/habibip1/unix/.local/lib/python3.10/site-packages/matplotlib/projections/__init__.py:63: UserWarning: Unable to import Axes3D. This may be due to multiple versions of Matplotlib being installed (e.g. as a system package and as a pip package). As a result, the 3D projection is not available.
  warnings.warn("Unable to import Axes3D. This may be due to multiple versions of "
[INFO] [1781597605.815558310] [lio_node_v2]: Using Pctools.apply_gicp_with_init_full (H matrix)
[INFO] [1781597605.820272778] [lio_node_v2]: === LIO Node (Non-Rep + iESKF Point-LIO style) ===
[INFO] [1781597605.820490500] [lio_node_v2]: lidar=/avia/livox/points  use_imu=True
[INFO] [1781597605.820681401] [lio_node_v2]: imu=/avia/livox/imu  accel_scale=9.81  σ_gyro=0.009222823702820631  σ_accel=0.09714664375797878  σ_bg=3.5883425149316924e-05  σ_ba=0.0009135480052464238
[INFO] [1781597605.820859720] [lio_node_v2]: IIR filter: 2nd-order Butterworth LP, cutoff=25 Hz, approx group_delay=20 ms (was 100 ms with 41-tap FIR), propagation at full 200 Hz
[INFO] [1781597605.821990711] [lio_node_v2]: === LIO Node V2 (18-DOF IESKF18, Super-LIO ports) ===
[INFO] [1781597605.822185101] [lio_node_v2]:   Gravity in state:           online estimation, norm-constrained
[INFO] [1781597605.822358534] [lio_node_v2]:   Update form:                information-form (A = P⁻¹ + HᵀV⁻¹H)
[INFO] [1781597605.822536004] [lio_node_v2]:   Propagation:                right-Jacobian J_r, midpoint integration
[INFO] [1781597605.822714899] [lio_node_v2]:   level_init:                 True  (gravity-aligned world frame)
[INFO] [1781597605.822887264] [lio_node_v2]:   imu_auto_scale:             True
[INFO] [1781597605.823057790] [lio_node_v2]:   undistort_translation:      True
[INFO] [1781597605.823228212] [lio_node_v2]:   init_g_cov:                 0.0003734558493079895
[INFO] [1781597605.823396192] [lio_node_v2]:   ieskf_sigma_gyro/accel:     0.009222823702820631 / 0.09714664375797878
stdin is not a terminal device. Keyboard handling disabled.[INFO] [1781597607.209876015] [rosbag2_storage]: Opened database '/u/97/habibip1/unix/point_cloud_registeration_benchmark/dataset/Tier/Livox_avia/indoor1_avia/indoor1_avia/indoor1_avia.db3' for READ_ONLY.
[INFO] [1781597607.209937418] [rosbag2_player]: Set rate to 0.3
[INFO] [1781597607.216556742] [rosbag2_player]: Adding keyboard callbacks.
[INFO] [1781597607.216601947] [rosbag2_player]: Press SPACE for Pause/Resume
[INFO] [1781597607.216617935] [rosbag2_player]: Press CURSOR_RIGHT for Play Next Message
[INFO] [1781597607.216631620] [rosbag2_player]: Press CURSOR_UP for Increase Rate 10%
[INFO] [1781597607.216644069] [rosbag2_player]: Press CURSOR_DOWN for Decrease Rate 10%
[INFO] [1781597607.217112307] [rosbag2_storage]: Opened database '/u/97/habibip1/unix/point_cloud_registeration_benchmark/dataset/Tier/Livox_avia/indoor1_avia/indoor1_avia/indoor1_avia.db3' for READ_ONLY.
[INFO] [1781597610.231925061] [lio_node_v2]: Static init complete — g_world=[0.000, 0.000, 9.810] norm=9.810 m/s²  |  gyro_bias=[0.0012, 0.0002, 0.0007] rad/s
[INFO] [1781597610.232273764] [lio_node_v2]: [level_init] World frame leveled (gravity-aligned, yaw removed); accel_scale=1.0058 — map restarted
[WARN] [1781597635.917361497] [lio_node_v2]: Scan 76: low GICP conf (0.24), χ²=0.0
[WARN] [1781597710.274965457] [lio_node_v2]: Scan 299: low GICP conf (0.16), χ²=0.0
[WARN] [1781597738.980867157] [lio_node_v2]: Scan 385: low GICP conf (0.10), χ²=0.0
[WARN] [1781597744.344071729] [lio_node_v2]: Scan 401: low GICP conf (0.10), χ²=0.0
[WARN] [1781597744.653897795] [lio_node_v2]: Scan 402: low GICP conf (0.13), χ²=0.0
[WARN] [1781597771.444161260] [lio_node_v2]: Scan 482: low GICP conf (0.30), χ²=0.0
[WARN] [1781597771.736128966] [lio_node_v2]: Scan 483: low GICP conf (0.10), χ²=0.0
[WARN] [1781597772.836938021] [lio_node_v2]: Scan 485: low GICP conf (0.26), χ²=0.2
[WARN] [1781597773.095349651] [lio_node_v2]: Scan 486: low GICP conf (0.10), χ²=0.0
[WARN] [1781597773.646971746] [lio_node_v2]: Scan 488: low GICP conf (0.10), χ²=0.1
[WARN] [1781597774.268329850] [lio_node_v2]: Scan 489: low GICP conf (0.10), χ²=2.2
[WARN] [1781597775.621673739] [lio_node_v2]: Scan 492: low GICP conf (0.10), χ²=0.1
[WARN] [1781597776.669244101] [lio_node_v2]: Scan 494: low GICP conf (0.10), χ²=0.5
[WARN] [1781597777.353678785] [lio_node_v2]: Scan 495: low GICP conf (0.10), χ²=0.1
[WARN] [1781597778.161911127] [lio_node_v2]: Scan 496: low GICP conf (0.10), χ²=0.1
[WARN] [1781597778.760472038] [lio_node_v2]: Scan 497: low GICP conf (0.10), χ²=0.4
[WARN] [1781597779.573770297] [lio_node_v2]: Scan 498: low GICP conf (0.10), χ²=0.1
[WARN] [1781597780.428496566] [lio_node_v2]: Scan 499: low GICP conf (0.10), χ²=0.1
[WARN] [1781597781.099040953] [lio_node_v2]: Scan 500: low GICP conf (0.10), χ²=1.1
[WARN] [1781597781.781664647] [lio_node_v2]: Scan 501: low GICP conf (0.10), χ²=0.7
[WARN] [1781597782.368592220] [lio_node_v2]: Scan 502: low GICP conf (0.17), χ²=0.6
[WARN] [1781597782.944881861] [lio_node_v2]: Scan 503: low GICP conf (0.21), χ²=1.5
[WARN] [1781597783.468563950] [lio_node_v2]: Scan 504: low GICP conf (0.10), χ²=8.0
[WARN] [1781597783.861629013] [lio_node_v2]: Scan 505: GICP update REJECTED (χ²=335.7 > 56.2) — conf=0.10, IMU holds
[WARN] [1781597784.304387643] [lio_node_v2]: Scan 506: low GICP conf (0.10), χ²=0.2
[WARN] [1781597784.730832212] [lio_node_v2]: Scan 508: low GICP conf (0.10), χ²=0.2
[WARN] [1781597785.029070619] [lio_node_v2]: Scan 509: GICP update REJECTED (χ²=360.3 > 56.2) — conf=0.27, IMU holds
[WARN] [1781597785.288060446] [lio_node_v2]: Scan 510: low GICP conf (0.10), χ²=48.2
[WARN] [1781597785.720795515] [lio_node_v2]: Scan 512: GICP update REJECTED (χ²=249.8 > 56.2) — conf=0.10, IMU holds
[WARN] [1781597785.890174034] [lio_node_v2]: Scan 513: low GICP conf (0.10), χ²=30.1
[WARN] [1781597786.114056935] [lio_node_v2]: Scan 514: low GICP conf (0.10), χ²=34.7
[WARN] [1781597843.446030910] [lio_node_v2]: Scan 688: low GICP conf (0.28), χ²=0.1
[WARN] [1781597845.680788283] [lio_node_v2]: Scan 695: low GICP conf (0.34), χ²=0.0
[WARN] [1781597896.698066095] [lio_node_v2]: Scan 848: low GICP conf (0.10), χ²=0.1
[WARN] [1781597922.506109008] [lio_node_v2]: Scan 922: low GICP conf (0.10), χ²=0.1
[WARN] [1781597924.116814583] [lio_node_v2]: Scan 924: low GICP conf (0.10), χ²=0.4
[WARN] [1781597924.982335114] [lio_node_v2]: Scan 925: low GICP conf (0.29), χ²=0.1
[WARN] [1781597925.752755096] [lio_node_v2]: Scan 926: low GICP conf (0.10), χ²=0.1
[WARN] [1781597926.495606685] [lio_node_v2]: Scan 927: low GICP conf (0.10), χ²=0.0
[WARN] [1781597927.129349669] [lio_node_v2]: Scan 928: low GICP conf (0.10), χ²=0.1
[WARN] [1781597927.956465247] [lio_node_v2]: Scan 929: low GICP conf (0.10), χ²=0.2
[WARN] [1781597929.266837288] [lio_node_v2]: Scan 930: low GICP conf (0.10), χ²=0.2
[WARN] [1781597930.139482696] [lio_node_v2]: Scan 931: low GICP conf (0.10), χ²=0.5
[WARN] [1781597930.742115519] [lio_node_v2]: Scan 932: low GICP conf (0.10), χ²=4.3
[WARN] [1781597931.176236619] [lio_node_v2]: Scan 933: GICP update REJECTED (χ²=435.3 > 56.2) — conf=0.10, IMU holds
[WARN] [1781597932.772536222] [lio_node_v2]: Scan 937: GICP update REJECTED (χ²=288.0 > 56.2) — conf=0.10, IMU holds
[WARN] [1781597933.414398068] [lio_node_v2]: Scan 938: GICP update REJECTED (χ²=102.1 > 56.2) — conf=0.10, IMU holds
[WARN] [1781597933.633414514] [lio_node_v2]: Scan 939: low GICP conf (0.29), χ²=0.8
[WARN] [1781597933.902092554] [lio_node_v2]: Scan 940: GICP update REJECTED (χ²=195.2 > 56.2) — conf=0.10, IMU holds
[WARN] [1781597934.639074346] [lio_node_v2]: Scan 942: GICP update REJECTED (χ²=85.7 > 56.2) — conf=0.10, IMU holds
[WARN] [1781597936.421156821] [lio_node_v2]: Scan 949: GICP update REJECTED (χ²=83.3 > 56.2) — conf=0.10, IMU holds
[WARN] [1781597966.715157015] [lio_node_v2]: Scan 1043: low GICP conf (0.10), χ²=0.0
[WARN] [1781597977.385345482] [lio_node_v2]: Scan 1075: low GICP conf (0.35), χ²=0.0
Traceback (most recent call last):
  File "/u/97/habibip1/unix/ros2_ws/install/regnonrep/lib/regnonrep/ros_lio_v2.py", line 783, in <module>
    main()
  File "/u/97/habibip1/unix/ros2_ws/install/regnonrep/lib/regnonrep/ros_lio_v2.py", line 779, in main
    rclpy.shutdown()
  File "/opt/ros/humble/local/lib/python3.10/dist-packages/rclpy/__init__.py", line 130, in shutdown
    _shutdown(context=context)
  File "/opt/ros/humble/local/lib/python3.10/dist-packages/rclpy/utilities.py", line 58, in shutdown
    return context.shutdown()
  File "/opt/ros/humble/local/lib/python3.10/dist-packages/rclpy/context.py", line 102, in shutdown
    self.__context.shutdown()
rclpy._rclpy_pybind11.RCLError: failed to shutdown: rcl_shutdown already called on the given context, at ./src/rcl/init.c:241
