[0.015s] Invoking command in '/u/97/habibip1/unix/ros2_ws/src/regnonrep/build/regnonrep': CMAKE_PREFIX_PATH=/u/97/habibip1/unix/ros2_ws/install/regnonrep:/u/97/habibip1/unix/turtlebot3_ws/install/turtlebot3_navigation2:/u/97/habibip1/unix/turtlebot3_ws/install/turtlebot3_msgs:/u/97/habibip1/unix/turtlebot3_ws/install/turtlebot3_manipulation_gazebo:/u/97/habibip1/unix/turtlebot3_ws/install/turtlebot3_gazebo:/u/97/habibip1/unix/turtlebot3_ws/install/turtlebot3_description:/u/97/habibip1/unix/turtlebot3_ws/install/turtlebot3_cartographer:/u/97/habibip1/unix/turtlebot3_ws/install/sam_bot_description:/u/97/habibip1/unix/turtlebot3_ws/install/nav2_straightline_planner:/u/97/habibip1/unix/turtlebot3_ws/install/nav2_pure_pursuit_controller:/u/97/habibip1/unix/turtlebot3_ws/install/nav2_minimal_tb4_sim:/u/97/habibip1/unix/turtlebot3_ws/install/nav2_minimal_tb4_description:/u/97/habibip1/unix/turtlebot3_ws/install/nav2_gradient_costmap_plugin:/u/97/habibip1/unix/turtlebot3_ws/install/nav2_costmap_filters_demo:/u/97/habibip1/unix/turtlebot3_ws/install/mapviz_interfaces:/u/97/habibip1/unix/turtlebot3_ws/install/fast_lio:/u/97/habibip1/unix/turtlebot3_ws/install/lio_sam:/u/97/habibip1/unix/turtlebot3_ws/install/kinematic_icp:/u/97/habibip1/unix/turtlebot3_ws/install/dynamixel_sdk_custom_interfaces:/u/97/habibip1/unix/turtlebot3_ws/install/dynamixel_sdk:/u/97/habibip1/unix/turtlebot3_ws/install/direct_lidar_inertial_odometry:/u/97/habibip1/unix/turtlebot3_ws/install/turtlebot3_teleop:/u/97/habibip1/unix/turtlebot3_ws/install/turtlebot3_example:/u/97/habibip1/unix/turtlebot3_ws/install/nav2_minimal_tb3_sim:/u/97/habibip1/unix/smeak_ws/install/rovesugv_navsim:/opt/ros/humble:/u/97/habibip1/unix/smeak_ws/install/road_nav_interfaces:/u/97/habibip1/unix/turtlebot3_ws/src/ws_livox/install/livox_ros_driver2 /u/97/habibip1/unix/.local/bin/cmake /u/97/habibip1/unix/ros2_ws/src/regnonrep -DCMAKE_INSTALL_PREFIX=/u/97/habibip1/unix/ros2_ws/src/regnonrep/install/regnonrep
[0.089s] [0mCMake Deprecation Warning at CMakeLists.txt:1 (cmake_minimum_required):
[0.089s]   Compatibility with CMake < 3.10 will be removed from a future version of
[0.089s]   CMake.
[0.089s] 
[0.089s]   Update the VERSION argument <min> value.  Or, use the <min>...<max> syntax
[0.089s]   to tell CMake that the project requires at least <min> but has been updated
[0.089s]   to work with policies introduced by <max> or earlier.
[0.089s] 
[0.089s] [0m
[0.200s] -- The C compiler identification is GNU 11.4.0
[0.318s] -- The CXX compiler identification is GNU 11.4.0
[0.331s] -- Detecting C compiler ABI info
[0.405s] -- Detecting C compiler ABI info - done
[0.428s] -- Check for working C compiler: /usr/bin/cc - skipped
[0.429s] -- Detecting C compile features
[0.430s] -- Detecting C compile features - done
[0.450s] -- Detecting CXX compiler ABI info
[0.531s] -- Detecting CXX compiler ABI info - done
[0.545s] -- Check for working CXX compiler: /usr/bin/c++ - skipped
[0.545s] -- Detecting CXX compile features
[0.546s] -- Detecting CXX compile features - done
[0.559s] -- Found ament_cmake: 1.3.13 (/opt/ros/humble/share/ament_cmake/cmake)
[0.876s] -- Found Python3: /usr/bin/python3 (found version "3.10.12") found components: Interpreter
[1.016s] -- Found rclpy: 3.3.20 (/opt/ros/humble/share/rclpy/cmake)
[1.020s] -- Found sensor_msgs: 4.9.1 (/opt/ros/humble/share/sensor_msgs/cmake)
[1.107s] -- Found rosidl_generator_c: 3.1.8 (/opt/ros/humble/share/rosidl_generator_c/cmake)
[1.115s] -- Found rosidl_adapter: 3.1.8 (/opt/ros/humble/share/rosidl_adapter/cmake)
[1.127s] -- Found rosidl_generator_cpp: 3.1.8 (/opt/ros/humble/share/rosidl_generator_cpp/cmake)
[1.144s] -- Using all available rosidl_typesupport_c: rosidl_typesupport_fastrtps_c;rosidl_typesupport_introspection_c
[1.162s] -- Using all available rosidl_typesupport_cpp: rosidl_typesupport_fastrtps_cpp;rosidl_typesupport_introspection_cpp
[1.324s] -- Configuring done (1.2s)
[1.335s] -- Generating done (0.0s)
[1.350s] -- Build files have been written to: /u/97/habibip1/unix/ros2_ws/src/regnonrep/build/regnonrep
[1.361s] Invoked command in '/u/97/habibip1/unix/ros2_ws/src/regnonrep/build/regnonrep' returned '0': CMAKE_PREFIX_PATH=/u/97/habibip1/unix/ros2_ws/install/regnonrep:/u/97/habibip1/unix/turtlebot3_ws/install/turtlebot3_navigation2:/u/97/habibip1/unix/turtlebot3_ws/install/turtlebot3_msgs:/u/97/habibip1/unix/turtlebot3_ws/install/turtlebot3_manipulation_gazebo:/u/97/habibip1/unix/turtlebot3_ws/install/turtlebot3_gazebo:/u/97/habibip1/unix/turtlebot3_ws/install/turtlebot3_description:/u/97/habibip1/unix/turtlebot3_ws/install/turtlebot3_cartographer:/u/97/habibip1/unix/turtlebot3_ws/install/sam_bot_description:/u/97/habibip1/unix/turtlebot3_ws/install/nav2_straightline_planner:/u/97/habibip1/unix/turtlebot3_ws/install/nav2_pure_pursuit_controller:/u/97/habibip1/unix/turtlebot3_ws/install/nav2_minimal_tb4_sim:/u/97/habibip1/unix/turtlebot3_ws/install/nav2_minimal_tb4_description:/u/97/habibip1/unix/turtlebot3_ws/install/nav2_gradient_costmap_plugin:/u/97/habibip1/unix/turtlebot3_ws/install/nav2_costmap_filters_demo:/u/97/habibip1/unix/turtlebot3_ws/install/mapviz_interfaces:/u/97/habibip1/unix/turtlebot3_ws/install/fast_lio:/u/97/habibip1/unix/turtlebot3_ws/install/lio_sam:/u/97/habibip1/unix/turtlebot3_ws/install/kinematic_icp:/u/97/habibip1/unix/turtlebot3_ws/install/dynamixel_sdk_custom_interfaces:/u/97/habibip1/unix/turtlebot3_ws/install/dynamixel_sdk:/u/97/habibip1/unix/turtlebot3_ws/install/direct_lidar_inertial_odometry:/u/97/habibip1/unix/turtlebot3_ws/install/turtlebot3_teleop:/u/97/habibip1/unix/turtlebot3_ws/install/turtlebot3_example:/u/97/habibip1/unix/turtlebot3_ws/install/nav2_minimal_tb3_sim:/u/97/habibip1/unix/smeak_ws/install/rovesugv_navsim:/opt/ros/humble:/u/97/habibip1/unix/smeak_ws/install/road_nav_interfaces:/u/97/habibip1/unix/turtlebot3_ws/src/ws_livox/install/livox_ros_driver2 /u/97/habibip1/unix/.local/bin/cmake /u/97/habibip1/unix/ros2_ws/src/regnonrep -DCMAKE_INSTALL_PREFIX=/u/97/habibip1/unix/ros2_ws/src/regnonrep/install/regnonrep
[1.362s] Invoking command in '/u/97/habibip1/unix/ros2_ws/src/regnonrep/build/regnonrep': CMAKE_PREFIX_PATH=/u/97/habibip1/unix/ros2_ws/install/regnonrep:/u/97/habibip1/unix/turtlebot3_ws/install/turtlebot3_navigation2:/u/97/habibip1/unix/turtlebot3_ws/install/turtlebot3_msgs:/u/97/habibip1/unix/turtlebot3_ws/install/turtlebot3_manipulation_gazebo:/u/97/habibip1/unix/turtlebot3_ws/install/turtlebot3_gazebo:/u/97/habibip1/unix/turtlebot3_ws/install/turtlebot3_description:/u/97/habibip1/unix/turtlebot3_ws/install/turtlebot3_cartographer:/u/97/habibip1/unix/turtlebot3_ws/install/sam_bot_description:/u/97/habibip1/unix/turtlebot3_ws/install/nav2_straightline_planner:/u/97/habibip1/unix/turtlebot3_ws/install/nav2_pure_pursuit_controller:/u/97/habibip1/unix/turtlebot3_ws/install/nav2_minimal_tb4_sim:/u/97/habibip1/unix/turtlebot3_ws/install/nav2_minimal_tb4_description:/u/97/habibip1/unix/turtlebot3_ws/install/nav2_gradient_costmap_plugin:/u/97/habibip1/unix/turtlebot3_ws/install/nav2_costmap_filters_demo:/u/97/habibip1/unix/turtlebot3_ws/install/mapviz_interfaces:/u/97/habibip1/unix/turtlebot3_ws/install/fast_lio:/u/97/habibip1/unix/turtlebot3_ws/install/lio_sam:/u/97/habibip1/unix/turtlebot3_ws/install/kinematic_icp:/u/97/habibip1/unix/turtlebot3_ws/install/dynamixel_sdk_custom_interfaces:/u/97/habibip1/unix/turtlebot3_ws/install/dynamixel_sdk:/u/97/habibip1/unix/turtlebot3_ws/install/direct_lidar_inertial_odometry:/u/97/habibip1/unix/turtlebot3_ws/install/turtlebot3_teleop:/u/97/habibip1/unix/turtlebot3_ws/install/turtlebot3_example:/u/97/habibip1/unix/turtlebot3_ws/install/nav2_minimal_tb3_sim:/u/97/habibip1/unix/smeak_ws/install/rovesugv_navsim:/opt/ros/humble:/u/97/habibip1/unix/smeak_ws/install/road_nav_interfaces:/u/97/habibip1/unix/turtlebot3_ws/src/ws_livox/install/livox_ros_driver2 /u/97/habibip1/unix/.local/bin/cmake --build /u/97/habibip1/unix/ros2_ws/src/regnonrep/build/regnonrep -- -j12 -l12
[1.449s] Invoked command in '/u/97/habibip1/unix/ros2_ws/src/regnonrep/build/regnonrep' returned '0': CMAKE_PREFIX_PATH=/u/97/habibip1/unix/ros2_ws/install/regnonrep:/u/97/habibip1/unix/turtlebot3_ws/install/turtlebot3_navigation2:/u/97/habibip1/unix/turtlebot3_ws/install/turtlebot3_msgs:/u/97/habibip1/unix/turtlebot3_ws/install/turtlebot3_manipulation_gazebo:/u/97/habibip1/unix/turtlebot3_ws/install/turtlebot3_gazebo:/u/97/habibip1/unix/turtlebot3_ws/install/turtlebot3_description:/u/97/habibip1/unix/turtlebot3_ws/install/turtlebot3_cartographer:/u/97/habibip1/unix/turtlebot3_ws/install/sam_bot_description:/u/97/habibip1/unix/turtlebot3_ws/install/nav2_straightline_planner:/u/97/habibip1/unix/turtlebot3_ws/install/nav2_pure_pursuit_controller:/u/97/habibip1/unix/turtlebot3_ws/install/nav2_minimal_tb4_sim:/u/97/habibip1/unix/turtlebot3_ws/install/nav2_minimal_tb4_description:/u/97/habibip1/unix/turtlebot3_ws/install/nav2_gradient_costmap_plugin:/u/97/habibip1/unix/turtlebot3_ws/install/nav2_costmap_filters_demo:/u/97/habibip1/unix/turtlebot3_ws/install/mapviz_interfaces:/u/97/habibip1/unix/turtlebot3_ws/install/fast_lio:/u/97/habibip1/unix/turtlebot3_ws/install/lio_sam:/u/97/habibip1/unix/turtlebot3_ws/install/kinematic_icp:/u/97/habibip1/unix/turtlebot3_ws/install/dynamixel_sdk_custom_interfaces:/u/97/habibip1/unix/turtlebot3_ws/install/dynamixel_sdk:/u/97/habibip1/unix/turtlebot3_ws/install/direct_lidar_inertial_odometry:/u/97/habibip1/unix/turtlebot3_ws/install/turtlebot3_teleop:/u/97/habibip1/unix/turtlebot3_ws/install/turtlebot3_example:/u/97/habibip1/unix/turtlebot3_ws/install/nav2_minimal_tb3_sim:/u/97/habibip1/unix/smeak_ws/install/rovesugv_navsim:/opt/ros/humble:/u/97/habibip1/unix/smeak_ws/install/road_nav_interfaces:/u/97/habibip1/unix/turtlebot3_ws/src/ws_livox/install/livox_ros_driver2 /u/97/habibip1/unix/.local/bin/cmake --build /u/97/habibip1/unix/ros2_ws/src/regnonrep/build/regnonrep -- -j12 -l12
[1.517s] Invoking command in '/u/97/habibip1/unix/ros2_ws/src/regnonrep/build/regnonrep': CMAKE_PREFIX_PATH=/u/97/habibip1/unix/ros2_ws/install/regnonrep:/u/97/habibip1/unix/turtlebot3_ws/install/turtlebot3_navigation2:/u/97/habibip1/unix/turtlebot3_ws/install/turtlebot3_msgs:/u/97/habibip1/unix/turtlebot3_ws/install/turtlebot3_manipulation_gazebo:/u/97/habibip1/unix/turtlebot3_ws/install/turtlebot3_gazebo:/u/97/habibip1/unix/turtlebot3_ws/install/turtlebot3_description:/u/97/habibip1/unix/turtlebot3_ws/install/turtlebot3_cartographer:/u/97/habibip1/unix/turtlebot3_ws/install/sam_bot_description:/u/97/habibip1/unix/turtlebot3_ws/install/nav2_straightline_planner:/u/97/habibip1/unix/turtlebot3_ws/install/nav2_pure_pursuit_controller:/u/97/habibip1/unix/turtlebot3_ws/install/nav2_minimal_tb4_sim:/u/97/habibip1/unix/turtlebot3_ws/install/nav2_minimal_tb4_description:/u/97/habibip1/unix/turtlebot3_ws/install/nav2_gradient_costmap_plugin:/u/97/habibip1/unix/turtlebot3_ws/install/nav2_costmap_filters_demo:/u/97/habibip1/unix/turtlebot3_ws/install/mapviz_interfaces:/u/97/habibip1/unix/turtlebot3_ws/install/fast_lio:/u/97/habibip1/unix/turtlebot3_ws/install/lio_sam:/u/97/habibip1/unix/turtlebot3_ws/install/kinematic_icp:/u/97/habibip1/unix/turtlebot3_ws/install/dynamixel_sdk_custom_interfaces:/u/97/habibip1/unix/turtlebot3_ws/install/dynamixel_sdk:/u/97/habibip1/unix/turtlebot3_ws/install/direct_lidar_inertial_odometry:/u/97/habibip1/unix/turtlebot3_ws/install/turtlebot3_teleop:/u/97/habibip1/unix/turtlebot3_ws/install/turtlebot3_example:/u/97/habibip1/unix/turtlebot3_ws/install/nav2_minimal_tb3_sim:/u/97/habibip1/unix/smeak_ws/install/rovesugv_navsim:/opt/ros/humble:/u/97/habibip1/unix/smeak_ws/install/road_nav_interfaces:/u/97/habibip1/unix/turtlebot3_ws/src/ws_livox/install/livox_ros_driver2 /u/97/habibip1/unix/.local/bin/cmake --install /u/97/habibip1/unix/ros2_ws/src/regnonrep/build/regnonrep
[1.586s] -- Install configuration: ""
[1.587s] -- Installing: /u/97/habibip1/unix/ros2_ws/src/regnonrep/install/regnonrep/lib/regnonrep/ros_non_rep.py
[1.587s] -- Installing: /u/97/habibip1/unix/ros2_ws/src/regnonrep/install/regnonrep/lib/regnonrep/ros_lio.py
[1.587s] -- Installing: /u/97/habibip1/unix/ros2_ws/src/regnonrep/install/regnonrep/lib/regnonrep/Pctools.py
[1.588s] -- Installing: /u/97/habibip1/unix/ros2_ws/src/regnonrep/install/regnonrep/lib/regnonrep/odom_to_tum.py
[1.588s] -- Installing: /u/97/habibip1/unix/ros2_ws/src/regnonrep/install/regnonrep/share/regnonrep/config
[1.589s] -- Installing: /u/97/habibip1/unix/ros2_ws/src/regnonrep/install/regnonrep/share/regnonrep/config/lio.yaml
[1.589s] -- Installing: /u/97/habibip1/unix/ros2_ws/src/regnonrep/install/regnonrep/share/regnonrep/config/non_rep_lidar.yaml
[1.589s] -- Installing: /u/97/habibip1/unix/ros2_ws/src/regnonrep/install/regnonrep/share/regnonrep/launch
[1.589s] -- Installing: /u/97/habibip1/unix/ros2_ws/src/regnonrep/install/regnonrep/share/regnonrep/launch/non_rep_lidar.launch.py
[1.589s] -- Installing: /u/97/habibip1/unix/ros2_ws/src/regnonrep/install/regnonrep/share/regnonrep/launch/lio.launch.py
[1.589s] -- Installing: /u/97/habibip1/unix/ros2_ws/src/regnonrep/install/regnonrep/share/ament_index/resource_index/package_run_dependencies/regnonrep
[1.589s] -- Installing: /u/97/habibip1/unix/ros2_ws/src/regnonrep/install/regnonrep/share/ament_index/resource_index/parent_prefix_path/regnonrep
[1.590s] -- Installing: /u/97/habibip1/unix/ros2_ws/src/regnonrep/install/regnonrep/share/regnonrep/environment/ament_prefix_path.sh
[1.590s] -- Installing: /u/97/habibip1/unix/ros2_ws/src/regnonrep/install/regnonrep/share/regnonrep/environment/ament_prefix_path.dsv
[1.590s] -- Installing: /u/97/habibip1/unix/ros2_ws/src/regnonrep/install/regnonrep/share/regnonrep/environment/path.sh
[1.590s] -- Installing: /u/97/habibip1/unix/ros2_ws/src/regnonrep/install/regnonrep/share/regnonrep/environment/path.dsv
[1.590s] -- Installing: /u/97/habibip1/unix/ros2_ws/src/regnonrep/install/regnonrep/share/regnonrep/local_setup.bash
[1.590s] -- Installing: /u/97/habibip1/unix/ros2_ws/src/regnonrep/install/regnonrep/share/regnonrep/local_setup.sh
[1.590s] -- Installing: /u/97/habibip1/unix/ros2_ws/src/regnonrep/install/regnonrep/share/regnonrep/local_setup.zsh
[1.590s] -- Installing: /u/97/habibip1/unix/ros2_ws/src/regnonrep/install/regnonrep/share/regnonrep/local_setup.dsv
[1.591s] -- Installing: /u/97/habibip1/unix/ros2_ws/src/regnonrep/install/regnonrep/share/regnonrep/package.dsv
[1.591s] -- Installing: /u/97/habibip1/unix/ros2_ws/src/regnonrep/install/regnonrep/share/ament_index/resource_index/packages/regnonrep
[1.591s] -- Installing: /u/97/habibip1/unix/ros2_ws/src/regnonrep/install/regnonrep/share/regnonrep/cmake/regnonrepConfig.cmake
[1.591s] -- Installing: /u/97/habibip1/unix/ros2_ws/src/regnonrep/install/regnonrep/share/regnonrep/cmake/regnonrepConfig-version.cmake
[1.591s] -- Installing: /u/97/habibip1/unix/ros2_ws/src/regnonrep/install/regnonrep/share/regnonrep/package.xml
[1.593s] Invoked command in '/u/97/habibip1/unix/ros2_ws/src/regnonrep/build/regnonrep' returned '0': CMAKE_PREFIX_PATH=/u/97/habibip1/unix/ros2_ws/install/regnonrep:/u/97/habibip1/unix/turtlebot3_ws/install/turtlebot3_navigation2:/u/97/habibip1/unix/turtlebot3_ws/install/turtlebot3_msgs:/u/97/habibip1/unix/turtlebot3_ws/install/turtlebot3_manipulation_gazebo:/u/97/habibip1/unix/turtlebot3_ws/install/turtlebot3_gazebo:/u/97/habibip1/unix/turtlebot3_ws/install/turtlebot3_description:/u/97/habibip1/unix/turtlebot3_ws/install/turtlebot3_cartographer:/u/97/habibip1/unix/turtlebot3_ws/install/sam_bot_description:/u/97/habibip1/unix/turtlebot3_ws/install/nav2_straightline_planner:/u/97/habibip1/unix/turtlebot3_ws/install/nav2_pure_pursuit_controller:/u/97/habibip1/unix/turtlebot3_ws/install/nav2_minimal_tb4_sim:/u/97/habibip1/unix/turtlebot3_ws/install/nav2_minimal_tb4_description:/u/97/habibip1/unix/turtlebot3_ws/install/nav2_gradient_costmap_plugin:/u/97/habibip1/unix/turtlebot3_ws/install/nav2_costmap_filters_demo:/u/97/habibip1/unix/turtlebot3_ws/install/mapviz_interfaces:/u/97/habibip1/unix/turtlebot3_ws/install/fast_lio:/u/97/habibip1/unix/turtlebot3_ws/install/lio_sam:/u/97/habibip1/unix/turtlebot3_ws/install/kinematic_icp:/u/97/habibip1/unix/turtlebot3_ws/install/dynamixel_sdk_custom_interfaces:/u/97/habibip1/unix/turtlebot3_ws/install/dynamixel_sdk:/u/97/habibip1/unix/turtlebot3_ws/install/direct_lidar_inertial_odometry:/u/97/habibip1/unix/turtlebot3_ws/install/turtlebot3_teleop:/u/97/habibip1/unix/turtlebot3_ws/install/turtlebot3_example:/u/97/habibip1/unix/turtlebot3_ws/install/nav2_minimal_tb3_sim:/u/97/habibip1/unix/smeak_ws/install/rovesugv_navsim:/opt/ros/humble:/u/97/habibip1/unix/smeak_ws/install/road_nav_interfaces:/u/97/habibip1/unix/turtlebot3_ws/src/ws_livox/install/livox_ros_driver2 /u/97/habibip1/unix/.local/bin/cmake --install /u/97/habibip1/unix/ros2_ws/src/regnonrep/build/regnonrep
