[0.080s] DEBUG:colcon:Command line arguments: ['/usr/bin/colcon', 'build', '--packages-select', 'regnonrep']
[0.080s] DEBUG:colcon:Parsed command line arguments: Namespace(log_base=None, log_level=None, verb_name='build', build_base='build', install_base='install', merge_install=False, symlink_install=False, test_result_base=None, continue_on_error=False, executor='parallel', parallel_workers=12, event_handlers=None, ignore_user_meta=False, metas=['./colcon.meta'], base_paths=['.'], packages_ignore=None, packages_ignore_regex=None, paths=None, packages_up_to=None, packages_up_to_regex=None, packages_above=None, packages_above_and_dependencies=None, packages_above_depth=None, packages_select_by_dep=None, packages_skip_by_dep=None, packages_skip_up_to=None, packages_select_build_failed=False, packages_skip_build_finished=False, packages_select_test_failures=False, packages_skip_test_passed=False, packages_select=['regnonrep'], packages_skip=None, packages_select_regex=None, packages_skip_regex=None, packages_start=None, packages_end=None, allow_overriding=[], lookup_in_workspace=False, cargo_args=None, clean_build=False, cmake_args=None, cmake_target=None, cmake_target_skip_unavailable=False, cmake_clean_cache=False, cmake_clean_first=False, cmake_force_configure=False, ament_cmake_args=None, catkin_cmake_args=None, catkin_skip_building_tests=False, mixin_files=None, mixin=None, verb_parser=<colcon_mixin.mixin.mixin_argument.MixinArgumentDecorator object at 0x7bb4ab01bd00>, verb_extension=<colcon_core.verb.build.BuildVerb object at 0x7bb4ab01b850>, main=<bound method BuildVerb.main of <colcon_core.verb.build.BuildVerb object at 0x7bb4ab01b850>>, mixin_verb=('build',))
[0.132s] Level 1:colcon.colcon_core.package_discovery:discover_packages(colcon_meta) check parameters
[0.132s] Level 1:colcon.colcon_core.package_discovery:discover_packages(recursive) check parameters
[0.132s] Level 1:colcon.colcon_core.package_discovery:discover_packages(ignore) check parameters
[0.132s] Level 1:colcon.colcon_core.package_discovery:discover_packages(path) check parameters
[0.132s] Level 1:colcon.colcon_core.package_discovery:discover_packages(cargo_workspace) check parameters
[0.132s] Level 1:colcon.colcon_core.package_discovery:discover_packages(colcon_meta) discover
[0.132s] Level 1:colcon.colcon_core.package_discovery:discover_packages(recursive) discover
[0.132s] INFO:colcon.colcon_core.package_discovery:Crawling recursively for packages in '/u/97/habibip1/unix/ros2_ws/src/regnonrep'
[0.133s] Level 1:colcon.colcon_core.package_identification:_identify(.) by extensions ['ignore', 'ignore_ament_install']
[0.133s] Level 1:colcon.colcon_core.package_identification:_identify(.) by extension 'ignore'
[0.133s] Level 1:colcon.colcon_core.package_identification:_identify(.) by extension 'ignore_ament_install'
[0.133s] Level 1:colcon.colcon_core.package_identification:_identify(.) by extensions ['cargo_workspace']
[0.133s] Level 1:colcon.colcon_core.package_identification:_identify(.) by extension 'cargo_workspace'
[0.133s] Level 1:colcon.colcon_core.package_identification:_identify(.) by extensions ['colcon_pkg']
[0.133s] Level 1:colcon.colcon_core.package_identification:_identify(.) by extension 'colcon_pkg'
[0.133s] Level 1:colcon.colcon_core.package_identification:_identify(.) by extensions ['colcon_meta']
[0.133s] Level 1:colcon.colcon_core.package_identification:_identify(.) by extension 'colcon_meta'
[0.133s] Level 1:colcon.colcon_core.package_identification:_identify(.) by extensions ['ament_cargo']
[0.133s] Level 1:colcon.colcon_core.package_identification:_identify(.) by extension 'ament_cargo'
[0.135s] Level 1:colcon.colcon_core.package_identification:_identify(.) by extensions ['ros']
[0.135s] Level 1:colcon.colcon_core.package_identification:_identify(.) by extension 'ros'
[0.136s] DEBUG:colcon.colcon_core.package_identification:Package '.' with type 'ros.ament_cmake' and name 'regnonrep'
[0.136s] Level 1:colcon.colcon_core.package_discovery:discover_packages(recursive) using defaults
[0.136s] Level 1:colcon.colcon_core.package_discovery:discover_packages(ignore) discover
[0.136s] Level 1:colcon.colcon_core.package_discovery:discover_packages(ignore) using defaults
[0.136s] Level 1:colcon.colcon_core.package_discovery:discover_packages(path) discover
[0.136s] Level 1:colcon.colcon_core.package_discovery:discover_packages(path) using defaults
[0.136s] Level 1:colcon.colcon_core.package_discovery:discover_packages(cargo_workspace) discover
[0.136s] Level 1:colcon.colcon_core.package_discovery:discover_packages(cargo_workspace) using defaults
[0.148s] Level 1:colcon.colcon_core.package_discovery:discover_packages(prefix_path) check parameters
[0.148s] Level 1:colcon.colcon_core.package_discovery:discover_packages(prefix_path) discover
[0.150s] DEBUG:colcon.colcon_installed_package_information.package_discovery:Found 3 installed packages in /u/97/habibip1/unix/ros2_ws/install
[0.150s] DEBUG:colcon.colcon_installed_package_information.package_discovery:Found 1 installed packages in /u/97/habibip1/unix/turtlebot3_ws/src/ws_livox/install
[0.150s] DEBUG:colcon.colcon_installed_package_information.package_discovery:Found 24 installed packages in /u/97/habibip1/unix/turtlebot3_ws/install
[0.151s] DEBUG:colcon.colcon_installed_package_information.package_discovery:Found 3 installed packages in /u/97/habibip1/unix/smeak_ws/install
[0.151s] DEBUG:colcon.colcon_installed_package_information.package_discovery:Found 428 installed packages in /opt/ros/humble
[0.153s] Level 1:colcon.colcon_core.package_discovery:discover_packages(prefix_path) using defaults
[0.187s] Level 5:colcon.colcon_core.verb:set package 'regnonrep' build argument 'lookup_in_workspace' from command line to 'False'
[0.187s] Level 5:colcon.colcon_core.verb:set package 'regnonrep' build argument 'cargo_args' from command line to 'None'
[0.187s] Level 5:colcon.colcon_core.verb:set package 'regnonrep' build argument 'clean_build' from command line to 'False'
[0.187s] Level 5:colcon.colcon_core.verb:set package 'regnonrep' build argument 'cmake_args' from command line to 'None'
[0.187s] Level 5:colcon.colcon_core.verb:set package 'regnonrep' build argument 'cmake_target' from command line to 'None'
[0.187s] Level 5:colcon.colcon_core.verb:set package 'regnonrep' build argument 'cmake_target_skip_unavailable' from command line to 'False'
[0.187s] Level 5:colcon.colcon_core.verb:set package 'regnonrep' build argument 'cmake_clean_cache' from command line to 'False'
[0.187s] Level 5:colcon.colcon_core.verb:set package 'regnonrep' build argument 'cmake_clean_first' from command line to 'False'
[0.187s] Level 5:colcon.colcon_core.verb:set package 'regnonrep' build argument 'cmake_force_configure' from command line to 'False'
[0.187s] Level 5:colcon.colcon_core.verb:set package 'regnonrep' build argument 'ament_cmake_args' from command line to 'None'
[0.187s] Level 5:colcon.colcon_core.verb:set package 'regnonrep' build argument 'catkin_cmake_args' from command line to 'None'
[0.187s] Level 5:colcon.colcon_core.verb:set package 'regnonrep' build argument 'catkin_skip_building_tests' from command line to 'False'
[0.187s] DEBUG:colcon.colcon_core.verb:Building package 'regnonrep' with the following arguments: {'ament_cmake_args': None, 'build_base': '/u/97/habibip1/unix/ros2_ws/src/regnonrep/build/regnonrep', 'cargo_args': None, 'catkin_cmake_args': None, 'catkin_skip_building_tests': False, 'clean_build': False, 'cmake_args': None, 'cmake_clean_cache': False, 'cmake_clean_first': False, 'cmake_force_configure': False, 'cmake_target': None, 'cmake_target_skip_unavailable': False, 'install_base': '/u/97/habibip1/unix/ros2_ws/src/regnonrep/install/regnonrep', 'lookup_in_workspace': False, 'merge_install': False, 'path': '/u/97/habibip1/unix/ros2_ws/src/regnonrep', 'symlink_install': False, 'test_result_base': None}
[0.187s] INFO:colcon.colcon_core.executor:Executing jobs using 'parallel' executor
[0.188s] DEBUG:colcon.colcon_parallel_executor.executor.parallel:run_until_complete
[0.188s] INFO:colcon.colcon_ros.task.ament_cmake.build:Building ROS package in '/u/97/habibip1/unix/ros2_ws/src/regnonrep' with build type 'ament_cmake'
[0.188s] INFO:colcon.colcon_cmake.task.cmake.build:Building CMake package in '/u/97/habibip1/unix/ros2_ws/src/regnonrep'
[0.189s] INFO:colcon.colcon_core.plugin_system:Skipping extension 'colcon_core.shell.bat': Not used on non-Windows systems
[0.190s] INFO:colcon.colcon_core.shell:Skip shell extension 'powershell' for command environment: Not usable outside of PowerShell
[0.190s] DEBUG:colcon.colcon_core.shell:Skip shell extension 'dsv' for command environment
[0.200s] DEBUG:colcon.colcon_core.event_handler.log_command:Invoking command in '/u/97/habibip1/unix/ros2_ws/src/regnonrep/build/regnonrep': CMAKE_PREFIX_PATH=/u/97/habibip1/unix/ros2_ws/install/regnonrep:/u/97/habibip1/unix/ros2_ws/install/point_lio:/u/97/habibip1/unix/turtlebot3_ws/install/turtlebot3_navigation2:/u/97/habibip1/unix/turtlebot3_ws/install/turtlebot3_msgs:/u/97/habibip1/unix/turtlebot3_ws/install/turtlebot3_manipulation_gazebo:/u/97/habibip1/unix/turtlebot3_ws/install/turtlebot3_gazebo:/u/97/habibip1/unix/turtlebot3_ws/install/turtlebot3_description:/u/97/habibip1/unix/turtlebot3_ws/install/turtlebot3_cartographer:/u/97/habibip1/unix/turtlebot3_ws/install/sam_bot_description:/u/97/habibip1/unix/turtlebot3_ws/install/nav2_straightline_planner:/u/97/habibip1/unix/turtlebot3_ws/install/nav2_pure_pursuit_controller:/u/97/habibip1/unix/turtlebot3_ws/install/nav2_minimal_tb4_sim:/u/97/habibip1/unix/turtlebot3_ws/install/nav2_minimal_tb4_description:/u/97/habibip1/unix/turtlebot3_ws/install/nav2_gradient_costmap_plugin:/u/97/habibip1/unix/turtlebot3_ws/install/nav2_costmap_filters_demo:/u/97/habibip1/unix/turtlebot3_ws/install/mapviz_interfaces:/u/97/habibip1/unix/turtlebot3_ws/install/fast_lio:/u/97/habibip1/unix/turtlebot3_ws/install/lio_sam:/u/97/habibip1/unix/turtlebot3_ws/install/kinematic_icp:/u/97/habibip1/unix/turtlebot3_ws/install/dynamixel_sdk_custom_interfaces:/u/97/habibip1/unix/turtlebot3_ws/install/dynamixel_sdk:/u/97/habibip1/unix/turtlebot3_ws/install/direct_lidar_inertial_odometry:/u/97/habibip1/unix/turtlebot3_ws/install/turtlebot3_teleop:/u/97/habibip1/unix/turtlebot3_ws/install/turtlebot3_example:/u/97/habibip1/unix/turtlebot3_ws/install/nav2_minimal_tb3_sim:/u/97/habibip1/unix/smeak_ws/install/rovesugv_navsim:/opt/ros/humble:/u/97/habibip1/unix/smeak_ws/install/road_nav_interfaces:/u/97/habibip1/unix/turtlebot3_ws/src/ws_livox/install/livox_ros_driver2 CONDA_PROMPT_MODIFIER=(base) /u/97/habibip1/unix/.local/bin/cmake --build /u/97/habibip1/unix/ros2_ws/src/regnonrep/build/regnonrep -- -j12 -l12
[0.300s] DEBUG:colcon.colcon_core.event_handler.log_command:Invoked command in '/u/97/habibip1/unix/ros2_ws/src/regnonrep/build/regnonrep' returned '0': CMAKE_PREFIX_PATH=/u/97/habibip1/unix/ros2_ws/install/regnonrep:/u/97/habibip1/unix/ros2_ws/install/point_lio:/u/97/habibip1/unix/turtlebot3_ws/install/turtlebot3_navigation2:/u/97/habibip1/unix/turtlebot3_ws/install/turtlebot3_msgs:/u/97/habibip1/unix/turtlebot3_ws/install/turtlebot3_manipulation_gazebo:/u/97/habibip1/unix/turtlebot3_ws/install/turtlebot3_gazebo:/u/97/habibip1/unix/turtlebot3_ws/install/turtlebot3_description:/u/97/habibip1/unix/turtlebot3_ws/install/turtlebot3_cartographer:/u/97/habibip1/unix/turtlebot3_ws/install/sam_bot_description:/u/97/habibip1/unix/turtlebot3_ws/install/nav2_straightline_planner:/u/97/habibip1/unix/turtlebot3_ws/install/nav2_pure_pursuit_controller:/u/97/habibip1/unix/turtlebot3_ws/install/nav2_minimal_tb4_sim:/u/97/habibip1/unix/turtlebot3_ws/install/nav2_minimal_tb4_description:/u/97/habibip1/unix/turtlebot3_ws/install/nav2_gradient_costmap_plugin:/u/97/habibip1/unix/turtlebot3_ws/install/nav2_costmap_filters_demo:/u/97/habibip1/unix/turtlebot3_ws/install/mapviz_interfaces:/u/97/habibip1/unix/turtlebot3_ws/install/fast_lio:/u/97/habibip1/unix/turtlebot3_ws/install/lio_sam:/u/97/habibip1/unix/turtlebot3_ws/install/kinematic_icp:/u/97/habibip1/unix/turtlebot3_ws/install/dynamixel_sdk_custom_interfaces:/u/97/habibip1/unix/turtlebot3_ws/install/dynamixel_sdk:/u/97/habibip1/unix/turtlebot3_ws/install/direct_lidar_inertial_odometry:/u/97/habibip1/unix/turtlebot3_ws/install/turtlebot3_teleop:/u/97/habibip1/unix/turtlebot3_ws/install/turtlebot3_example:/u/97/habibip1/unix/turtlebot3_ws/install/nav2_minimal_tb3_sim:/u/97/habibip1/unix/smeak_ws/install/rovesugv_navsim:/opt/ros/humble:/u/97/habibip1/unix/smeak_ws/install/road_nav_interfaces:/u/97/habibip1/unix/turtlebot3_ws/src/ws_livox/install/livox_ros_driver2 CONDA_PROMPT_MODIFIER=(base) /u/97/habibip1/unix/.local/bin/cmake --build /u/97/habibip1/unix/ros2_ws/src/regnonrep/build/regnonrep -- -j12 -l12
[0.363s] DEBUG:colcon.colcon_core.event_handler.log_command:Invoking command in '/u/97/habibip1/unix/ros2_ws/src/regnonrep/build/regnonrep': CMAKE_PREFIX_PATH=/u/97/habibip1/unix/ros2_ws/install/regnonrep:/u/97/habibip1/unix/ros2_ws/install/point_lio:/u/97/habibip1/unix/turtlebot3_ws/install/turtlebot3_navigation2:/u/97/habibip1/unix/turtlebot3_ws/install/turtlebot3_msgs:/u/97/habibip1/unix/turtlebot3_ws/install/turtlebot3_manipulation_gazebo:/u/97/habibip1/unix/turtlebot3_ws/install/turtlebot3_gazebo:/u/97/habibip1/unix/turtlebot3_ws/install/turtlebot3_description:/u/97/habibip1/unix/turtlebot3_ws/install/turtlebot3_cartographer:/u/97/habibip1/unix/turtlebot3_ws/install/sam_bot_description:/u/97/habibip1/unix/turtlebot3_ws/install/nav2_straightline_planner:/u/97/habibip1/unix/turtlebot3_ws/install/nav2_pure_pursuit_controller:/u/97/habibip1/unix/turtlebot3_ws/install/nav2_minimal_tb4_sim:/u/97/habibip1/unix/turtlebot3_ws/install/nav2_minimal_tb4_description:/u/97/habibip1/unix/turtlebot3_ws/install/nav2_gradient_costmap_plugin:/u/97/habibip1/unix/turtlebot3_ws/install/nav2_costmap_filters_demo:/u/97/habibip1/unix/turtlebot3_ws/install/mapviz_interfaces:/u/97/habibip1/unix/turtlebot3_ws/install/fast_lio:/u/97/habibip1/unix/turtlebot3_ws/install/lio_sam:/u/97/habibip1/unix/turtlebot3_ws/install/kinematic_icp:/u/97/habibip1/unix/turtlebot3_ws/install/dynamixel_sdk_custom_interfaces:/u/97/habibip1/unix/turtlebot3_ws/install/dynamixel_sdk:/u/97/habibip1/unix/turtlebot3_ws/install/direct_lidar_inertial_odometry:/u/97/habibip1/unix/turtlebot3_ws/install/turtlebot3_teleop:/u/97/habibip1/unix/turtlebot3_ws/install/turtlebot3_example:/u/97/habibip1/unix/turtlebot3_ws/install/nav2_minimal_tb3_sim:/u/97/habibip1/unix/smeak_ws/install/rovesugv_navsim:/opt/ros/humble:/u/97/habibip1/unix/smeak_ws/install/road_nav_interfaces:/u/97/habibip1/unix/turtlebot3_ws/src/ws_livox/install/livox_ros_driver2 CONDA_PROMPT_MODIFIER=(base) /u/97/habibip1/unix/.local/bin/cmake --install /u/97/habibip1/unix/ros2_ws/src/regnonrep/build/regnonrep
[0.438s] Level 1:colcon.colcon_core.environment:create_environment_scripts_only(regnonrep)
[0.440s] DEBUG:colcon.colcon_core.event_handler.log_command:Invoked command in '/u/97/habibip1/unix/ros2_ws/src/regnonrep/build/regnonrep' returned '0': CMAKE_PREFIX_PATH=/u/97/habibip1/unix/ros2_ws/install/regnonrep:/u/97/habibip1/unix/ros2_ws/install/point_lio:/u/97/habibip1/unix/turtlebot3_ws/install/turtlebot3_navigation2:/u/97/habibip1/unix/turtlebot3_ws/install/turtlebot3_msgs:/u/97/habibip1/unix/turtlebot3_ws/install/turtlebot3_manipulation_gazebo:/u/97/habibip1/unix/turtlebot3_ws/install/turtlebot3_gazebo:/u/97/habibip1/unix/turtlebot3_ws/install/turtlebot3_description:/u/97/habibip1/unix/turtlebot3_ws/install/turtlebot3_cartographer:/u/97/habibip1/unix/turtlebot3_ws/install/sam_bot_description:/u/97/habibip1/unix/turtlebot3_ws/install/nav2_straightline_planner:/u/97/habibip1/unix/turtlebot3_ws/install/nav2_pure_pursuit_controller:/u/97/habibip1/unix/turtlebot3_ws/install/nav2_minimal_tb4_sim:/u/97/habibip1/unix/turtlebot3_ws/install/nav2_minimal_tb4_description:/u/97/habibip1/unix/turtlebot3_ws/install/nav2_gradient_costmap_plugin:/u/97/habibip1/unix/turtlebot3_ws/install/nav2_costmap_filters_demo:/u/97/habibip1/unix/turtlebot3_ws/install/mapviz_interfaces:/u/97/habibip1/unix/turtlebot3_ws/install/fast_lio:/u/97/habibip1/unix/turtlebot3_ws/install/lio_sam:/u/97/habibip1/unix/turtlebot3_ws/install/kinematic_icp:/u/97/habibip1/unix/turtlebot3_ws/install/dynamixel_sdk_custom_interfaces:/u/97/habibip1/unix/turtlebot3_ws/install/dynamixel_sdk:/u/97/habibip1/unix/turtlebot3_ws/install/direct_lidar_inertial_odometry:/u/97/habibip1/unix/turtlebot3_ws/install/turtlebot3_teleop:/u/97/habibip1/unix/turtlebot3_ws/install/turtlebot3_example:/u/97/habibip1/unix/turtlebot3_ws/install/nav2_minimal_tb3_sim:/u/97/habibip1/unix/smeak_ws/install/rovesugv_navsim:/opt/ros/humble:/u/97/habibip1/unix/smeak_ws/install/road_nav_interfaces:/u/97/habibip1/unix/turtlebot3_ws/src/ws_livox/install/livox_ros_driver2 CONDA_PROMPT_MODIFIER=(base) /u/97/habibip1/unix/.local/bin/cmake --install /u/97/habibip1/unix/ros2_ws/src/regnonrep/build/regnonrep
[0.442s] Level 1:colcon.colcon_core.environment:checking '/u/97/habibip1/unix/ros2_ws/src/regnonrep/install/regnonrep' for CMake module files
[0.442s] Level 1:colcon.colcon_core.environment:checking '/u/97/habibip1/unix/ros2_ws/src/regnonrep/install/regnonrep' for CMake config files
[0.443s] Level 1:colcon.colcon_core.shell:create_environment_hook('regnonrep', 'cmake_prefix_path')
[0.443s] INFO:colcon.colcon_core.shell:Creating environment hook '/u/97/habibip1/unix/ros2_ws/src/regnonrep/install/regnonrep/share/regnonrep/hook/cmake_prefix_path.ps1'
[0.444s] INFO:colcon.colcon_core.shell:Creating environment descriptor '/u/97/habibip1/unix/ros2_ws/src/regnonrep/install/regnonrep/share/regnonrep/hook/cmake_prefix_path.dsv'
[0.444s] INFO:colcon.colcon_core.shell:Creating environment hook '/u/97/habibip1/unix/ros2_ws/src/regnonrep/install/regnonrep/share/regnonrep/hook/cmake_prefix_path.sh'
[0.445s] Level 1:colcon.colcon_core.environment:checking '/u/97/habibip1/unix/ros2_ws/src/regnonrep/install/regnonrep/lib'
[0.445s] Level 1:colcon.colcon_core.environment:checking '/u/97/habibip1/unix/ros2_ws/src/regnonrep/install/regnonrep/bin'
[0.445s] Level 1:colcon.colcon_core.environment:checking '/u/97/habibip1/unix/ros2_ws/src/regnonrep/install/regnonrep/lib/pkgconfig/regnonrep.pc'
[0.446s] Level 1:colcon.colcon_core.environment:checking '/u/97/habibip1/unix/ros2_ws/src/regnonrep/install/regnonrep/lib/python3.10/site-packages'
[0.446s] Level 1:colcon.colcon_core.environment:checking '/u/97/habibip1/unix/ros2_ws/src/regnonrep/install/regnonrep/bin'
[0.446s] INFO:colcon.colcon_core.shell:Creating package script '/u/97/habibip1/unix/ros2_ws/src/regnonrep/install/regnonrep/share/regnonrep/package.ps1'
[0.447s] INFO:colcon.colcon_core.shell:Creating package descriptor '/u/97/habibip1/unix/ros2_ws/src/regnonrep/install/regnonrep/share/regnonrep/package.dsv'
[0.448s] INFO:colcon.colcon_core.shell:Creating package script '/u/97/habibip1/unix/ros2_ws/src/regnonrep/install/regnonrep/share/regnonrep/package.sh'
[0.449s] INFO:colcon.colcon_core.shell:Creating package script '/u/97/habibip1/unix/ros2_ws/src/regnonrep/install/regnonrep/share/regnonrep/package.bash'
[0.449s] INFO:colcon.colcon_core.shell:Creating package script '/u/97/habibip1/unix/ros2_ws/src/regnonrep/install/regnonrep/share/regnonrep/package.zsh'
[0.450s] Level 1:colcon.colcon_core.environment:create_file_with_runtime_dependencies(/u/97/habibip1/unix/ros2_ws/src/regnonrep/install/regnonrep/share/colcon-core/packages/regnonrep)
[0.451s] Level 1:colcon.colcon_core.environment:create_environment_scripts_only(regnonrep)
[0.451s] Level 1:colcon.colcon_core.environment:checking '/u/97/habibip1/unix/ros2_ws/src/regnonrep/install/regnonrep' for CMake module files
[0.452s] Level 1:colcon.colcon_core.environment:checking '/u/97/habibip1/unix/ros2_ws/src/regnonrep/install/regnonrep' for CMake config files
[0.452s] Level 1:colcon.colcon_core.shell:create_environment_hook('regnonrep', 'cmake_prefix_path')
[0.452s] INFO:colcon.colcon_core.shell:Creating environment hook '/u/97/habibip1/unix/ros2_ws/src/regnonrep/install/regnonrep/share/regnonrep/hook/cmake_prefix_path.ps1'
[0.452s] INFO:colcon.colcon_core.shell:Creating environment descriptor '/u/97/habibip1/unix/ros2_ws/src/regnonrep/install/regnonrep/share/regnonrep/hook/cmake_prefix_path.dsv'
[0.453s] INFO:colcon.colcon_core.shell:Creating environment hook '/u/97/habibip1/unix/ros2_ws/src/regnonrep/install/regnonrep/share/regnonrep/hook/cmake_prefix_path.sh'
[0.453s] Level 1:colcon.colcon_core.environment:checking '/u/97/habibip1/unix/ros2_ws/src/regnonrep/install/regnonrep/lib'
[0.453s] Level 1:colcon.colcon_core.environment:checking '/u/97/habibip1/unix/ros2_ws/src/regnonrep/install/regnonrep/bin'
[0.454s] Level 1:colcon.colcon_core.environment:checking '/u/97/habibip1/unix/ros2_ws/src/regnonrep/install/regnonrep/lib/pkgconfig/regnonrep.pc'
[0.454s] Level 1:colcon.colcon_core.environment:checking '/u/97/habibip1/unix/ros2_ws/src/regnonrep/install/regnonrep/lib/python3.10/site-packages'
[0.454s] Level 1:colcon.colcon_core.environment:checking '/u/97/habibip1/unix/ros2_ws/src/regnonrep/install/regnonrep/bin'
[0.455s] INFO:colcon.colcon_core.shell:Creating package script '/u/97/habibip1/unix/ros2_ws/src/regnonrep/install/regnonrep/share/regnonrep/package.ps1'
[0.455s] INFO:colcon.colcon_core.shell:Creating package descriptor '/u/97/habibip1/unix/ros2_ws/src/regnonrep/install/regnonrep/share/regnonrep/package.dsv'
[0.456s] INFO:colcon.colcon_core.shell:Creating package script '/u/97/habibip1/unix/ros2_ws/src/regnonrep/install/regnonrep/share/regnonrep/package.sh'
[0.456s] INFO:colcon.colcon_core.shell:Creating package script '/u/97/habibip1/unix/ros2_ws/src/regnonrep/install/regnonrep/share/regnonrep/package.bash'
[0.457s] INFO:colcon.colcon_core.shell:Creating package script '/u/97/habibip1/unix/ros2_ws/src/regnonrep/install/regnonrep/share/regnonrep/package.zsh'
[0.457s] Level 1:colcon.colcon_core.environment:create_file_with_runtime_dependencies(/u/97/habibip1/unix/ros2_ws/src/regnonrep/install/regnonrep/share/colcon-core/packages/regnonrep)
[0.458s] DEBUG:colcon.colcon_parallel_executor.executor.parallel:closing loop
[0.458s] DEBUG:colcon.colcon_parallel_executor.executor.parallel:loop closed
[0.458s] DEBUG:colcon.colcon_parallel_executor.executor.parallel:run_until_complete finished with '0'
[0.458s] DEBUG:colcon.colcon_core.event_reactor:joining thread
[0.464s] INFO:colcon.colcon_core.plugin_system:Skipping extension 'colcon_notification.desktop_notification.terminal_notifier': Not used on non-Darwin systems
[0.465s] INFO:colcon.colcon_core.plugin_system:Skipping extension 'colcon_notification.desktop_notification.win32': Not used on non-Windows systems
[0.465s] INFO:colcon.colcon_notification.desktop_notification:Sending desktop notification using 'notify2'
[0.472s] DEBUG:colcon.colcon_core.event_reactor:joined thread
[0.473s] INFO:colcon.colcon_core.shell:Creating prefix script '/u/97/habibip1/unix/ros2_ws/src/regnonrep/install/local_setup.ps1'
[0.473s] INFO:colcon.colcon_core.shell:Creating prefix util module '/u/97/habibip1/unix/ros2_ws/src/regnonrep/install/_local_setup_util_ps1.py'
[0.474s] INFO:colcon.colcon_core.shell:Creating prefix chain script '/u/97/habibip1/unix/ros2_ws/src/regnonrep/install/setup.ps1'
[0.476s] INFO:colcon.colcon_core.shell:Creating prefix script '/u/97/habibip1/unix/ros2_ws/src/regnonrep/install/local_setup.sh'
[0.476s] INFO:colcon.colcon_core.shell:Creating prefix util module '/u/97/habibip1/unix/ros2_ws/src/regnonrep/install/_local_setup_util_sh.py'
[0.477s] INFO:colcon.colcon_core.shell:Creating prefix chain script '/u/97/habibip1/unix/ros2_ws/src/regnonrep/install/setup.sh'
[0.480s] INFO:colcon.colcon_core.shell:Creating prefix script '/u/97/habibip1/unix/ros2_ws/src/regnonrep/install/local_setup.bash'
[0.480s] INFO:colcon.colcon_core.shell:Creating prefix chain script '/u/97/habibip1/unix/ros2_ws/src/regnonrep/install/setup.bash'
[0.483s] INFO:colcon.colcon_core.shell:Creating prefix script '/u/97/habibip1/unix/ros2_ws/src/regnonrep/install/local_setup.zsh'
[0.483s] INFO:colcon.colcon_core.shell:Creating prefix chain script '/u/97/habibip1/unix/ros2_ws/src/regnonrep/install/setup.zsh'
