[0.010s] Invoking command in '/u/97/habibip1/unix/ros2_ws/src/regnonrep/build/regnonrep': CMAKE_PREFIX_PATH=/u/97/habibip1/unix/ros2_ws/install/regnonrep:/u/97/habibip1/unix/ros2_ws/install/point_lio:/u/97/habibip1/unix/turtlebot3_ws/install/turtlebot3_navigation2:/u/97/habibip1/unix/turtlebot3_ws/install/turtlebot3_msgs:/u/97/habibip1/unix/turtlebot3_ws/install/turtlebot3_manipulation_gazebo:/u/97/habibip1/unix/turtlebot3_ws/install/turtlebot3_gazebo:/u/97/habibip1/unix/turtlebot3_ws/install/turtlebot3_description:/u/97/habibip1/unix/turtlebot3_ws/install/turtlebot3_cartographer:/u/97/habibip1/unix/turtlebot3_ws/install/sam_bot_description:/u/97/habibip1/unix/turtlebot3_ws/install/nav2_straightline_planner:/u/97/habibip1/unix/turtlebot3_ws/install/nav2_pure_pursuit_controller:/u/97/habibip1/unix/turtlebot3_ws/install/nav2_minimal_tb4_sim:/u/97/habibip1/unix/turtlebot3_ws/install/nav2_minimal_tb4_description:/u/97/habibip1/unix/turtlebot3_ws/install/nav2_gradient_costmap_plugin:/u/97/habibip1/unix/turtlebot3_ws/install/nav2_costmap_filters_demo:/u/97/habibip1/unix/turtlebot3_ws/install/mapviz_interfaces:/u/97/habibip1/unix/turtlebot3_ws/install/fast_lio:/u/97/habibip1/unix/turtlebot3_ws/install/lio_sam:/u/97/habibip1/unix/turtlebot3_ws/install/kinematic_icp:/u/97/habibip1/unix/turtlebot3_ws/install/dynamixel_sdk_custom_interfaces:/u/97/habibip1/unix/turtlebot3_ws/install/dynamixel_sdk:/u/97/habibip1/unix/turtlebot3_ws/install/direct_lidar_inertial_odometry:/u/97/habibip1/unix/turtlebot3_ws/install/turtlebot3_teleop:/u/97/habibip1/unix/turtlebot3_ws/install/turtlebot3_example:/u/97/habibip1/unix/turtlebot3_ws/install/nav2_minimal_tb3_sim:/u/97/habibip1/unix/smeak_ws/install/rovesugv_navsim:/opt/ros/humble:/u/97/habibip1/unix/smeak_ws/install/road_nav_interfaces:/u/97/habibip1/unix/turtlebot3_ws/src/ws_livox/install/livox_ros_driver2 CONDA_PROMPT_MODIFIER=(base) /u/97/habibip1/unix/.local/bin/cmake --build /u/97/habibip1/unix/ros2_ws/src/regnonrep/build/regnonrep -- -j12 -l12
[0.085s] CMake Deprecation Warning at CMakeLists.txt:1 (cmake_minimum_required):
[0.086s]   Compatibility with CMake < 3.10 will be removed from a future version of
[0.086s]   CMake.
[0.086s] 
[0.086s]   Update the VERSION argument <min> value.  Or, use the <min>...<max> syntax
[0.086s]   to tell CMake that the project requires at least <min> but has been updated
[0.086s]   to work with policies introduced by <max> or earlier.
[0.086s] 
[0.086s] 
[0.090s] -- Found ament_cmake: 1.3.13 (/opt/ros/humble/share/ament_cmake/cmake)
[0.320s] -- Found rclpy: 3.3.20 (/opt/ros/humble/share/rclpy/cmake)
[0.320s] -- Found sensor_msgs: 4.9.1 (/opt/ros/humble/share/sensor_msgs/cmake)
[0.343s] -- Found rosidl_generator_c: 3.1.8 (/opt/ros/humble/share/rosidl_generator_c/cmake)
[0.345s] -- Found rosidl_adapter: 3.1.8 (/opt/ros/humble/share/rosidl_adapter/cmake)
[0.349s] -- Found rosidl_generator_cpp: 3.1.8 (/opt/ros/humble/share/rosidl_generator_cpp/cmake)
[0.356s] -- Using all available rosidl_typesupport_c: rosidl_typesupport_fastrtps_c;rosidl_typesupport_introspection_c
[0.366s] -- Using all available rosidl_typesupport_cpp: rosidl_typesupport_fastrtps_cpp;rosidl_typesupport_introspection_cpp
[0.477s] -- Configuring done (0.4s)
[0.484s] -- Generating done (0.0s)
[0.492s] -- Build files have been written to: /u/97/habibip1/unix/ros2_ws/src/regnonrep/build/regnonrep
[0.509s] Invoked command in '/u/97/habibip1/unix/ros2_ws/src/regnonrep/build/regnonrep' returned '0': CMAKE_PREFIX_PATH=/u/97/habibip1/unix/ros2_ws/install/regnonrep:/u/97/habibip1/unix/ros2_ws/install/point_lio:/u/97/habibip1/unix/turtlebot3_ws/install/turtlebot3_navigation2:/u/97/habibip1/unix/turtlebot3_ws/install/turtlebot3_msgs:/u/97/habibip1/unix/turtlebot3_ws/install/turtlebot3_manipulation_gazebo:/u/97/habibip1/unix/turtlebot3_ws/install/turtlebot3_gazebo:/u/97/habibip1/unix/turtlebot3_ws/install/turtlebot3_description:/u/97/habibip1/unix/turtlebot3_ws/install/turtlebot3_cartographer:/u/97/habibip1/unix/turtlebot3_ws/install/sam_bot_description:/u/97/habibip1/unix/turtlebot3_ws/install/nav2_straightline_planner:/u/97/habibip1/unix/turtlebot3_ws/install/nav2_pure_pursuit_controller:/u/97/habibip1/unix/turtlebot3_ws/install/nav2_minimal_tb4_sim:/u/97/habibip1/unix/turtlebot3_ws/install/nav2_minimal_tb4_description:/u/97/habibip1/unix/turtlebot3_ws/install/nav2_gradient_costmap_plugin:/u/97/habibip1/unix/turtlebot3_ws/install/nav2_costmap_filters_demo:/u/97/habibip1/unix/turtlebot3_ws/install/mapviz_interfaces:/u/97/habibip1/unix/turtlebot3_ws/install/fast_lio:/u/97/habibip1/unix/turtlebot3_ws/install/lio_sam:/u/97/habibip1/unix/turtlebot3_ws/install/kinematic_icp:/u/97/habibip1/unix/turtlebot3_ws/install/dynamixel_sdk_custom_interfaces:/u/97/habibip1/unix/turtlebot3_ws/install/dynamixel_sdk:/u/97/habibip1/unix/turtlebot3_ws/install/direct_lidar_inertial_odometry:/u/97/habibip1/unix/turtlebot3_ws/install/turtlebot3_teleop:/u/97/habibip1/unix/turtlebot3_ws/install/turtlebot3_example:/u/97/habibip1/unix/turtlebot3_ws/install/nav2_minimal_tb3_sim:/u/97/habibip1/unix/smeak_ws/install/rovesugv_navsim:/opt/ros/humble:/u/97/habibip1/unix/smeak_ws/install/road_nav_interfaces:/u/97/habibip1/unix/turtlebot3_ws/src/ws_livox/install/livox_ros_driver2 CONDA_PROMPT_MODIFIER=(base) /u/97/habibip1/unix/.local/bin/cmake --build /u/97/habibip1/unix/ros2_ws/src/regnonrep/build/regnonrep -- -j12 -l12
[0.605s] Invoking command in '/u/97/habibip1/unix/ros2_ws/src/regnonrep/build/regnonrep': CMAKE_PREFIX_PATH=/u/97/habibip1/unix/ros2_ws/install/regnonrep:/u/97/habibip1/unix/ros2_ws/install/point_lio:/u/97/habibip1/unix/turtlebot3_ws/install/turtlebot3_navigation2:/u/97/habibip1/unix/turtlebot3_ws/install/turtlebot3_msgs:/u/97/habibip1/unix/turtlebot3_ws/install/turtlebot3_manipulation_gazebo:/u/97/habibip1/unix/turtlebot3_ws/install/turtlebot3_gazebo:/u/97/habibip1/unix/turtlebot3_ws/install/turtlebot3_description:/u/97/habibip1/unix/turtlebot3_ws/install/turtlebot3_cartographer:/u/97/habibip1/unix/turtlebot3_ws/install/sam_bot_description:/u/97/habibip1/unix/turtlebot3_ws/install/nav2_straightline_planner:/u/97/habibip1/unix/turtlebot3_ws/install/nav2_pure_pursuit_controller:/u/97/habibip1/unix/turtlebot3_ws/install/nav2_minimal_tb4_sim:/u/97/habibip1/unix/turtlebot3_ws/install/nav2_minimal_tb4_description:/u/97/habibip1/unix/turtlebot3_ws/install/nav2_gradient_costmap_plugin:/u/97/habibip1/unix/turtlebot3_ws/install/nav2_costmap_filters_demo:/u/97/habibip1/unix/turtlebot3_ws/install/mapviz_interfaces:/u/97/habibip1/unix/turtlebot3_ws/install/fast_lio:/u/97/habibip1/unix/turtlebot3_ws/install/lio_sam:/u/97/habibip1/unix/turtlebot3_ws/install/kinematic_icp:/u/97/habibip1/unix/turtlebot3_ws/install/dynamixel_sdk_custom_interfaces:/u/97/habibip1/unix/turtlebot3_ws/install/dynamixel_sdk:/u/97/habibip1/unix/turtlebot3_ws/install/direct_lidar_inertial_odometry:/u/97/habibip1/unix/turtlebot3_ws/install/turtlebot3_teleop:/u/97/habibip1/unix/turtlebot3_ws/install/turtlebot3_example:/u/97/habibip1/unix/turtlebot3_ws/install/nav2_minimal_tb3_sim:/u/97/habibip1/unix/smeak_ws/install/rovesugv_navsim:/opt/ros/humble:/u/97/habibip1/unix/smeak_ws/install/road_nav_interfaces:/u/97/habibip1/unix/turtlebot3_ws/src/ws_livox/install/livox_ros_driver2 CONDA_PROMPT_MODIFIER=(base) /u/97/habibip1/unix/.local/bin/cmake --install /u/97/habibip1/unix/ros2_ws/src/regnonrep/build/regnonrep
[0.671s] -- Install configuration: ""
[0.672s] -- Up-to-date: /u/97/habibip1/unix/ros2_ws/src/regnonrep/install/regnonrep/lib/regnonrep/ros_non_rep.py
[0.672s] -- Up-to-date: /u/97/habibip1/unix/ros2_ws/src/regnonrep/install/regnonrep/lib/regnonrep/ros_lio.py
[0.672s] -- Up-to-date: /u/97/habibip1/unix/ros2_ws/src/regnonrep/install/regnonrep/lib/regnonrep/Pctools.py
[0.672s] -- Up-to-date: /u/97/habibip1/unix/ros2_ws/src/regnonrep/install/regnonrep/lib/regnonrep/odom_to_tum.py
[0.672s] -- Up-to-date: /u/97/habibip1/unix/ros2_ws/src/regnonrep/install/regnonrep/lib/regnonrep/csv_to_tum.py
[0.672s] -- Installing: /u/97/habibip1/unix/ros2_ws/src/regnonrep/install/regnonrep/lib/regnonrep/livox_to_pc2.py
[0.672s] -- Up-to-date: /u/97/habibip1/unix/ros2_ws/src/regnonrep/install/regnonrep/share/regnonrep/config
[0.673s] -- Up-to-date: /u/97/habibip1/unix/ros2_ws/src/regnonrep/install/regnonrep/share/regnonrep/config/lio_tier_horizen.yaml
[0.673s] -- Up-to-date: /u/97/habibip1/unix/ros2_ws/src/regnonrep/install/regnonrep/share/regnonrep/config/lio.yaml
[0.673s] -- Up-to-date: /u/97/habibip1/unix/ros2_ws/src/regnonrep/install/regnonrep/share/regnonrep/config/non_rep_lidar.yaml
[0.673s] -- Up-to-date: /u/97/habibip1/unix/ros2_ws/src/regnonrep/install/regnonrep/share/regnonrep/config/lio_tier_avia.yaml
[0.673s] -- Up-to-date: /u/97/habibip1/unix/ros2_ws/src/regnonrep/install/regnonrep/share/regnonrep/launch
[0.673s] -- Up-to-date: /u/97/habibip1/unix/ros2_ws/src/regnonrep/install/regnonrep/share/regnonrep/launch/non_rep_lidar.launch.py
[0.673s] -- Up-to-date: /u/97/habibip1/unix/ros2_ws/src/regnonrep/install/regnonrep/share/regnonrep/launch/lio_tier_horizen.launch.py
[0.673s] -- Installing: /u/97/habibip1/unix/ros2_ws/src/regnonrep/install/regnonrep/share/regnonrep/launch/lio_tier.launch.py
[0.673s] -- Up-to-date: /u/97/habibip1/unix/ros2_ws/src/regnonrep/install/regnonrep/share/regnonrep/launch/lio.launch.py
[0.673s] -- Up-to-date: /u/97/habibip1/unix/ros2_ws/src/regnonrep/install/regnonrep/share/ament_index/resource_index/package_run_dependencies/regnonrep
[0.673s] -- Installing: /u/97/habibip1/unix/ros2_ws/src/regnonrep/install/regnonrep/share/ament_index/resource_index/parent_prefix_path/regnonrep
[0.673s] -- Up-to-date: /u/97/habibip1/unix/ros2_ws/src/regnonrep/install/regnonrep/share/regnonrep/environment/ament_prefix_path.sh
[0.674s] -- Installing: /u/97/habibip1/unix/ros2_ws/src/regnonrep/install/regnonrep/share/regnonrep/environment/ament_prefix_path.dsv
[0.674s] -- Up-to-date: /u/97/habibip1/unix/ros2_ws/src/regnonrep/install/regnonrep/share/regnonrep/environment/path.sh
[0.674s] -- Installing: /u/97/habibip1/unix/ros2_ws/src/regnonrep/install/regnonrep/share/regnonrep/environment/path.dsv
[0.674s] -- Up-to-date: /u/97/habibip1/unix/ros2_ws/src/regnonrep/install/regnonrep/share/regnonrep/local_setup.bash
[0.674s] -- Up-to-date: /u/97/habibip1/unix/ros2_ws/src/regnonrep/install/regnonrep/share/regnonrep/local_setup.sh
[0.674s] -- Up-to-date: /u/97/habibip1/unix/ros2_ws/src/regnonrep/install/regnonrep/share/regnonrep/local_setup.zsh
[0.674s] -- Installing: /u/97/habibip1/unix/ros2_ws/src/regnonrep/install/regnonrep/share/regnonrep/local_setup.dsv
[0.674s] -- Installing: /u/97/habibip1/unix/ros2_ws/src/regnonrep/install/regnonrep/share/regnonrep/package.dsv
[0.674s] -- Up-to-date: /u/97/habibip1/unix/ros2_ws/src/regnonrep/install/regnonrep/share/ament_index/resource_index/packages/regnonrep
[0.674s] -- Up-to-date: /u/97/habibip1/unix/ros2_ws/src/regnonrep/install/regnonrep/share/regnonrep/cmake/regnonrepConfig.cmake
[0.674s] -- Up-to-date: /u/97/habibip1/unix/ros2_ws/src/regnonrep/install/regnonrep/share/regnonrep/cmake/regnonrepConfig-version.cmake
[0.674s] -- Up-to-date: /u/97/habibip1/unix/ros2_ws/src/regnonrep/install/regnonrep/share/regnonrep/package.xml
[0.675s] Invoked command in '/u/97/habibip1/unix/ros2_ws/src/regnonrep/build/regnonrep' returned '0': CMAKE_PREFIX_PATH=/u/97/habibip1/unix/ros2_ws/install/regnonrep:/u/97/habibip1/unix/ros2_ws/install/point_lio:/u/97/habibip1/unix/turtlebot3_ws/install/turtlebot3_navigation2:/u/97/habibip1/unix/turtlebot3_ws/install/turtlebot3_msgs:/u/97/habibip1/unix/turtlebot3_ws/install/turtlebot3_manipulation_gazebo:/u/97/habibip1/unix/turtlebot3_ws/install/turtlebot3_gazebo:/u/97/habibip1/unix/turtlebot3_ws/install/turtlebot3_description:/u/97/habibip1/unix/turtlebot3_ws/install/turtlebot3_cartographer:/u/97/habibip1/unix/turtlebot3_ws/install/sam_bot_description:/u/97/habibip1/unix/turtlebot3_ws/install/nav2_straightline_planner:/u/97/habibip1/unix/turtlebot3_ws/install/nav2_pure_pursuit_controller:/u/97/habibip1/unix/turtlebot3_ws/install/nav2_minimal_tb4_sim:/u/97/habibip1/unix/turtlebot3_ws/install/nav2_minimal_tb4_description:/u/97/habibip1/unix/turtlebot3_ws/install/nav2_gradient_costmap_plugin:/u/97/habibip1/unix/turtlebot3_ws/install/nav2_costmap_filters_demo:/u/97/habibip1/unix/turtlebot3_ws/install/mapviz_interfaces:/u/97/habibip1/unix/turtlebot3_ws/install/fast_lio:/u/97/habibip1/unix/turtlebot3_ws/install/lio_sam:/u/97/habibip1/unix/turtlebot3_ws/install/kinematic_icp:/u/97/habibip1/unix/turtlebot3_ws/install/dynamixel_sdk_custom_interfaces:/u/97/habibip1/unix/turtlebot3_ws/install/dynamixel_sdk:/u/97/habibip1/unix/turtlebot3_ws/install/direct_lidar_inertial_odometry:/u/97/habibip1/unix/turtlebot3_ws/install/turtlebot3_teleop:/u/97/habibip1/unix/turtlebot3_ws/install/turtlebot3_example:/u/97/habibip1/unix/turtlebot3_ws/install/nav2_minimal_tb3_sim:/u/97/habibip1/unix/smeak_ws/install/rovesugv_navsim:/opt/ros/humble:/u/97/habibip1/unix/smeak_ws/install/road_nav_interfaces:/u/97/habibip1/unix/turtlebot3_ws/src/ws_livox/install/livox_ros_driver2 CONDA_PROMPT_MODIFIER=(base) /u/97/habibip1/unix/.local/bin/cmake --install /u/97/habibip1/unix/ros2_ws/src/regnonrep/build/regnonrep
